0.002143, 0.003415, 0.000789, -0.047900, -0.182620, 9.769285, -0.113007, 0.172622, 0.386208, 960.017029, 1.000000, -0.000746, 0.000235, 0.000008, -0.001492, 0.000471, 0.000015
0.004013, 0.003415, 0.000789, -0.037722, -0.177231, 9.771081, -0.113719, 0.172575, 0.388367, 980.015076, 0.999999, -0.001409, 0.000414, 0.000016, -0.002819, 0.000828, 0.000030
0.001520, 0.003726, -0.000458, -0.040117, -0.180824, 9.781260, -0.112533, 0.172774, 0.387730, 1000.015076, 0.999998, -0.002075, 0.000595, 0.000011, -0.004150, 0.001189, 0.000019
0.004636, 0.003415, 0.000477, -0.045505, -0.179028, 9.761501, -0.112296, 0.171097, 0.390326, 1020.015076, 0.999996, -0.002666, 0.000784, 0.000016, -0.005332, 0.001567, 0.000027
0.000897, 0.002480, 0.000477, -0.046703, -0.178429, 9.775871, -0.111940, 0.171363, 0.384249, 1040.015015, 0.999994, -0.003257, 0.000956, 0.000020, -0.006514, 0.001913, 0.000034
0.004013, 0.001234, 0.000477, -0.047900, -0.179028, 9.758508, -0.114549, 0.170586, 0.388552, 1060.015015, 0.999992, -0.003786, 0.001111, 0.000025, -0.007572, 0.002222, 0.000041
0.001831, 0.003103, 0.001723, -0.050295, -0.180824, 9.768087, -0.115498, 0.174391, 0.388705, 1080.015015, 0.999990, -0.004313, 0.001285, 0.000042, -0.008625, 0.002570, 0.000073
0.003389, 0.002168, -0.001081, -0.053289, -0.184417, 9.772279, -0.116921, 0.167770, 0.392902, 1100.015015, 0.999987, -0.004807, 0.001451, 0.000031, -0.009614, 0.002902, 0.000048
0.002766, 0.003103, -0.000769, -0.052690, -0.188608, 9.770483, -0.112889, 0.172509, 0.387977, 1120.015015, 0.999985, -0.005296, 0.001613, 0.000023, -0.010591, 0.003226, 0.000029
0.006817, 0.003415, -0.000146, -0.049697, -0.182021, 9.774673, -0.117632, 0.171711, 0.388875, 1140.015015, 0.999982, -0.005686, 0.001755, 0.000021, -0.011372, 0.003510, 0.000022
0.002766, 0.001234, -0.003262, -0.038320, -0.178429, 9.765094, -0.117751, 0.174484, 0.389488, 1160.015015, 0.999980, -0.006079, 0.001817, -0.000012, -0.012158, 0.003634, -0.000046
0.002143, 0.002480, -0.000458, -0.039518, -0.180225, 9.772279, -0.115260, 0.169693, 0.385990, 1180.015015, 0.999977, -0.006460, 0.001893, -0.000017, -0.012921, 0.003785, -0.000059
0.002766, 0.001234, -0.000769, -0.048499, -0.186213, 9.773477, -0.113007, 0.173589, 0.377879, 1200.015015, 0.999975, -0.006836, 0.001988, -0.000025, -0.013672, 0.003975, -0.000077
0.002766, 0.003103, 0.000789, -0.042512, -0.184417, 9.767488, -0.113600, 0.166539, 0.384461, 1220.015015, 0.999972, -0.007180, 0.002070, -0.000018, -0.014361, 0.004140, -0.000065
0.001208, 0.004973, -0.000458, -0.038320, -0.174238, 9.767488, -0.112296, 0.173878, 0.386376, 1240.015015, 0.999970, -0.007474, 0.002147, -0.000023, -0.014949, 0.004293, -0.000078
0.002143, 0.005284, 0.000477, -0.038919, -0.174238, 9.757310, -0.113600, 0.174879, 0.386552, 1260.015015, 0.999968, -0.007740, 0.002223, -0.000019, -0.015479, 0.004445, -0.000073
0.000897, 0.004973, -0.000146, -0.038919, -0.181423, 9.769285, -0.113956, 0.170141, 0.385742, 1280.015015, 0.999965, -0.008028, 0.002289, -0.000022, -0.016056, 0.004578, -0.000080
0.002455, 0.002168, 0.001723, -0.049697, -0.177830, 9.762699, -0.116446, 0.169856, 0.388414, 1300.015015, 0.999963, -0.008265, 0.002367, -0.000005, -0.016531, 0.004734, -0.000048
0.000273, 0.004038, 0.000477, -0.042512, -0.183818, 9.759107, -0.112770, 0.169374, 0.390645, 1320.015015, 0.999961, -0.008533, 0.002427, -0.000001, -0.017067, 0.004855, -0.000043
0.001831, 0.003103, 0.000477, -0.038320, -0.182620, 9.774673, -0.120597, 0.172362, 0.378406, 1340.015015, 0.999959, -0.008760, 0.002455, 0.000003, -0.017520, 0.004910, -0.000036
-0.000350, 0.004350, 0.000165, -0.044907, -0.179626, 9.759107, -0.119174, 0.174390, 0.386709, 1360.015015, 0.999956, -0.008980, 0.002520, 0.000004, -0.017959, 0.005040, -0.000037
0.002455, 0.003726, -0.000146, -0.046703, -0.179028, 9.775871, -0.120834, 0.176093, 0.391097, 1380.015015, 0.999955, -0.009151, 0.002580, 0.000002, -0.018301, 0.005160, -0.000043
0.006817, 0.001857, -0.000146, -0.037722, -0.171843, 9.773477, -0.116802, 0.172975, 0.389803, 1400.015015, 0.999954, -0.009234, 0.002579, 0.000000, -0.018469, 0.005158, -0.000048
0.001520, 0.001234, 0.002035, -0.052092, -0.183219, 9.763297, -0.116209, 0.169992, 0.385375, 1420.015015, 0.999952, -0.009412, 0.002631, 0.000020, -0.018824, 0.005262, -0.000009
0.004013, 0.004038, -0.000146, -0.044308, -0.181423, 9.761501, -0.115142, 0.170547, 0.388049, 1440.015015, 0.999951, -0.009543, 0.002674, 0.000018, -0.019086, 0.005348, -0.000015
0.002455, 0.005284, 0.001412, -0.053289, -0.182021, 9.772878, -0.116921, 0.169945, 0.384746, 1460.015015, 0.999949, -0.009680, 0.002763, 0.000032, -0.019360, 0.005525, 0.000010
0.002766, 0.004038, 0.001100, -0.048499, -0.181423, 9.766292, -0.115260, 0.172473, 0.385841, 1480.015015, 0.999948, -0.009800, 0.002812, 0.000042, -0.019601, 0.005624, 0.000029
0.001520, 0.004661, 0.000789, -0.043110, -0.185015, 9.759705, -0.113244, 0.172002, 0.384031, 1500.015015, 0.999947, -0.009938, 0.002840, 0.000049, -0.019876, 0.005680, 0.000041
0.003389, 0.002792, -0.000769, -0.038320, -0.181423, 9.769884, -0.113482, 0.173920, 0.390824, 1520.015015, 0.999946, -0.010029, 0.002825, 0.000040, -0.020058, 0.005651, 0.000023
0.001208, 0.002792, 0.002970, -0.043709, -0.181423, 9.778266, -0.114905, 0.168628, 0.389875, 1540.015015, 0.999945, -0.010132, 0.002833, 0.000069, -0.020265, 0.005667, 0.000081
0.005570, 0.004973, 0.001100, -0.051493, -0.189207, 9.774076, -0.116684, 0.172741, 0.391948, 1560.015015, 0.999944, -0.010215, 0.002893, 0.000079, -0.020430, 0.005787, 0.000099
-0.000038, 0.003726, 0.001412, -0.055684, -0.177830, 9.767488, -0.114667, 0.169490, 0.392187, 1580.015015, 0.999943, -0.010299, 0.002953, 0.000093, -0.020597, 0.005907, 0.000125
0.001520, 0.002480, 0.000165, -0.043110, -0.177830, 9.761501, -0.116091, 0.176165, 0.383961, 1600.015137, 0.999942, -0.010358, 0.002942, 0.000094, -0.020716, 0.005887, 0.000127
0.001520, 0.003726, 0.002346, -0.047900, -0.180824, 9.767488, -0.113600, 0.170165, 0.380036, 1620.015137, 0.999941, -0.010422, 0.002964, 0.000117, -0.020844, 0.005930, 0.000172
0.002766, 0.001857, -0.000146, -0.046104, -0.185015, 9.765693, -0.113007, 0.168633, 0.389479, 1640.015137, 0.999941, -0.010484, 0.002956, 0.000115, -0.020968, 0.005915, 0.000168
0.000897, 0.002480, 0.001100, -0.055684, -0.182620, 9.766292, -0.111347, 0.169468, 0.383665, 1660.015137, 0.999940, -0.010547, 0.002995, 0.000126, -0.021094, 0.005992, 0.000188
0.001520, 0.003726, 0.000477, -0.044308, -0.186812, 9.769884, -0.111821, 0.171733, 0.385783, 1680.015137, 0.999939, -0.010614, 0.002994, 0.000129, -0.021227, 0.005991, 0.000195
-0.001285, 0.002792, 0.001412, -0.040715, -0.185614, 9.758508, -0.110991, 0.172876, 0.393551, 1700.015137, 0.999938, -0.010697, 0.002968, 0.000143, -0.021393, 0.005938, 0.000222
0.000273, 0.002480, 0.000165, -0.041314, -0.182620, 9.769285, -0.111584, 0.173199, 0.388625, 1720.015137, 0.999938, -0.010742, 0.002941, 0.000144, -0.021483, 0.005884, 0.000224
0.000897, 0.003726, -0.000769, -0.044308, -0.171244, 9.761501, -0.108619, 0.171099, 0.387886, 1740.015137, 0.999938, -0.010727, 0.002939, 0.000135, -0.021453, 0.005881, 0.000207
0.002766, 0.003103, -0.000146, -0.038320, -0.173040, 9.777668, -0.111940, 0.172451, 0.389487, 1760.015137, 0.999939, -0.010696, 0.002905, 0.000133, -0.021392, 0.005812, 0.000203
0.000273, 0.001545, -0.000146, -0.049098, -0.175435, 9.763896, -0.111466, 0.175383, 0.386425, 1780.015137, 0.999939, -0.010700, 0.002901, 0.000131, -0.021400, 0.005805, 0.000200
0.000897, 0.001857, 0.000477, -0.035327, -0.182021, 9.766891, -0.115972, 0.172788, 0.390549, 1800.015137, 0.999938, -0.010721, 0.002842, 0.000135, -0.021443, 0.005687, 0.000209
0.003078, 0.001857, 0.002035, -0.039518, -0.180824, 9.769884, -0.114667, 0.174083, 0.390207, 1820.015137, 0.999939, -0.010711, 0.002803, 0.000154, -0.021421, 0.005610, 0.000248
0.001520, 0.003415, 0.000165, -0.053888, -0.176633, 9.762699, -0.113482, 0.171623, 0.390357, 1840.015137, 0.999939, -0.010697, 0.002842, 0.000156, -0.021393, 0.005687, 0.000251
0.003078, 0.002168, 0.001100, -0.047302, -0.180824, 9.768686, -0.115023, 0.169829, 0.396259, 1860.015137, 0.999939, -0.010682, 0.002837, 0.000166, -0.021363, 0.005678, 0.000272
0.003078, 0.004038, 0.000789, -0.041314, -0.183219, 9.777069, -0.113126, 0.174185, 0.398055, 1880.015137, 0.999939, -0.010674, 0.002825, 0.000173, -0.021348, 0.005654, 0.000286
0.000897, 0.005596, -0.000146, -0.047900, -0.182021, 9.771680, -0.115853, 0.174247, 0.388956, 1900.015137, 0.999939, -0.010682, 0.002856, 0.000171, -0.021363, 0.005715, 0.000280
0.001208, 0.000922, -0.000458, -0.045505, -0.170645, 9.766891, -0.112296, 0.170735, 0.396396, 1920.015137, 0.999940, -0.010635, 0.002826, 0.000166, -0.021270, 0.005656, 0.000271
0.000273, 0.004350, 0.001412, -0.042512, -0.186213, 9.758508, -0.113482, 0.168722, 0.394049, 1940.015137, 0.999939, -0.010664, 0.002820, 0.000179, -0.021327, 0.005644, 0.000298
-0.000973, 0.004973, 0.000789, -0.049697, -0.178429, 9.774076, -0.112770, 0.173242, 0.394468, 1960.014038, 0.999939, -0.010666, 0.002849, 0.000186, -0.021332, 0.005703, 0.000312
0.000897, 0.004038, -0.000146, -0.041913, -0.182021, 9.771081, -0.113007, 0.175039, 0.393904, 1980.015137, 0.999939, -0.010662, 0.002833, 0.000184, -0.021323, 0.005670, 0.000307
0.003389, 0.003726, 0.001100, -0.038919, -0.173040, 9.765094, -0.115142, 0.171272, 0.390485, 2000.015137, 0.999940, -0.010592, 0.002802, 0.000194, -0.021185, 0.005607, 0.000328
0.003078, 0.002792, -0.001393, -0.054487, -0.182021, 9.765693, -0.110873, 0.172642, 0.393414, 2020.015137, 0.999940, -0.010566, 0.002827, 0.000180, -0.021132, 0.005657, 0.000299
0.001831, 0.004661, -0.000146, -0.045505, -0.180824, 9.769884, -0.115972, 0.170733, 0.389838, 2040.015137, 0.999940, -0.010546, 0.002831, 0.000177, -0.021092, 0.005665, 0.000295
0.000897, 0.002480, 0.000477, -0.043110, -0.179028, 9.772279, -0.115260, 0.171989, 0.383795, 2060.015137, 0.999941, -0.010527, 0.002801, 0.000181, -0.021053, 0.005606, 0.000304
0.002766, 0.002792, -0.000146, -0.037722, -0.176034, 9.765693, -0.112414, 0.173870, 0.393601, 2080.015137, 0.999941, -0.010475, 0.002754, 0.000179, -0.020950, 0.005511, 0.000300
0.000585, 0.001857, 0.002658, -0.036524, -0.183818, 9.763297, -0.114075, 0.172309, 0.390895, 2100.015137, 0.999941, -0.010479, 0.002694, 0.000204, -0.020958, 0.005392, 0.000352
-0.000973, 0.003103, 0.002658, -0.038919, -0.178429, 9.778266, -0.117276, 0.170285, 0.392874, 2120.015137, 0.999942, -0.010472, 0.002659, 0.000230, -0.020944, 0.005323, 0.000405
0.000585, 0.003726, 0.000165, -0.042512, -0.182620, 9.764495, -0.114430, 0.169506, 0.397002, 2140.015137, 0.999942, -0.010466, 0.002647, 0.000231, -0.020932, 0.005300, 0.000407
-0.000038, 0.001857, 0.001412, -0.041913, -0.180225, 9.760303, -0.111110, 0.171176, 0.391586, 2160.015137, 0.999942, -0.010455, 0.002615, 0.000245, -0.020909, 0.005234, 0.000434
0.002143, 0.005284, 0.000789, -0.044907, -0.177830, 9.768686, -0.117395, 0.173057, 0.392093, 2180.015137, 0.999942, -0.010409, 0.002630, 0.000252, -0.020818, 0.005265, 0.000448
0.002143, 0.003415, -0.000146, -0.047302, -0.177830, 9.765693, -0.115498, 0.172457, 0.384068, 2200.015137, 0.999943, -0.010365, 0.002635, 0.000249, -0.020729, 0.005274, 0.000444
0.002143, 0.000299, -0.000146, -0.049098, -0.181423, 9.771680, -0.117632, 0.171711, 0.387608, 2220.015137, 0.999943, -0.010336, 0.002615, 0.000248, -0.020671, 0.005234, 0.000442
0.003078, 0.002792, -0.000769, -0.048499, -0.175435, 9.769884, -0.117276, 0.171372, 0.388859, 2240.015137, 0.999944, -0.010273, 0.002619, 0.000240, -0.020545, 0.005242, 0.000425
0.004324, 0.004661, -0.001081, -0.044308, -0.180225, 9.769884, -0.117276, 0.171977, 0.385333, 2260.015137, 0.999944, -0.010219, 0.002623, 0.000228, -0.020438, 0.005251, 0.000402
0.003701, 0.003103, -0.001704, -0.035327, -0.169448, 9.762699, -0.117632, 0.167481, 0.384152, 2280.015137, 0.999945, -0.010130, 0.002573, 0.000210, -0.020259, 0.005150, 0.000368
0.000585, 0.002480, 0.000789, -0.031135, -0.182620, 9.761501, -0.120123, 0.172151, 0.390688, 2300.015137, 0.999946, -0.010131, 0.002502, 0.000217, -0.020261, 0.005008, 0.000382
0.002143, 0.002792, 0.000789, -0.042512, -0.179626, 9.767488, -0.121308, 0.168688, 0.388159, 2320.015137, 0.999946, -0.010101, 0.002485, 0.000224, -0.020202, 0.004975, 0.000397
0.001831, 0.002792, 0.000165, -0.046104, -0.183818, 9.755514, -0.115260, 0.174165, 0.385399, 2340.015137, 0.999946, -0.010094, 0.002484, 0.000225, -0.020187, 0.004973, 0.000399
0.002143, 0.004661, -0.000146, -0.046104, -0.177231, 9.762699, -0.115853, 0.169533, 0.392073, 2360.015137, 0.999946, -0.010055, 0.002502, 0.000223, -0.020108, 0.005008, 0.000395
0.004013, 0.002792, 0.000477, -0.032932, -0.176034, 9.768087, -0.116565, 0.176496, 0.386386, 2380.015137, 0.999947, -0.009992, 0.002444, 0.000226, -0.019983, 0.004892, 0.000404
0.004636, 0.003726, 0.000477, -0.040715, -0.179626, 9.775272, -0.116091, 0.173143, 0.386128, 2400.015137, 0.999948, -0.009941, 0.002431, 0.000230, -0.019880, 0.004866, 0.000412
0.002766, 0.003415, 0.001723, -0.045505, -0.183818, 9.766891, -0.116209, 0.173740, 0.378546, 2420.015137, 0.999948, -0.009929, 0.002435, 0.000247, -0.019857, 0.004875, 0.000445
0.000897, 0.001857, 0.000477, -0.044308, -0.175435, 9.762100, -0.113244, 0.179738, 0.384325, 2440.015137, 0.999948, -0.009900, 0.002418, 0.000251, -0.019800, 0.004841, 0.000454
0.002143, 0.003726, -0.000146, -0.053888, -0.188009, 9.762100, -0.120123, 0.173843, 0.376050, 2460.015137, 0.999948, -0.009913, 0.002461, 0.000249, -0.019825, 0.004927, 0.000449
0.004013, 0.005284, 0.001412, -0.040117, -0.173040, 9.771680, -0.115260, 0.171385, 0.386307, 2480.015137, 0.999949, -0.009841, 0.002459, 0.000262, -0.019682, 0.004923, 0.000476
0.002143, 0.002792, 0.000165, -0.040117, -0.173040, 9.769285, -0.115260, 0.170297, 0.385632, 2500.015137, 0.999949, -0.009792, 0.002431, 0.000263, -0.019584, 0.004868, 0.000478
0.001208, 0.000610, -0.000146, -0.058079, -0.180824, 9.780662, -0.111228, 0.173223, 0.382286, 2520.015137, 0.999949, -0.009787, 0.002458, 0.000262, -0.019572, 0.004922, 0.000475
0.004324, 0.002792, -0.000769, -0.047900, -0.177830, 9.767488, -0.111584, 0.168727, 0.380978, 2540.015137, 0.999950, -0.009737, 0.002464, 0.000253, -0.019474, 0.004932, 0.000459
0.003701, 0.002480, -0.001704, -0.056283, -0.182620, 9.775272, -0.117751, 0.167957, 0.388988, 2560.015137, 0.999950, -0.009716, 0.002500, 0.000236, -0.019432, 0.005005, 0.000424
-0.000038, 0.001857, -0.000146, -0.041314, -0.183219, 9.760902, -0.113482, 0.173799, 0.383721, 2580.015137, 0.999950, -0.009737, 0.002466, 0.000234, -0.019474, 0.004936, 0.000420
0.002766, 0.004038, -0.001081, -0.045505, -0.178429, 9.761501, -0.116446, 0.169856, 0.386767, 2600.015137, 0.999950, -0.009708, 0.002473, 0.000222, -0.019415, 0.004950, 0.000397
0.000897, 0.002792, 0.001723, -0.039518, -0.171843, 9.763896, -0.115023, 0.168137, 0.379591, 2620.015137, 0.999950, -0.009670, 0.002442, 0.000239, -0.019339, 0.004888, 0.000430
0.003701, 0.001545, 0.000165, -0.046104, -0.179028, 9.761501, -0.117751, 0.177143, 0.379703, 2640.015137, 0.999951, -0.009636, 0.002427, 0.000240, -0.019271, 0.004859, 0.000433
0.001520, 0.003726, -0.000146, -0.046703, -0.176034, 9.767488, -0.119292, 0.174382, 0.380879, 2660.015137, 0.999951, -0.009612, 0.002438, 0.000238, -0.019223, 0.004881, 0.000429
0.002455, 0.001545, 0.001723, -0.039518, -0.182620, 9.762699, -0.119174, 0.172939, 0.383232, 2680.015137, 0.999951, -0.009608, 0.002396, 0.000254, -0.019214, 0.004797, 0.000463
0.002455, 0.003726, 0.002035, -0.044308, -0.180225, 9.772279, -0.117869, 0.171696, 0.383173, 2700.015137, 0.999951, -0.009592, 0.002399, 0.000274, -0.019183, 0.004802, 0.000502
0.000585, 0.003103, -0.000458, -0.053289, -0.178429, 9.774673, -0.117751, 0.168440, 0.375064, 2720.015137, 0.999951, -0.009588, 0.002432, 0.000269, -0.019176, 0.004868, 0.000491
0.004947, 0.001234, -0.000769, -0.058678, -0.176633, 9.774673, -0.117514, 0.172324, 0.380532, 2740.015137, 0.999952, -0.009532, 0.002467, 0.000261, -0.019064, 0.004938, 0.000476
0.003078, 0.001857, 0.000789, -0.052092, -0.182620, 9.772279, -0.119055, 0.174156, 0.385051, 2760.015137, 0.999952, -0.009524, 0.002479, 0.000269, -0.019047, 0.004962, 0.000491
0.002455, 0.002792, -0.000769, -0.045505, -0.181423, 9.769884, -0.115498, 0.173182, 0.382448, 2780.015137, 0.999952, -0.009517, 0.002472, 0.000261, -0.019034, 0.004948, 0.000474
0.004324, 0.004350, -0.001081, -0.052690, -0.180824, 9.776470, -0.115616, 0.172449, 0.385970, 2800.015137, 0.999952, -0.009489, 0.002511, 0.000249, -0.018977, 0.005026, 0.000451
0.002766, 0.003415, 0.001100, -0.043110, -0.179626, 9.761501, -0.115853, 0.172313, 0.387235, 2820.015137, 0.999952, -0.009474, 0.002498, 0.000259, -0.018947, 0.005000, 0.000471
0.002455, 0.002168, 0.000165, -0.037123, -0.183818, 9.765094, -0.113244, 0.173331, 0.382688, 2840.015137, 0.999952, -0.009480, 0.002447, 0.000260, -0.018960, 0.004900, 0.000473
0.002143, 0.002480, -0.000146, -0.049697, -0.171843, 9.771680, -0.114430, 0.170231, 0.388918, 2860.015137, 0.999952, -0.009438, 0.002456, 0.000258, -0.018875, 0.004916, 0.000470
0.004947, 0.003103, -0.002016, -0.048499, -0.181423, 9.772279, -0.118225, 0.173848, 0.386933, 2880.015137, 0.999953, -0.009410, 0.002465, 0.000237, -0.018819, 0.004934, 0.000428
0.003701, 0.002480, -0.000146, -0.055684, -0.183818, 9.770483, -0.119648, 0.168919, 0.383337, 2900.015137, 0.999953, -0.009407, 0.002497, 0.000235, -0.018812, 0.004998, 0.000424
0.004947, 0.002480, -0.000769, -0.040117, -0.182620, 9.773477, -0.116684, 0.170807, 0.387185, 2920.015137, 0.999953, -0.009386, 0.002462, 0.000227, -0.018771, 0.004928, 0.000407
0.002143, 0.002480, 0.000789, -0.043709, -0.180225, 9.756711, -0.116684, 0.172741, 0.391948, 2940.015137, 0.999953, -0.009386, 0.002445, 0.000234, -0.018771, 0.004894, 0.000422
-0.000350, 0.003726, 0.001723, -0.043709, -0.181423, 9.772279, -0.118937, 0.172834, 0.386141, 2960.014160, 0.999953, -0.009414, 0.002440, 0.000250, -0.018827, 0.004885, 0.000455
0.002143, 0.002168, 0.000789, -0.035925, -0.180225, 9.765693, -0.116921, 0.171275, 0.390627, 2980.015137, 0.999953, -0.009410, 0.002388, 0.000257, -0.018820, 0.004780, 0.000470
0.001208, 0.002168, 0.001100, -0.038919, -0.185614, 9.767488, -0.115142, 0.170184, 0.387148, 3000.015137, 0.999953, -0.009439, 0.002351, 0.000267, -0.018876, 0.004706, 0.000490
0.002766, 0.003415, 0.001100, -0.036524, -0.180225, 9.767488, -0.112770, 0.173363, 0.393458, 3020.015137, 0.999953, -0.009426, 0.002318, 0.000277, -0.018852, 0.004642, 0.000511
0.003389, 0.003415, 0.000477, -0.041913, -0.171843, 9.772878, -0.115498, 0.170765, 0.389961, 3040.015137, 0.999953, -0.009373, 0.002310, 0.000281, -0.018745, 0.004625, 0.000520
0.003701, 0.002480, -0.000146, -0.042512, -0.176633, 9.766292, -0.114905, 0.167540, 0.389327, 3060.015137, 0.999954, -0.009340, 0.002295, 0.000279, -0.018679, 0.004595, 0.000516
0.000897, 0.004350, -0.000146, -0.048499, -0.184417, 9.771081, -0.115972, 0.167107, 0.395657, 3080.015137, 0.999953, -0.009369, 0.002325, 0.000277, -0.018738, 0.004655, 0.000511
-0.000350, 0.003726, 0.002658, -0.053289, -0.187410, 9.763896, -0.113363, 0.171994, 0.386821, 3100.015137, 0.999953, -0.009422, 0.002367, 0.000303, -0.018843, 0.004740, 0.000562
0.004636, 0.001857, -0.000769, -0.045505, -0.186213, 9.780662, -0.114075, 0.171463, 0.382371, 3120.015137, 0.999953, -0.009415, 0.002355, 0.000295, -0.018829, 0.004715, 0.000546
0.000585, 0.003415, -0.000146, -0.043110, -0.180824, 9.765693, -0.114905, 0.170683, 0.386784, 3140.015137, 0.999953, -0.009428, 0.002349, 0.000293, -0.018854, 0.004703, 0.000541
0.001831, 0.003415, 0.000789, -0.049098, -0.182021, 9.766891, -0.117632, 0.168931, 0.390291, 3160.015137, 0.999953, -0.009431, 0.002368, 0.000300, -0.018862, 0.004742, 0.000555
0.006505, 0.004661, -0.000769, -0.049098, -0.176633, 9.760303, -0.112770, 0.169132, 0.384426, 3180.015137, 0.999953, -0.009366, 0.002399, 0.000292, -0.018730, 0.004804, 0.000538
0.001520, 0.001234, -0.001081, -0.047900, -0.191003, 9.763896, -0.111110, 0.169725, 0.388236, 3200.015137, 0.999953, -0.009414, 0.002388, 0.000280, -0.018828, 0.004782, 0.000516
0.002766, 0.001857, -0.000769, -0.034728, -0.177231, 9.764495, -0.118344, 0.169126, 0.382319, 3220.015137, 0.999953, -0.009390, 0.002330, 0.000272, -0.018779, 0.004664, 0.000500
-0.006582, -0.030237, -0.004820, -0.099992, -0.156874, 9.759705, -0.113956, 0.169900, 0.383831, 3240.015137, 0.999954, -0.009375, 0.002227, 0.000229, -0.018749, 0.004459, 0.000415
-0.054878, -0.076975, -0.053428, 0.062869, 0.399370, 9.815988, -0.116921, 0.167044, 0.385397, 3260.015137, 0.999971, -0.007513, 0.000985, -0.000296, -0.015028, 0.001966, -0.000607
-0.022473, -0.056722, -0.174948, -0.000599, 0.886756, 9.770483, -0.113482, 0.167634, 0.385769, 3280.015137, 0.999992, -0.003378, 0.000292, -0.002038, -0.006757, 0.000570, -0.004078
0.089700, 0.093464, -0.231346, -0.270637, -1.868714, 10.239906, -0.114905, 0.169958, 0.383842, 3300.015137, 0.999944, -0.009426, 0.002239, -0.004353, -0.018872, 0.004396, -0.008748
-0.031197, -0.050179, -0.247237, 0.265847, 0.208367, 9.841735, -0.117395, 0.168464, 0.385328, 3320.015137, 0.999943, -0.008144, 0.000411, -0.006829, -0.016294, 0.000710, -0.013664
0.192836, 0.155471, -0.327004, 0.463436, -0.459245, 9.827963, -0.118107, 0.169625, 0.390195, 3340.015137, 0.999921, -0.007460, -0.000070, -0.010129, -0.014919, -0.000291, -0.020256
0.219633, 0.216231, -0.249107, 0.268242, -0.577200, 10.288405, -0.120241, 0.172989, 0.384257, 3360.015137, 0.999895, -0.006967, 0.000919, -0.012644, -0.013956, 0.001661, -0.025300
0.244248, 0.417206, -0.427024, -0.616119, 0.292791, 10.887160, -0.127594, 0.172503, 0.384683, 3380.015137, 0.999827, -0.002844, 0.007140, -0.016928, -0.005930, 0.014181, -0.033901
0.261074, 1.114233, -0.212339, 1.240620, 1.023871, 12.011622, -0.139097, 0.174644, 0.376626, 3400.015137, 0.999723, 0.003541, 0.013325, -0.019090, 0.006574, 0.026781, -0.038098
0.119301, 1.740217, 0.342914, 1.677112, -1.243614, 14.093493, -0.146212, 0.172239, 0.380020, 3420.015137, 0.999573, 0.001216, 0.024653, -0.015651, 0.001660, 0.049343, -0.031271
0.057294, 1.237934, 0.184315, 1.235830, -1.580114, 15.470031, -0.156648, 0.173120, 0.375328, 3440.015137, 0.999405, -0.002315, 0.031486, -0.013911, -0.005514, 0.062911, -0.028010
-0.110341, 0.076015, -0.148463, 0.914898, -0.513133, 14.598244, -0.157241, 0.169213, 0.369735, 3460.015137, 0.999514, -0.004886, 0.026665, -0.015418, -0.010604, 0.053178, -0.031130
-0.464619, -0.525042, -0.190528, 1.225651, 0.780776, 12.566668, -0.156885, 0.167907, 0.378681, 3480.015137, 0.999721, -0.006972, 0.014687, -0.017130, -0.014450, 0.029131, -0.034477
-0.646276, -0.554019, -0.523306, 1.444796, -0.815504, 11.863729, -0.154039, 0.158667, 0.381855, 3500.015137, 0.999620, -0.016023, 0.002358, -0.022304, -0.032145, 0.003999, -0.044681
-0.563704, -0.626931, -0.905938, 0.217947, -0.232916, 12.024795, -0.155225, 0.150611, 0.384856, 3520.015137, 0.999264, -0.021485, -0.005773, -0.031253, -0.042594, -0.012881, -0.062258
-0.712956, -0.818248, -0.621145, 0.515528, -0.057480, 11.132650, -0.146805, 0.141377, 0.381770, 3540.015137, 0.998792, -0.027502, -0.016225, -0.037354, -0.053784, -0.034472, -0.073837
-0.989336, -0.813885, -0.224491, 0.824485, 0.198188, 10.429711, -0.144671, 0.131727, 0.385569, 3560.015137, 0.998242, -0.034875, -0.026960, -0.039621, -0.067651, -0.056620, -0.077423
-0.976561, -0.586113, 0.225445, 1.055605, 1.201701, 10.572814, -0.136844, 0.121366, 0.388656, 3580.015137, 0.997949, -0.037706, -0.035425, -0.037687, -0.072848, -0.073612, -0.072809
-0.743803, -0.501984, 0.437326, 0.707728, 0.195194, 10.253677, -0.127594, 0.114483, 0.392497, 3600.015137, 0.997730, -0.041583, -0.041025, -0.033519, -0.080603, -0.084752, -0.063745
-0.569313, -0.602627, 0.437638, -0.308359, 0.101190, 9.521999, -0.124510, 0.108160, 0.394766, 3620.015137, 0.997698, -0.043536, -0.043086, -0.029096, -0.084798, -0.088624, -0.054548
-0.598291, -0.474876, 0.810299, -0.414937, -1.101709, 9.032817, -0.121071, 0.103915, 0.399264, 3640.015137, 0.997568, -0.051009, -0.042738, -0.020749, -0.100550, -0.087496, -0.037188
-0.723550, -0.186655, 0.894428, -0.636476, -1.232836, 8.967552, -0.113363, 0.100799, 0.400726, 3660.015137, 0.997412, -0.059702, -0.038349, -0.011623, -0.118844, -0.077967, -0.018664
-0.718253, -0.184162, 0.926210, -0.955613, -0.388592, 8.895701, -0.110280, 0.095926, 0.405204, 3680.015137, 0.997422, -0.063847, -0.032693, -0.002180, -0.127844, -0.065542, -0.000174
-0.358678, -0.315342, 0.844262, -0.141306, -0.926873, 8.742420, -0.103876, 0.093690, 0.396825, 3700.015137, 0.997243, -0.066437, -0.032396, 0.006564, -0.133601, -0.063784, 0.017432
0.158561, -0.515694, 0.273118, -0.065264, -1.124462, 8.526869, -0.102690, 0.099208, 0.397151, 3720.015137, 0.997265, -0.064449, -0.034781, 0.009935, -0.129902, -0.068143, 0.024357
0.648380, -0.683329, -0.094558, -0.531694, -0.401765, 8.437056, -0.099844, 0.099033, 0.394711, 3740.015137, 0.997814, -0.054201, -0.036480, 0.009961, -0.109392, -0.071783, 0.023896
1.080244, -0.931043, -0.358163, -1.150208, -1.195115, 7.996971, -0.092491, 0.106772, 0.390884, 3760.015137, 0.998283, -0.044418, -0.037353, 0.007890, -0.089638, -0.073945, 0.019125
1.654815, -1.040100, -0.715868, -1.341211, 0.108375, 7.965237, -0.082648, 0.122291, 0.393414, 3780.015137, 0.999008, -0.023051, -0.038026, 0.002199, -0.046374, -0.075948, 0.006164
2.449370, -1.060041, -0.862315, -1.028062, 1.617836, 7.538324, -0.078142, 0.137094, 0.381514, 3800.015137, 0.999107, 0.012638, -0.039969, -0.005333, 0.025764, -0.079817, -0.011704
3.178802, -1.075933, -1.092580, 0.684976, 0.612526, 7.779623, -0.078142, 0.162719, 0.377922, 3820.015137, 0.997470, 0.047713, -0.050506, -0.015068, 0.097341, -0.099483, -0.035059
3.798865, -0.901442, -1.302903, 0.635878, 0.025746, 9.575289, -0.074466, 0.190763, 0.356265, 3840.015137, 0.994535, 0.083107, -0.057467, -0.026290, 0.170173, -0.110160, -0.062263
4.266250, -0.968434, -1.438133, 0.900527, 0.896336, 9.790840, -0.072331, 0.221728, 0.348801, 3860.015137, 0.989412, 0.123593, -0.065548, -0.038635, 0.254184, -0.120448, -0.093467
5.081992, -1.367581, -1.948206, -0.370629, 1.008902, 8.109536, -0.072805, 0.253728, 0.325936, 3880.015137, 0.981217, 0.170190, -0.071042, -0.056576, 0.351729, -0.120450, -0.136619
6.063812, -1.340472, -2.665486, -1.472338, 2.946473, 6.621032, -0.081700, 0.289886, 0.293923, 3900.015137, 0.966090, 0.234455, -0.069727, -0.082702, 0.485551, -0.096093, -0.194608
7.042827, -0.809835, -2.871135, -0.183219, 4.400250, 6.103707, -0.092373, 0.319520, 0.243427, 3920.015137, 0.942051, 0.309460, -0.071270, -0.108145, 0.643290, -0.067398, -0.251060
7.022573, -0.203792, -2.590393, 0.565225, 7.925120, 5.413942, -0.115260, 0.348708, 0.195936, 3940.015137, 0.909463, 0.389027, -0.072920, -0.127345, 0.813351, -0.033561, -0.292691
6.863975, 0.079754, -2.153544, 0.329914, 7.536528, 5.958210, -0.129373, 0.371950, 0.134581, 3960.015137, 0.875722, 0.456247, -0.071897, -0.140640, 0.960220, 0.002411, -0.317224
6.650536, 0.142072, -1.803628, -0.708327, 7.270681, 4.606820, -0.138267, 0.380548, 0.075413, 3980.015137, 0.839141, 0.517944, -0.068060, -0.151474, 1.098852, 0.042699, -0.331027
5.619174, 0.619740, -1.239028, 0.357457, 7.322174, 5.061275, -0.148940, 0.386370, 0.037957, 4000.015137, 0.809970, 0.562316, -0.066049, -0.152927, 1.202918, 0.065037, -0.328576
4.585007, 1.106754, -0.832403, 0.707728, 5.656437, 7.013815, -0.157004, 0.384990, 0.000838, 4020.015137, 0.794757, 0.585188, -0.060627, -0.149132, 1.256968, 0.078254, -0.314087
3.843735, 0.930083, -1.010944, 0.140707, 7.369475, 6.195916, -0.164356, 0.381120, -0.031184, 4040.015137, 0.780096, 0.605414, -0.053493, -0.148538, 1.305238, 0.096543, -0.302498
3.333038, 0.453039, -1.049581, 0.238304, 9.038804, 3.464995, -0.166017, 0.375933, -0.061405, 4060.015137, 0.761291, 0.628957, -0.051304, -0.149055, 1.364547, 0.109604, -0.297618
2.573071, 0.166999, -0.718984, -0.096998, 8.467592, 1.924398, -0.178587, 0.370508, -0.077724, 4080.015137, 0.744893, 0.648280, -0.051744, -0.148963, 1.415008, 0.116315, -0.295249
1.715887, 0.149239, -0.572537, -0.796943, 7.999964, 0.248483, -0.179299, 0.361154, -0.084917, 4100.015137, 0.729717, 0.665373, -0.049802, -0.149372, 1.460091, 0.126429, -0.290633
0.107460, 0.112783, -0.212027, -1.172362, 7.798783, 0.949625, -0.183924, 0.360848, -0.093380, 4120.015137, 0.728854, 0.666440, -0.046541, -0.149882, 1.462252, 0.132317, -0.286911
-1.156348, 0.035509, -0.003885, -0.969384, 9.483679, 1.485511, -0.181552, 0.364148, -0.077940, 4140.015137, 0.737906, 0.656773, -0.044845, -0.148772, 1.435984, 0.129599, -0.284648
-1.939997, -0.034288, 0.299603, -0.122146, 10.745255, 2.314786, -0.180722, 0.370972, -0.062732, 4160.015137, 0.753593, 0.639624, -0.047085, -0.144088, 1.391356, 0.113602, -0.282961
-1.812556, -0.166090, 0.396508, 1.080154, 10.697954, 3.015330, -0.177757, 0.372497, -0.047744, 4180.015137, 0.769087, 0.621900, -0.054063, -0.137195, 1.347461, 0.087597, -0.283112
-2.741094, -0.340892, 0.680054, 1.391506, 12.281661, 2.669249, -0.170997, 0.373549, -0.025836, 4200.015137, 0.787414, 0.599359, -0.063125, -0.129470, 1.293253, 0.055817, -0.283792
-5.469997, -0.283560, 2.206533, -0.037722, 11.201507, 4.739145, -0.152379, 0.383120, 0.026203, 4220.015137, 0.824548, 0.549209, -0.072395, -0.115102, 1.174217, 0.007045, -0.272709
-7.993875, -0.262995, 3.251606, -0.195194, 7.403605, 5.633086, -0.126526, 0.381566, 0.093094, 4240.015137, 0.873835, 0.469913, -0.081007, -0.095030, 0.993232, -0.052286, -0.244989
-8.289263, -0.167336, 2.654599, 1.040037, 6.097720, 5.410948, -0.108501, 0.370792, 0.159323, 4260.015137, 0.914445, 0.387462, -0.088283, -0.076618, 0.812409, -0.102266, -0.211200
-5.752921, 0.009335, 1.697395, 3.410508, 5.573211, 7.751481, -0.100911, 0.350503, 0.199174, 4280.015137, 0.938933, 0.324223, -0.097850, -0.060906, 0.678118, -0.144761, -0.180686
-5.241291, -0.383268, 1.232192, 1.640588, 5.499564, 9.228609, -0.085732, 0.328541, 0.234585, 4300.015137, 0.956835, 0.266912, -0.101491, -0.054071, 0.557469, -0.166118, -0.160542
-5.923672, -0.482042, 1.054274, 2.771038, 2.579436, 7.964039, -0.073636, 0.294529, 0.277171, 4320.015137, 0.972855, 0.197783, -0.110309, -0.047609, 0.414939, -0.197070, -0.139409
-6.303501, 0.115276, 0.584708, -0.055085, 2.186653, 8.720865, -0.071501, 0.261550, 0.312913, 4340.015137, 0.985669, 0.128286, -0.098249, -0.048449, 0.270107, -0.182259, -0.123061
-6.035845, 0.591385, 0.477209, 0.174238, 5.115762, 8.678353, -0.076600, 0.221687, 0.349724, 4360.015137, 0.992194, 0.078045, -0.083760, -0.049439, 0.166003, -0.159166, -0.112843
-5.744509, 0.920424, 1.487072, 1.448388, 4.765491, 9.259146, -0.073280, 0.177304, 0.370067, 4380.015137, 0.996145, 0.031407, -0.072252, -0.038583, 0.068895, -0.141999, -0.082328
-5.673466, 0.950960, 2.339894, 2.186653, -0.769400, 9.767488, -0.072094, 0.134955, 0.383915, 4400.015137, 0.997292, -0.033165, -0.063277, -0.017440, -0.064514, -0.127716, -0.030844
-5.061503, 0.936315, 1.387675, 1.781296, -2.660867, 11.383529, -0.072924, 0.099967, 0.396665, 4420.015137, 0.994369, -0.091824, -0.052592, -0.005671, -0.184079, -0.105831, -0.001629
-3.316289, 0.458648, -0.377482, 0.235909, 1.392105, 11.099718, -0.080751, 0.070440, 0.398277, 4440.015137, 0.992528, -0.113281, -0.043997, -0.010936, -0.226754, -0.089935, -0.011788
-1.149805, -0.464282, -0.767280, -0.540077, 0.085023, 8.073012, -0.077549, 0.062674, 0.404925, 4460.015137, 0.992249, -0.115635, -0.042104, -0.017270, -0.230949, -0.087662, -0.024632
-0.377997, -0.242118, -0.284316, -0.789159, -2.235152, 6.182743, -0.077193, 0.060763, 0.401428, 4480.015137, 0.991440, -0.124459, -0.035219, -0.017801, -0.248772, -0.074334, -0.026608
-0.158326, 0.872439, 0.305523, -0.458646, -2.336342, 6.394104, -0.082648, 0.059557, 0.404345, 4500.015137, 0.991143, -0.130680, -0.019005, -0.014024, -0.261710, -0.041349, -0.022853
-0.120935, 2.005691, 0.581280, -1.240021, -2.343527, 6.058801, -0.098777, 0.062479, 0.399273, 4520.015137, 0.990514, -0.136579, 0.012491, -0.008549, -0.274275, 0.022412, -0.020355
0.401290, 3.233355, 0.257227, -1.820215, -1.863924, 5.118157, -0.120716, 0.061874, 0.395006, 4540.015137, 0.988982, -0.135716, 0.058617, -0.007736, -0.274547, 0.114090, -0.031421
0.348631, 4.687233, 0.628954, -4.349356, -2.786605, 6.156398, -0.160443, 0.069038, 0.385993, 4560.015137, 0.982586, -0.136743, 0.125716, -0.004675, -0.282169, 0.248318, -0.044961
-0.278599, 6.313420, 1.642867, -5.442682, -3.238665, 6.491102, -0.207760, 0.070018, 0.357419, 4580.015137, 0.967719, -0.142621, 0.207708, 0.006020, -0.303626, 0.415582, -0.052047
-0.648457, 7.572244, 1.735098, -5.913902, -2.636318, 9.590258, -0.257449, 0.067941, 0.334074, 4600.015137, 0.945914, -0.144590, 0.289988, 0.015703, -0.323002, 0.586139, -0.065048
0.245495, 6.853094, 1.240293, -4.906198, -0.478405, 9.471704, -0.300971, 0.074733, 0.290477, 4620.015137, 0.925587, -0.131151, 0.354503, 0.020383, -0.309412, 0.722942, -0.073753
1.189300, 6.025200, 0.956746, -7.006031, 1.201701, 7.804172, -0.332279, 0.085959, 0.252012, 4640.015137, 0.903673, -0.105244, 0.414410, 0.023722, -0.262637, 0.854094, -0.067572
1.406167, 6.286624, 1.019376, -7.309600, -1.339415, 10.566228, -0.360266, 0.092932, 0.213863, 4660.015137, 0.880761, -0.086233, 0.465086, 0.022786, -0.232296, 0.967005, -0.070640
0.270733, 6.056671, 1.410109, -8.159832, -4.064947, 8.443043, -0.381493, 0.105308, 0.162552, 4680.015137, 0.853531, -0.084860, 0.513410, 0.026342, -0.251553, 1.077746, -0.089209
0.420297, 5.504222, 0.800017, -9.275312, 1.768123, 4.451743, -0.398689, 0.115050, 0.119598, 4700.015137, 0.822039, -0.068428, 0.564276, 0.034090, -0.206249, 1.200940, -0.058618
0.812900, 5.458107, 0.793473, -8.972941, 5.475614, 4.682862, -0.405448, 0.121734, 0.084801, 4720.015137, 0.790810, -0.039973, 0.608967, 0.046699, -0.024868, 1.312739, 0.098812
1.593432, 4.938686, 1.308531, -8.593330, 3.433261, 7.592811, -0.411022, 0.134662, 0.038444, 4740.015137, 0.768772, -0.010124, 0.637035, 0.055446, 0.284742, 1.373454, 0.377959
2.112230, 3.788297, 1.342806, -8.887918, -1.067580, 8.931627, -0.409718, 0.149374, -0.005245, 4760.015137, 0.757470, 0.010468, 0.650699, 0.052151, 0.500829, 1.395522, 0.560013
1.677562, 2.597400, 1.033709, -9.571097, -3.553012, 8.999885, -0.402721, 0.154672, -0.033370, 4780.015137, 0.754151, 0.019790, 0.654916, 0.044169, 0.555211, 1.403639, 0.589810
0.779248, 1.632406, 0.692830, -9.651929, -2.551295, 8.006551, -0.401298, 0.165524, -0.046026, 4800.015137, 0.756793, 0.022008, 0.652030, 0.040449, 0.524514, 1.398094, 0.550692
0.157626, 0.470800, 0.403674, -9.331595, -1.769920, 7.879016, -0.400112, 0.167052, -0.045345, 4820.015137, 0.767577, 0.019605, 0.639423, 0.039731, 0.419314, 1.370742, 0.447920
-0.001285, -0.930732, 0.064353, -9.818383, -0.092208, 5.592371, -0.404144, 0.167511, -0.030716, 4840.015137, 0.782326, 0.018330, 0.621294, 0.040281, 0.333432, 1.327850, 0.364707
0.065707, -2.110722, -0.202991, -10.164463, 0.531694, 3.292553, -0.399993, 0.158357, -0.024002, 4860.015137, 0.797908, 0.018144, 0.601233, 0.039157, 0.268481, 1.280069, 0.298516
0.540570, -2.801205, -0.651369, -11.015893, 0.234712, 2.602189, -0.400942, 0.162283, -0.004199, 4880.015137, 0.814005, 0.018430, 0.579758, 0.030599, 0.197594, 1.230706, 0.215056
1.263459, -3.437472, -1.020603, -11.338622, -1.141826, 3.718268, -0.401772, 0.152921, 0.015860, 4900.015137, 0.833707, 0.018976, 0.551744, 0.012322, 0.115350, 1.166851, 0.105745
1.103613, -3.750620, -1.152717, -10.200988, -1.394500, 5.151687, -0.400231, 0.137672, 0.044293, 4920.015137, 0.855585, 0.016831, 0.517354, -0.006046, 0.048536, 1.087533, 0.015214
0.603200, -4.057847, -1.010009, -9.493857, -0.600551, 8.211325, -0.397622, 0.134218, 0.076207, 4940.015137, 0.880598, 0.013933, 0.473307, -0.018271, 0.013129, 0.986491, -0.034434
-0.139942, -5.191100, -0.340714, -8.301737, 0.592767, 9.356743, -0.389558, 0.131004, 0.124178, 4960.015137, 0.908917, 0.011225, 0.416393, -0.018974, 0.007052, 0.859260, -0.038514
-0.592994, -6.391032, -0.457872, -7.694001, -1.693878, 9.084310, -0.376987, 0.123979, 0.167023, 4980.015137, 0.936279, -0.003028, 0.350539, -0.022225, -0.028170, 0.715866, -0.058003
0.715684, -7.633964, -2.638689, -9.874067, -5.258265, 12.219390, -0.351609, 0.113932, 0.226878, 5000.015137, 0.959823, -0.019109, 0.275129, -0.051751, -0.076699, 0.554093, -0.129550
2.682127, -8.726087, -4.235275, -12.673246, -2.199826, 10.585987, -0.317811, 0.099970, 0.271555, 5020.015137, 0.975108, -0.012743, 0.199204, -0.096540, -0.068688, 0.396324, -0.211162
3.570470, -9.183188, -3.479982, -9.285491, 1.151406, 5.478009, -0.244879, 0.104551, 0.311523, 5040.015137, 0.982914, 0.013414, 0.127398, -0.132176, -0.007557, 0.256801, -0.268319
2.853502, -8.491459, -2.310897, -7.347920, 1.204096, 2.081871, -0.222465, 0.110264, 0.343610, 5060.015137, 0.984257, 0.037196, 0.073221, -0.156500, 0.050946, 0.156416, -0.311373
1.981362, -6.468930, -1.888381, -5.731282, 1.413660, 0.086819, -0.176097, 0.120704, 0.366034, 5080.015137, 0.981337, 0.059942, 0.044508, -0.177211, 0.102659, 0.108813, -0.351715
0.891109, -3.780844, -1.795527, -3.187771, 2.003434, -0.741857, -0.158901, 0.121237, 0.369579, 5100.015137, 0.975844, 0.088389, 0.038218, -0.196103, 0.159138, 0.109475, -0.387893
-0.358055, -0.723524, -1.780882, 0.355062, -0.002994, 4.120631, -0.160680, 0.118581, 0.375831, 5120.015137, 0.973833, 0.075253, 0.028869, -0.212490, 0.135237, 0.088322, -0.423679
-0.149290, 0.899547, -2.443945, 0.566422, -1.480721, 10.946437, -0.174318, 0.105108, 0.374426, 5140.015137, 0.969299, 0.063319, 0.038395, -0.234468, 0.105514, 0.104313, -0.469157
1.145989, 0.913569, -3.522046, 1.751957, -1.180146, 11.667937, -0.188904, 0.101001, 0.363878, 5160.015137, 0.960629, 0.064665, 0.040546, -0.267144, 0.103413, 0.112687, -0.536640
2.257119, -0.000324, -5.190298, 0.785566, -2.196832, 10.386601, -0.202661, 0.098399, 0.354901, 5180.015137, 0.945255, 0.069800, 0.035541, -0.316792, 0.110349, 0.111647, -0.640577
3.229902, -0.854704, -7.544359, -0.146096, 1.332230, 10.352472, -0.212859, 0.089867, 0.352766, 5200.015137, 0.917058, 0.093465, 0.019893, -0.387135, 0.157607, 0.109070, -0.790286
3.373545, -0.961267, -7.837253, -2.008224, 4.557723, 9.416019, -0.217603, 0.088587, 0.347816, 5220.015137, 0.879981, 0.130135, 0.005508, -0.456802, 0.227843, 0.128942, -0.942854
2.917377, -0.671489, -6.706494, -1.496887, 6.284532, 7.889793, -0.229818, 0.081131, 0.342570, 5240.015137, 0.842242, 0.167792, -0.010281, -0.512218, 0.301280, 0.155197, -1.069193
1.728039, -0.166402, -5.212732, -0.605940, 8.611293, 7.522757, -0.239068, 0.066014, 0.344867, 5260.015137, 0.810408, 0.198785, -0.024024, -0.550588, 0.362310, 0.180945, -1.160297
0.412195, 0.208441, -3.119784, -0.859213, 0.811912, 11.405084, -0.244523, 0.053203, 0.350006, 5280.015137, 0.794710, 0.192903, -0.014945, -0.575326, 0.336680, 0.199532, -1.219212
0.615663, -0.325001, -3.792818, -1.029260, 3.269202, 9.509425, -0.243455, 0.038769, 0.340450, 5300.015137, 0.772688, 0.194548, -0.016171, -0.604022, 0.333646, 0.211608, -1.291221
0.468281, -0.059526, -3.540118, -2.450704, 5.619914, 9.633368, -0.249622, 0.025307, 0.354443, 5320.015137, 0.750211, 0.205137, -0.016150, -0.628365, 0.344177, 0.235747, -1.353324
1.343849, 0.107486, -2.881418, -1.680106, 6.774912, 9.735755, -0.254129, 0.019207, 0.349435, 5340.015137, 0.729916, 0.223040, -0.026510, -0.645580, 0.380688, 0.251936, -1.399533
1.937427, -0.438731, -1.994321, -3.892506, 5.843848, 7.078481, -0.252231, 0.023079, 0.354382, 5360.015137, 0.710925, 0.248332, -0.039622, -0.656771, 0.434267, 0.273245, -1.431007
0.589490, -0.698286, -0.856395, -6.206095, 4.176914, 6.521638, -0.244760, 0.026112, 0.353798, 5380.015137, 0.700119, 0.262547, -0.036828, -0.662982, 0.451236, 0.301089, -1.446714
-0.556226, -0.334349, -0.077732, -3.340454, 6.944359, 6.797665, -0.243811, 0.020131, 0.354450, 5400.015137, 0.700296, 0.268927, -0.041656, -0.659946, 0.468982, 0.301143, -1.439030
-0.798020, -0.096917, 0.647337, -2.718347, 7.608378, 10.246492, -0.244760, 0.013420, 0.358767, 5420.015137, 0.707777, 0.267104, -0.045530, -0.652407, 0.473840, 0.288036, -1.419422
-0.489857, -0.416297, 1.182026, -3.042872, 6.644383, 9.084908, -0.238949, 0.019364, 0.357547, 5440.015137, 0.716950, 0.266385, -0.052898, -0.642047, 0.485599, 0.269461, -1.393551
-0.747231, -0.530962, 1.679011, -2.913541, 7.659872, 7.998168, -0.236459, 0.021100, 0.364055, 5460.015137, 0.728945, 0.266843, -0.063072, -0.627260, 0.503615, 0.245259, -1.357727
-1.576994, -0.590164, 3.047826, -3.176994, 10.069860, 6.825207, -0.227565, 0.021568, 0.356517, 5480.015137, 0.749629, 0.266407, -0.075202, -0.601188, 0.524455, 0.209095, -1.295582
-2.864795, -0.927927, 6.060900, -4.351152, 12.333753, 6.040838, -0.214875, 0.029176, 0.365186, 5500.015137, 0.787580, 0.256851, -0.089308, -0.552963, 0.533564, 0.143880, -1.184889
-3.684276, -1.072193, 9.319194, -5.437892, 11.266771, 6.266569, -0.194834, 0.037512, 0.373058, 5520.015137, 0.838761, 0.236835, -0.102293, -0.479505, 0.519173, 0.055557, -1.023916
-3.566496, -1.025455, 10.136183, -8.850196, 9.760902, 6.643785, -0.169456, 0.052365, 0.382271, 5540.015137, 0.884611, 0.217117, -0.104729, -0.399193, 0.486772, -0.011946, -0.850774
-2.312969, -0.447144, 10.136183, -8.174801, 4.946913, 7.025790, -0.140876, 0.085804, 0.382528, 5560.015137, 0.922130, 0.202289, -0.096544, -0.315333, 0.449500, -0.050498, -0.670538
-0.930134, 0.709477, 10.136183, -6.403684, 1.472338, 7.225774, -0.112296, 0.115495, 0.390501, 5580.015137, 0.952234, 0.191827, -0.076873, -0.224817, 0.412191, -0.060186, -0.476285
0.103410, 1.820607, 10.136183, -9.720786, -2.696792, 7.855664, -0.087392, 0.144339, 0.381109, 5600.015137, 0.973754, 0.182777, -0.041068, -0.129267, 0.375539, -0.032731, -0.270179
1.464746, 3.262956, 10.130885, -11.550581, -6.327043, 6.800059, -0.074347, 0.174574, 0.365790, 5620.015137, 0.982978, 0.181239, 0.009092, -0.028703, 0.363908, 0.028282, -0.053179
1.679743, 4.598742, 8.274433, -8.338261, -5.112768, 7.683822, -0.080751, 0.199534, 0.355258, 5640.015137, 0.979924, 0.177590, 0.071000, 0.056303, 0.366767, 0.119435, 0.136963
1.817154, 5.039330, 5.611275, -5.428312, -6.685697, 10.637480, -0.092728, 0.218928, 0.337086, 5660.015137, 0.970798, 0.166731, 0.128090, 0.115525, 0.369759, 0.211754, 0.276631
1.239778, 5.253392, 3.363154, -5.168452, -5.247488, 13.248650, -0.110635, 0.233337, 0.321565, 5680.015137, 0.959314, 0.150256, 0.184428, 0.152071, 0.370405, 0.313247, 0.373579
0.984897, 4.709356, 1.262416, -2.833308, -0.321531, 13.358222, -0.140520, 0.243448, 0.314605, 5700.015137, 0.948435, 0.139908, 0.229100, 0.168552, 0.380775, 0.397819, 0.429415
0.588243, 2.965388, 0.058433, -2.067501, -1.292712, 12.235557, -0.157597, 0.244253, 0.306673, 5720.015137, 0.944280, 0.123433, 0.252678, 0.171037, 0.362780, 0.450009, 0.442280
0.525614, 1.032908, -1.354939, -4.157156, -3.136278, 10.818902, -0.172539, 0.240122, 0.296508, 5740.015137, 0.946666, 0.100070, 0.264514, 0.154410, 0.312229, 0.489187, 0.401899
0.655859, 0.348656, -3.328861, -5.845046, -4.526587, 12.325969, -0.187956, 0.232817, 0.284832, 5760.015137, 0.952100, 0.072872, 0.273181, 0.116480, 0.236416, 0.527315, 0.307565
1.000477, -0.514759, -5.457019, -5.397776, -4.750522, 13.654007, -0.210725, 0.215114, 0.292219, 5780.015137, 0.959716, 0.046478, 0.271251, 0.056632, 0.140413, 0.541455, 0.156911
1.393703, -2.291133, -7.368623, -6.734197, -4.587660, 13.013938, -0.229343, 0.192125, 0.295947, 5800.015137, 0.966329, 0.022197, 0.255251, -0.023732, 0.035422, 0.517105, -0.039739
1.689402, -3.783648, -8.824371, -6.743776, -3.487149, 11.857143, -0.242507, 0.165025, 0.298330, 5820.015137, 0.967201, 0.001419, 0.225267, -0.117364, -0.055736, 0.451250, -0.254303
1.239466, -4.169085, -8.928753, -5.329517, 0.186812, 10.170451, -0.245471, 0.134973, 0.322440, 5840.015137, 0.959899, -0.011121, 0.189705, -0.206111, -0.106890, 0.367851, -0.442923
0.858080, -3.819793, -7.859689, -7.865843, -0.549058, 11.372152, -0.241202, 0.103828, 0.335672, 5860.015137, 0.944890, -0.023186, 0.164854, -0.281901, -0.143787, 0.303085, -0.601866
1.593121, -3.513811, -6.856058, -6.095924, -3.221900, 9.704619, -0.233138, 0.086109, 0.343802, 5880.015137, 0.925746, -0.033139, 0.142719, -0.348607, -0.166522, 0.243539, -0.740715
2.157410, -3.699519, -6.990041, -4.449946, -0.459844, 9.275911, -0.216654, 0.063024, 0.357359, 5900.015137, 0.902939, -0.029472, 0.111268, -0.414067, -0.148229, 0.177461, -0.873137
2.042434, -3.788322, -6.553504, -0.938848, -0.020358, 7.732920, -0.198510, 0.054796, 0.364873, 5920.015137, 0.877138, -0.029392, 0.068988, -0.474348, -0.117792, 0.093275, -0.996993
0.836581, -3.721330, -6.801840, -5.718110, -2.202819, 11.269765, -0.179536, 0.038765, 0.380957, 5940.015137, 0.843886, -0.038798, 0.051454, -0.532639, -0.120713, 0.045528, -1.128805
2.101635, -3.979326, -8.023584, -5.230723, 0.370629, 4.916377, -0.158664, 0.033497, 0.391094, 5960.015137, 0.800706, -0.024918, 0.031812, -0.597693, -0.078029, 0.021159, -1.283286
2.636635, -3.807017, -7.791761, -5.834268, 6.603668, -0.174238, -0.138860, 0.033236, 0.395854, 5980.015137, 0.752984, 0.014319, -0.005269, -0.657861, 0.028503, 0.010905, -1.436000
2.675895, -1.806922, -4.985272, -4.254154, 11.264376, 0.442480, -0.126408, 0.043850, 0.396528, 6000.015137, 0.715936, 0.065334, -0.042502, -0.693802, 0.153192, 0.029806, -1.537109
0.873660, 0.175101, -1.998372, -0.823887, 13.318106, 3.108736, -0.131982, 0.044328, 0.393046, 6020.015137, 0.698179, 0.107902, -0.063957, -0.704849, 0.243711, 0.062844, -1.572606
-0.511980, 0.964358, 0.618671, 1.377136, 7.605385, 8.069420, -0.136725, 0.043409, 0.398249, 6040.015137, 0.702563, 0.126241, -0.067265, -0.697097, 0.275544, 0.081579, -1.551669
-0.663725, 0.561784, 1.665301, 1.264570, 5.440886, 9.074131, -0.142536, 0.038311, 0.392403, 6060.015137, 0.715009, 0.133122, -0.068188, -0.682929, 0.288500, 0.084415, -1.512638
-0.326273, 0.419387, 1.738525, 1.101709, 3.888913, 9.284293, -0.142773, 0.042405, 0.392180, 6080.015137, 0.727671, 0.137025, -0.068469, -0.668603, 0.296315, 0.083684, -1.473742
-0.127478, 0.535299, 1.753481, 0.977767, 8.103549, 8.450827, -0.142180, 0.046433, 0.389666, 6100.015137, 0.738540, 0.154293, -0.077660, -0.651706, 0.336687, 0.086505, -1.431329
-0.872490, 0.672087, 3.556963, 0.802332, 13.091776, 7.906559, -0.139690, 0.046235, 0.390270, 6120.015137, 0.760581, 0.172404, -0.087742, -0.619754, 0.381390, 0.080313, -1.351940
-2.375911, 0.904221, 7.560893, -1.150807, 12.260704, 9.010064, -0.137081, 0.045320, 0.393128, 6140.015137, 0.806796, 0.176495, -0.087007, -0.557099, 0.392326, 0.056286, -1.197464
-3.789905, 1.123580, 10.092248, -5.085824, 7.839498, 6.628816, -0.125815, 0.046548, 0.391682, 6160.015137, 0.861172, 0.172170, -0.065216, -0.473801, 0.366980, 0.050845, -0.996527
-4.679806, 1.552640, 10.136183, -6.242619, 4.112249, 3.441643, -0.128305, 0.042637, 0.401188, 6180.015137, 0.907170, 0.163860, -0.021270, -0.386963, 0.320442, 0.088340, -0.792099
-4.606894, 2.664080, 10.136183, -8.567584, -3.588338, 6.819220, -0.133405, 0.038069, 0.395229, 6200.015137, 0.945786, 0.128885, 0.044524, -0.294781, 0.222217, 0.160899, -0.586282
-1.923171, 2.944823, 10.134002, -3.699108, -6.191724, 8.344847, -0.144908, 0.052417, 0.388776, 6220.015137, 0.970603, 0.103880, 0.090258, -0.197464, 0.170859, 0.217956, -0.382671
-0.923279, 2.762231, 8.578856, -2.240541, -4.833149, 9.263337, -0.154632, 0.076312, 0.386851, 6240.015137, 0.981619, 0.088518, 0.124796, -0.114085, 0.151280, 0.268413, -0.210940
-0.347149, 2.407642, 6.830527, -3.796106, -5.027146, 8.058642, -0.160917, 0.090280, 0.380465, 6260.015137, 0.982765, 0.075136, 0.161464, -0.049565, 0.139679, 0.330811, -0.077429
-0.083233, 1.991046, 5.430865, -6.058801, -4.733757, 9.049582, -0.161747, 0.107390, 0.374403, 6280.015137, 0.978084, 0.065368, 0.197684, -0.000256, 0.138998, 0.397090, 0.027487
0.696677, 1.314273, 3.740802, -3.744015, -1.812431, 7.180269, -0.161747, 0.119840, 0.358651, 6300.015137, 0.972337, 0.066168, 0.221863, 0.030973, 0.158186, 0.441563, 0.099261
1.235104, 0.596993, 2.007739, -2.248924, -1.289119, 6.816824, -0.159257, 0.138498, 0.364153, 6320.015137, 0.969205, 0.069385, 0.232184, 0.043790, 0.173668, 0.460049, 0.131065
1.633627, -0.053606, 0.745488, -4.120631, -3.539839, 8.583152, -0.155937, 0.154069, 0.356729, 6340.015137, 0.967302, 0.066485, 0.241345, 0.040736, 0.167936, 0.479674, 0.125335
1.972949, -0.916087, -0.601203, -4.333788, -5.558242, 10.006990, -0.156530, 0.166601, 0.344661, 6360.015137, 0.968399, 0.059908, 0.241098, 0.022030, 0.143494, 0.482866, 0.080880
2.351219, -1.478195, -1.912373, -6.556965, -4.707411, 11.212883, -0.152023, 0.178019, 0.331112, 6380.015137, 0.968899, 0.058302, 0.240286, -0.009922, 0.122664, 0.485648, 0.009941
2.787445, -2.155903, -3.015090, -6.760541, -2.589016, 9.160950, -0.151312, 0.182901, 0.331798, 6400.015137, 0.967981, 0.063052, 0.237133, -0.052965, 0.109776, 0.484493, -0.082174
1.622099, -2.527941, -2.542408, -7.920330, 1.387914, 7.035370, -0.141113, 0.193608, 0.332875, 6420.015137, 0.964937, 0.072093, 0.237475, -0.085470, 0.111911, 0.489994, -0.148683
0.598526, -1.969884, -1.215970, -6.076764, -3.000361, 7.735913, -0.129966, 0.197367, 0.335961, 6440.015137, 0.963723, 0.057406, 0.237955, -0.106400, 0.068075, 0.490267, -0.202883
0.436499, -1.315234, -1.513850, -4.543352, -4.123026, 11.067985, -0.124510, 0.197124, 0.344143, 6460.015137, 0.962608, 0.039430, 0.234834, -0.129171, 0.017192, 0.480578, -0.262570
0.339906, -1.444232, -2.482271, -1.728007, -1.271157, 12.410393, -0.124510, 0.192651, 0.346001, 6480.015137, 0.962167, 0.026871, 0.219833, -0.158702, -0.020030, 0.446222, -0.331485
0.647757, -2.219779, -2.943736, -1.708248, 0.781375, 10.676399, -0.121308, 0.187303, 0.349573, 6500.015137, 0.961177, 0.023289, 0.197077, -0.191723, -0.033418, 0.398223, -0.400511
0.849979, -2.956689, -2.632457, -0.947230, 3.479964, 7.994576, -0.108975, 0.191745, 0.346338, 6520.015137, 0.960975, 0.034325, 0.164707, -0.219593, -0.006749, 0.338035, -0.450459
0.623142, -3.093788, -1.776209, -1.407673, 4.620592, 6.978488, -0.094152, 0.196110, 0.347895, 6540.015137, 0.960472, 0.050949, 0.134846, -0.238148, 0.035089, 0.287231, -0.481020
0.537454, -2.002289, -1.144616, 1.142424, 1.502276, 4.812792, -0.088815, 0.195375, 0.360115, 6560.015137, 0.960433, 0.055933, 0.103577, -0.252411, 0.056663, 0.229196, -0.507473
0.538701, -0.179177, -1.561835, 0.923280, 2.662663, 10.609937, -0.093914, 0.203740, 0.352238, 6580.015137, 0.955820, 0.064316, 0.096997, -0.269933, 0.072422, 0.221963, -0.542409
0.600707, -0.276393, -1.878721, 2.717150, 4.446354, 9.817784, -0.099132, 0.204362, 0.355095, 6600.015137, 0.950496, 0.077179, 0.082244, -0.289545, 0.101329, 0.202419, -0.581089
0.805733, -0.162039, -1.777143, 2.985991, 5.267846, 9.651929, -0.106248, 0.208606, 0.344291, 6620.015137, 0.944474, 0.094223, 0.067032, -0.307569, 0.139592, 0.185644, -0.616626
0.614729, 0.103124, -0.984459, 2.186054, 2.844685, 11.078163, -0.115379, 0.207156, 0.340007, 6640.015137, 0.940598, 0.101675, 0.059631, -0.318405, 0.156391, 0.177861, -0.638837
0.530911, -0.162351, -0.870417, 1.217269, 3.342250, 10.124347, -0.115853, 0.212564, 0.336794, 6660.015137, 0.936748, 0.110544, 0.051930, -0.328003, 0.176501, 0.170635, -0.658484
0.367326, 0.176659, -0.715245, 1.404679, 4.321214, 10.130933, -0.120597, 0.215272, 0.336811, 6680.015137, 0.933150, 0.121505, 0.046500, -0.335121, 0.199752, 0.169025, -0.672590
0.410949, 0.295686, -0.420793, 2.086661, 2.465673, 11.200908, -0.124273, 0.215754, 0.333693, 6700.015137, 0.931203, 0.124912, 0.042008, -0.339842, 0.208360, 0.163869, -0.682689
0.619402, 0.090972, -0.857330, 1.675915, 3.438051, 10.357263, -0.131033, 0.217120, 0.326072, 6720.015137, 0.927133, 0.133315, 0.035082, -0.348454, 0.227543, 0.158623, -0.700852
0.819443, 0.103747, -1.059240, 0.149090, 3.270399, 8.884325, -0.131270, 0.222907, 0.324393, 6740.015137, 0.921260, 0.145963, 0.032601, -0.359043, 0.251582, 0.165637, -0.722250
0.628439, 0.745933, -0.874467, 0.102387, 1.668730, 10.089020, -0.144078, 0.225202, 0.326493, 6760.015137, 0.916754, 0.151145, 0.039154, -0.367676, 0.255362, 0.183969, -0.739161
-0.030886, 1.252267, -0.532965, -0.345482, 0.595162, 11.707455, -0.158901, 0.219750, 0.324895, 6780.015137, 0.914390, 0.148052, 0.054651, -0.372807, 0.237494, 0.211918, -0.748896
-0.638797, 0.805135, -0.487473, -0.760419, 3.815266, 9.338780, -0.169812, 0.216127, 0.328529, 6800.015137, 0.911949, 0.151074, 0.063718, -0.376118, 0.236062, 0.231932, -0.754732
-0.534415, 0.812302, -0.193020, 1.579515, 1.399889, 10.786570, -0.172658, 0.215214, 0.324210, 6820.015137, 0.912543, 0.142336, 0.066719, -0.377565, 0.216819, 0.231307, -0.759321
-0.487053, 1.207709, -0.538885, 2.209406, 1.478326, 17.044756, -0.185821, 0.208662, 0.320655, 6840.015137, 0.911315, 0.134353, 0.074253, -0.382022, 0.194942, 0.240293, -0.770284
-0.531610, -0.053606, -0.675673, -0.174238, 3.932024, 12.191249, -0.183449, 0.199391, 0.329028, 6860.015137, 0.909183, 0.131896, 0.071508, -0.388429, 0.190628, 0.234640, -0.784979
-0.811107, -0.645627, -0.059971, -1.332230, 2.253713, 8.939411, -0.174792, 0.197546, 0.332938, 6880.015137, 0.909509, 0.124753, 0.069292, -0.390421, 0.178247, 0.225358, -0.790732
-1.099950, -0.394174, 0.580969, -1.267564, 2.551893, 7.104227, -0.171946, 0.189031, 0.342857, 6900.015137, 0.912098, 0.121005, 0.069227, -0.385543, 0.172395, 0.221393, -0.780632
-1.074400, 0.124935, 0.728974, -1.274150, 1.210682, 7.323371, -0.172776, 0.183658, 0.341647, 6920.015137, 0.915002, 0.113293, 0.076252, -0.379633, 0.153992, 0.227519, -0.768939
-1.189688, 0.735963, 0.855479, -1.796863, -0.817899, 8.343051, -0.171946, 0.182504, 0.355411, 6940.015137, 0.917749, 0.098600, 0.094178, -0.373021, 0.114493, 0.248988, -0.757769
-1.187195, 0.860598, 0.594990, -2.035767, -0.105980, 8.881930, -0.174911, 0.174572, 0.349306, 6960.015137, 0.918882, 0.088291, 0.111342, -0.368054, 0.083483, 0.272990, -0.750481
-1.070661, 0.710101, 0.587824, -1.398691, 2.573449, 7.397617, -0.181670, 0.170619, 0.354919, 6980.015137, 0.920304, 0.091325, 0.118823, -0.361361, 0.085873, 0.288704, -0.735824
-1.522154, 1.226093, 1.763452, -2.035168, 1.886677, 7.231762, -0.181196, 0.164244, 0.359110, 7000.015137, 0.925043, 0.091495, 0.135201, -0.342994, 0.080661, 0.318242, -0.697193
-1.399388, 1.681949, 2.314966, 1.714834, 1.600472, 10.478210, -0.188074, 0.163910, 0.353707, 7020.015137, 0.933299, 0.085651, 0.139150, -0.319773, 0.074743, 0.319945, -0.648118
-0.800824, 1.814063, 1.928595, 3.317102, -1.224454, 14.575491, -0.193292, 0.166708, 0.355253, 7040.015137, 0.939365, 0.075841, 0.142983, -0.302321, 0.059061, 0.319911, -0.613202
-0.230615, 0.140826, 0.798770, 2.120790, -2.954855, 14.405444, -0.193292, 0.164170, 0.353129, 7060.015137, 0.943008, 0.061310, 0.133934, -0.298392, 0.037304, 0.293382, -0.607403
0.188785, -1.772648, -0.121355, -0.166454, 2.151925, 10.363849, -0.179773, 0.166877, 0.358183, 7080.015137, 0.945197, 0.061673, 0.107181, -0.302177, 0.053395, 0.242250, -0.612356
-0.373323, -1.116128, 0.908450, -0.595761, 0.674198, 9.511222, -0.171828, 0.171633, 0.367166, 7100.015137, 0.949102, 0.055241, 0.092674, -0.295916, 0.051158, 0.210150, -0.599072
-0.210984, -0.679590, 0.972326, 1.156794, 1.959126, 8.619077, -0.157241, 0.169334, 0.371134, 7120.015137, 0.953073, 0.055789, 0.073821, -0.288252, 0.064805, 0.173749, -0.581750
0.465477, -0.639083, 0.765430, 1.766926, -0.514929, 8.150251, -0.149414, 0.179884, 0.369817, 7140.015137, 0.955893, 0.050765, 0.054756, -0.284064, 0.066589, 0.133923, -0.573252
1.105483, -0.299139, -0.608370, 0.146695, 0.016765, 8.990904, -0.151193, 0.183272, 0.365145, 7160.015137, 0.953386, 0.056763, 0.045676, -0.292826, 0.082173, 0.120630, -0.591028
0.629062, 0.314381, -0.685021, -1.081351, 0.168849, 9.881252, -0.156292, 0.193813, 0.356463, 7180.015137, 0.950145, 0.061496, 0.049153, -0.301707, 0.088067, 0.130886, -0.609161
-0.406040, 0.367975, -0.018842, 2.205214, 0.302371, 11.944562, -0.157834, 0.186822, 0.358493, 7200.015137, 0.950332, 0.053317, 0.044221, -0.303431, 0.075082, 0.116669, -0.613730
-0.544074, -0.289168, 0.268133, 1.129252, 2.069297, 10.309362, -0.155225, 0.179500, 0.368586, 7220.015137, 0.951266, 0.050029, 0.034161, -0.302364, 0.074934, 0.095391, -0.611933
-0.470850, -0.258632, 0.428290, 0.014969, 0.544268, 9.913585, -0.150837, 0.178823, 0.370297, 7240.015137, 0.952367, 0.043606, 0.030420, -0.300284, 0.065066, 0.084230, -0.608130
-0.255853, -0.529092, 0.184627, -1.279539, 0.144899, 9.040601, -0.141587, 0.177380, 0.372189, 7260.015137, 0.952391, 0.039048, 0.029813, -0.300897, 0.056650, 0.080372, -0.609750
-0.330323, -0.468644, -0.016037, -2.197431, -0.911305, 8.584349, -0.141231, 0.175469, 0.379338, 7280.015137, 0.951615, 0.031020, 0.035894, -0.303610, 0.037393, 0.087261, -0.616044
-0.611066, -0.278574, -0.186477, -1.786685, 1.850751, 9.176517, -0.132456, 0.172544, 0.379531, 7300.015137, 0.950367, 0.032217, 0.038401, -0.307068, 0.037825, 0.092910, -0.623276
-0.817338, -0.476434, 0.004528, -1.186134, 0.499362, 8.990305, -0.130558, 0.165417, 0.380131, 7320.015137, 0.949967, 0.024818, 0.038908, -0.308922, 0.023208, 0.089375, -0.627774
-1.198724, -0.617584, 0.265952, 0.628094, 0.374821, 11.411071, -0.125815, 0.166215, 0.393682, 7340.015137, 0.950730, 0.010881, 0.032215, -0.308149, 0.000838, 0.068014, -0.626840
-0.654688, -0.701401, 0.549498, -0.205972, 0.190404, 9.154963, -0.119292, 0.159635, 0.396290, 7360.015137, 0.952010, 0.003553, 0.026570, -0.304889, -0.009451, 0.052781, -0.620124
-0.106913, -0.111562, 0.456021, -0.213756, 0.129331, 9.668694, -0.117751, 0.155990, 0.397280, 7380.015137, 0.952759, 0.003515, 0.025364, -0.302647, -0.008665, 0.050480, -0.615365
-0.006582, 0.012139, 0.367218, -0.140707, 0.032932, 9.962084, -0.118225, 0.163090, 0.397680, 7400.015137, 0.953199, 0.004304, 0.024909, -0.301285, -0.006813, 0.050100, -0.612452
0.007752, 0.023357, 0.162192, -0.252675, -0.282014, 9.729169, -0.116328, 0.159710, 0.402224, 7420.015137, 0.952992, 0.004028, 0.025386, -0.301903, -0.007662, 0.050840, -0.613780
0.011179, 0.016190, 0.006397, 0.101190, -0.307760, 9.685459, -0.119411, 0.161319, 0.402059, 7440.015137, 0.952347, 0.003156, 0.024346, -0.304028, -0.008802, 0.048310, -0.618240
0.117743, 0.118391, -0.036914, -0.649050, -0.140707, 6.657556, -0.118344, 0.159577, 0.400209, 7460.015137, 0.951435, 0.005393, 0.028059, -0.306521, -0.006949, 0.056729, -0.623533
0.915413, 1.025118, -0.322330, 1.134641, -0.612526, 9.974059, -0.123325, 0.158885, 0.393509, 7480.015137, 0.949496, 0.013549, 0.030039, -0.312044, 0.006997, 0.065547, -0.634815
0.084091, 0.171673, -0.190528, -1.131647, 0.207169, 9.432186, -0.126289, 0.164974, 0.393639, 7500.015137, 0.948021, 0.016615, 0.034137, -0.315936, 0.009962, 0.075295, -0.642991
-0.029016, -0.140228, -0.061529, -0.056882, 0.130529, 9.916579, -0.125222, 0.162748, 0.391897, 7520.015137, 0.947232, 0.015649, 0.031012, -0.318662, 0.009906, 0.068778, -0.648700
0.004636, 0.031146, -0.010429, -0.089214, -0.093406, 9.630374, -0.126764, 0.162163, 0.390495, 7540.015137, 0.946517, 0.014787, 0.030011, -0.320914, 0.008749, 0.066352, -0.653478
0.002455, -0.009984, -0.000769, -0.113165, -0.117356, 9.758508, -0.129373, 0.162957, 0.392829, 7560.015137, 0.945834, 0.013752, 0.028774, -0.323080, 0.007436, 0.063359, -0.658076
0.004013, 0.000922, -0.001704, -0.147294, -0.134121, 9.769285, -0.129135, 0.165632, 0.392168, 7580.015137, 0.945131, 0.012797, 0.027843, -0.325252, 0.006089, 0.060992, -0.662693
0.004013, 0.003415, -0.000769, -0.122745, -0.119152, 9.721385, -0.129491, 0.189421, 0.392439, 7600.015137, 0.944426, 0.011920, 0.026853, -0.327410, 0.004940, 0.058560, -0.667277
0.003389, 0.002792, 0.000477, -0.110770, -0.113165, 9.767488, -0.129966, 0.163523, 0.389180, 7620.015137, 0.943718, 0.011086, 0.025836, -0.329553, 0.003902, 0.056101, -0.671826
0.005259, 0.001857, -0.002639, -0.116158, -0.115560, 9.755514, -0.131744, 0.164976, 0.387603, 7640.015137, 0.942993, 0.010304, 0.024870, -0.331723, 0.002937, 0.053766, -0.676435
0.006194, 0.003103, -0.000769, -0.108973, -0.110770, 9.755514, -0.131982, 0.159763, 0.385253, 7660.015137, 0.942266, 0.009581, 0.023915, -0.333873, 0.002090, 0.051489, -0.680999
0.002455, 0.002168, -0.001081, -0.135319, -0.116757, 9.760303, -0.128305, 0.159160, 0.387099, 7680.015137, 0.941529, 0.008868, 0.023115, -0.336021, 0.001167, 0.049507, -0.685568
0.002455, 0.001857, -0.000146, -0.123344, -0.117955, 9.738150, -0.126526, 0.163146, 0.380263, 7700.015137, 0.940790, 0.008167, 0.022298, -0.338158, 0.000287, 0.047498, -0.690115
0.003701, 0.002480, -0.002951, -0.113165, -0.112566, 9.755514, -0.125222, 0.163957, 0.387000, 7720.015137, 0.940035, 0.007522, 0.021468, -0.340320, -0.000471, 0.045496, -0.694712
0.003078, -0.000324, -0.001393, -0.112566, -0.117356, 9.755514, -0.125103, 0.166503, 0.387983, 7740.015137, 0.939279, 0.006874, 0.020652, -0.342464, -0.001233, 0.043518, -0.699276
0.003078, 0.004973, -0.000458, -0.117356, -0.120948, 9.758508, -0.123443, 0.162987, 0.388342, 7760.015137, 0.938518, 0.006270, 0.019946, -0.344597, -0.001979, 0.041773, -0.703820
0.002455, 0.002480, -0.002327, -0.131726, -0.116158, 9.759705, -0.125696, 0.163684, 0.385726, 7780.015137, 0.937744, 0.005722, 0.019297, -0.346743, -0.002653, 0.040171, -0.708396
0.004013, 0.001545, -0.003574, -0.116757, -0.114961, 9.753119, -0.121664, 0.165038, 0.383081, 7800.015137, 0.936961, 0.005196, 0.018601, -0.348900, -0.003245, 0.038493, -0.712995
0.004636, 0.002480, -0.003574, -0.120948, -0.112566, 9.763896, -0.126052, 0.165594, 0.385675, 7820.015137, 0.936171, 0.004722, 0.017956, -0.351054, -0.003768, 0.036943, -0.717591
0.001831, 0.003726, -0.001704, -0.107177, -0.119751, 9.754316, -0.127475, 0.162841, 0.383175, 7840.015137, 0.935383, 0.004202, 0.017317, -0.353188, -0.004374, 0.035372, -0.722149
0.005882, 0.003103, -0.002016, -0.120350, -0.120948, 9.759705, -0.127357, 0.166959, 0.380922, 7860.015137, 0.934586, 0.003761, 0.016741, -0.355322, -0.004870, 0.033971, -0.726713
0.002766, 0.002792, -0.001704, -0.115560, -0.120350, 9.745335, -0.127357, 0.162970, 0.387235, 7880.015137, 0.933786, 0.003306, 0.016180, -0.357452, -0.005395, 0.032587, -0.731268
0.002766, 0.003726, -0.002016, -0.114362, -0.111967, 9.762100, -0.130558, 0.165055, 0.385187, 7900.015137, 0.932979, 0.002912, 0.015636, -0.359581, -0.005815, 0.031275, -0.735825
0.004013, 0.002480, -0.001704, -0.119152, -0.120948, 9.761501, -0.129373, 0.162353, 0.379498, 7920.015137, 0.932166, 0.002517, 0.015134, -0.361705, -0.006257, 0.030040, -0.740377
0.002143, 0.003103, 0.000165, -0.113763, -0.110171, 9.758508, -0.122732, 0.160254, 0.384937, 7940.015137, 0.931356, 0.002164, 0.014631, -0.363809, -0.006618, 0.028831, -0.744888
0.001831, 0.001545, -0.001081, -0.118553, -0.113763, 9.760303, -0.124155, 0.159918, 0.379993, 7960.015137, 0.930536, 0.001814, 0.014163, -0.365922, -0.006992, 0.027690, -0.749424
0.004013, 0.001234, -0.000769, -0.119751, -0.113763, 9.754915, -0.127475, 0.162116, 0.385302, 7980.015137, 0.929712, 0.001505, 0.013713, -0.368030, -0.007297, 0.026609, -0.753952
0.001831, 0.004038, -0.001393, -0.111368, -0.116158, 9.751922, -0.125341, 0.162620, 0.380993, 8000.015137, 0.928879, 0.001181, 0.013291, -0.370142, -0.007647, 0.025569, -0.758492
0.002766, 0.003103, -0.001704, -0.124541, -0.108973, 9.756711, -0.126764, 0.161438, 0.379567, 8020.015625, 0.928041, 0.000930, 0.012918, -0.372253, -0.007894, 0.024672, -0.763036
0.002143, 0.004350, -0.000458, -0.102986, -0.108375, 9.756711, -0.122257, 0.161373, 0.384088, 8040.015625, 0.927202, 0.000661, 0.012493, -0.374352, -0.008131, 0.023664, -0.767555
-0.000350, 0.003103, -0.000769, -0.120350, -0.124541, 9.749526, -0.124155, 0.161610, 0.381452, 8060.015625, 0.926356, 0.000343, 0.012181, -0.376451, -0.008537, 0.022829, -0.772082
0.000585, 0.004973, -0.000769, -0.131127, -0.138911, 9.769285, -0.127831, 0.158708, 0.388725, 8080.015625, 0.925505, 0.000023, 0.011963, -0.378548, -0.009017, 0.022162, -0.776612
0.003389, 0.003103, -0.001393, -0.123344, -0.116757, 9.767488, -0.124510, 0.162312, 0.381988, 8100.015625, 0.924647, -0.000186, 0.011662, -0.380648, -0.009225, 0.021426, -0.781148
0.002143, 0.002168, -0.000769, -0.114961, -0.124541, 9.769285, -0.127119, 0.160568, 0.378523, 8120.015625, 0.923786, -0.000441, 0.011353, -0.382740, -0.009508, 0.020639, -0.785673
0.005882, 0.004973, -0.001704, -0.127535, -0.121547, 9.744736, -0.129728, 0.159308, 0.384962, 8140.015625, 0.922916, -0.000604, 0.011119, -0.384839, -0.009675, 0.020060, -0.790216
0.002143, 0.001545, -0.000458, -0.128134, -0.122146, 9.792038, -0.125578, 0.160428, 0.385222, 8160.015625, 0.922047, -0.000805, 0.010881, -0.386924, -0.009907, 0.019443, -0.794733
0.002766, 0.005284, -0.001081, -0.116158, -0.121547, 9.731564, -0.129610, 0.162821, 0.384207, 8180.015625, 0.921170, -0.000992, 0.010645, -0.389013, -0.010112, 0.018841, -0.799263
0.002143, 0.001857, -0.001393, -0.112566, -0.111967, 9.747730, -0.127357, 0.161882, 0.384532, 8200.015625, 0.920288, -0.001155, 0.010363, -0.391102, -0.010233, 0.018171, -0.803797
0.001831, 0.005596, -0.001081, -0.107177, -0.119152, 9.756711, -0.125103, 0.160822, 0.383712, 8220.015625, 0.919402, -0.001331, 0.010123, -0.393187, -0.010409, 0.017569, -0.808325
0.001831, 0.004661, -0.001081, -0.125739, -0.123942, 9.787248, -0.126645, 0.162171, 0.388086, 8240.015625, 0.918511, -0.001486, 0.009966, -0.395268, -0.010611, 0.017134, -0.812854
0.000897, 0.003415, -0.001704, -0.111368, -0.117356, 9.757310, -0.123680, 0.159828, 0.394688, 8260.015625, 0.917612, -0.001644, 0.009746, -0.397354, -0.010764, 0.016581, -0.817394
0.002766, 0.004038, -0.001081, -0.116757, -0.120948, 9.747131, -0.125933, 0.165361, 0.386806, 8280.015625, 0.916712, -0.001776, 0.009566, -0.399431, -0.010900, 0.016120, -0.821922
-0.000038, 0.005284, 0.001100, -0.112566, -0.107177, 9.755514, -0.131270, 0.160294, 0.391857, 8300.015625, 0.915815, -0.001874, 0.009379, -0.401486, -0.010965, 0.015675, -0.826405
0.001520, 0.006219, -0.002327, -0.124541, -0.122745, 9.755514, -0.130796, 0.161534, 0.388478, 8320.015625, 0.914899, -0.001985, 0.009278, -0.403571, -0.011123, 0.015376, -0.830958
0.004013, 0.005596, -0.000769, -0.121547, -0.126337, 9.792637, -0.128424, 0.163262, 0.392198, 8340.015625, 0.913985, -0.002086, 0.009160, -0.405639, -0.011247, 0.015053, -0.835479
0.002143, 0.002792, -0.001704, -0.096400, -0.127535, 9.789642, -0.131507, 0.162333, 0.386867, 8360.015625, 0.913063, -0.002256, 0.008938, -0.407714, -0.011410, 0.014483, -0.840019
0.002455, 0.005284, -0.000769, -0.122745, -0.116757, 9.760303, -0.124510, 0.158323, 0.381457, 8380.015625, 0.912140, -0.002316, 0.008836, -0.409778, -0.011468, 0.014222, -0.844540
0.002143, 0.005284, -0.000458, -0.138911, -0.123344, 9.765094, -0.128898, 0.158879, 0.381136, 8400.015625, 0.911212, -0.002370, 0.008815, -0.411836, -0.011582, 0.014113, -0.849055
0.002143, 0.004038, -0.001393, -0.146695, -0.129930, 9.774076, -0.126408, 0.164483, 0.382848, 8420.015625, 0.910276, -0.002437, 0.008826, -0.413900, -0.011744, 0.014052, -0.853589
0.001208, 0.004661, -0.002951, -0.123942, -0.117356, 9.760303, -0.130440, 0.161315, 0.384411, 8440.015625, 0.909330, -0.002495, 0.008740, -0.415976, -0.011810, 0.013820, -0.858152
0.002455, 0.004350, -0.002951, -0.137714, -0.114362, 9.775272, -0.129135, 0.158017, 0.385288, 8460.015625, 0.908379, -0.002502, 0.008699, -0.418050, -0.011820, 0.013712, -0.862715
0.003389, 0.001857, -0.002327, -0.116757, -0.105980, 9.724977, -0.128424, 0.163262, 0.387255, 8480.015625, 0.907426, -0.002514, 0.008543, -0.420117, -0.011742, 0.013392, -0.867264
0.003701, 0.003103, 0.000477, -0.141905, -0.121547, 9.765094, -0.126052, 0.161847, 0.385153, 8500.015625, 0.906480, -0.002529, 0.008530, -0.422156, -0.011788, 0.013329, -0.871759
0.002766, 0.005907, -0.001393, -0.147892, -0.130529, 9.791439, -0.128661, 0.159499, 0.384707, 8520.015625, 0.905520, -0.002562, 0.008585, -0.424209, -0.011924, 0.013375, -0.876293
0.003078, 0.000922, -0.000769, -0.113165, -0.125739, 9.775272, -0.128305, 0.159523, 0.384324, 8540.015625, 0.904560, -0.002653, 0.008453, -0.426255, -0.012006, 0.013031, -0.880813
0.002766, 0.004038, -0.002639, -0.097597, -0.107776, 9.759705, -0.131151, 0.158367, 0.382277, 8560.015625, 0.903587, -0.002686, 0.008270, -0.428316, -0.011940, 0.012645, -0.885369
0.003389, 0.004038, -0.000769, -0.116757, -0.115560, 9.756711, -0.131863, 0.158199, 0.382531, 8580.015625, 0.902617, -0.002705, 0.008183, -0.430358, -0.011928, 0.012445, -0.889888
0.001520, 0.003415, -0.000769, -0.131127, -0.130529, 9.774673, -0.128780, 0.156348, 0.379392, 8600.015625, 0.901642, -0.002771, 0.008187, -0.432397, -0.012077, 0.012367, -0.894409
0.005570, 0.004661, -0.001081, -0.121547, -0.132325, 9.748328, -0.131151, 0.157038, 0.382734, 8620.015625, 0.900661, -0.002814, 0.008154, -0.434437, -0.012154, 0.012244, -0.898936
0.004013, 0.001545, -0.002016, -0.104782, -0.117356, 9.758508, -0.128424, 0.157339, 0.385130, 8640.015625, 0.899672, -0.002854, 0.008013, -0.436483, -0.012132, 0.011926, -0.903480
0.002143, 0.002168, -0.001081, -0.111967, -0.108375, 9.762699, -0.129373, 0.159694, 0.385100, 8660.015625, 0.898683, -0.002857, 0.007906, -0.438518, -0.012070, 0.011704, -0.908004
0.001831, 0.003415, -0.001081, -0.129331, -0.120948, 9.754915, -0.131270, 0.158964, 0.377104, 8680.015625, 0.897688, -0.002871, 0.007910, -0.440551, -0.012124, 0.011672, -0.912530
0.004636, 0.003103, -0.001393, -0.128134, -0.117356, 9.765693, -0.128305, 0.156380, 0.383064, 8700.015625, 0.896688, -0.002846, 0.007888, -0.442584, -0.012087, 0.011627, -0.917061
0.002766, 0.003103, -0.000146, -0.114362, -0.121547, 9.759107, -0.128898, 0.157428, 0.376265, 8720.015625, 0.895688, -0.002879, 0.007834, -0.444604, -0.012125, 0.011475, -0.921568
0.003078, 0.000610, 0.000477, -0.110171, -0.118553, 9.754915, -0.128542, 0.156002, 0.383432, 8740.015625, 0.894687, -0.002913, 0.007741, -0.446616, -0.012129, 0.011250, -0.926062
0.000897, 0.002480, -0.001081, -0.128134, -0.117955, 9.769285, -0.128305, 0.161215, 0.376783, 8760.015625, 0.893675, -0.002918, 0.007748, -0.448639, -0.012169, 0.011230, -0.930587
0.002766, 0.004038, -0.001393, -0.133522, -0.114362, 9.760303, -0.126764, 0.157570, 0.389053, 8780.015625, 0.892656, -0.002873, 0.007776, -0.450663, -0.012139, 0.011294, -0.935119
0.003078, 0.005284, -0.001393, -0.122146, -0.117955, 9.753717, -0.125696, 0.157640, 0.383343, 8800.015625, 0.891632, -0.002856, 0.007779, -0.452684, -0.012136, 0.011287, -0.939651
0.000897, 0.000299, -0.000146, -0.119751, -0.123942, 9.760303, -0.127357, 0.157047, 0.382828, 8820.015625, 0.890610, -0.002906, 0.007750, -0.454692, -0.012226, 0.011163, -0.944157
0.001831, 0.003726, -0.000146, -0.114362, -0.111368, 9.752520, -0.125933, 0.156295, 0.376449, 8840.015625, 0.889584, -0.002891, 0.007709, -0.456698, -0.012185, 0.011075, -0.948663
0.002455, 0.002792, -0.001704, -0.128732, -0.121547, 9.762699, -0.127594, 0.157998, 0.381472, 8860.015625, 0.888545, -0.002883, 0.007732, -0.458715, -0.012218, 0.011096, -0.953201
0.003701, 0.003415, -0.002016, -0.129930, -0.123942, 9.759107, -0.128424, 0.163141, 0.380406, 8880.015625, 0.887500, -0.002867, 0.007766, -0.460733, -0.012245, 0.011143, -0.957746
0.002143, 0.002480, -0.000146, -0.113165, -0.113165, 9.754316, -0.129135, 0.161281, 0.381356, 8900.015625, 0.886460, -0.002860, 0.007715, -0.462732, -0.012211, 0.011032, -0.962252
0.002766, 0.001234, -0.000146, -0.114362, -0.123344, 9.767488, -0.131270, 0.158118, 0.389113, 8920.015625, 0.885415, -0.002887, 0.007679, -0.464729, -0.012250, 0.010914, -0.966758
0.002455, 0.002480, -0.001704, -0.121547, -0.124541, 9.740545, -0.127001, 0.160213, 0.386367, 8940.015625, 0.884358, -0.002898, 0.007690, -0.466736, -0.012306, 0.010896, -0.971296
0.004013, 0.003103, -0.003262, -0.120948, -0.125140, 9.768686, -0.126645, 0.161808, 0.379580, 8960.015625, 0.883290, -0.002893, 0.007698, -0.468755, -0.012329, 0.010886, -0.975866
0.003701, 0.000610, 0.000789, -0.123344, -0.113763, 9.775871, -0.123799, 0.157524, 0.384969, 8980.015625, 0.882236, -0.002854, 0.007672, -0.470736, -0.012261, 0.010851, -0.980352
0.004636, 0.003103, -0.000458, -0.115560, -0.115560, 9.757909, -0.124392, 0.160869, 0.384341, 9000.015625, 0.881172, -0.002818, 0.007645, -0.472726, -0.012194, 0.010808, -0.984865
0.002455, 0.003415, -0.000769, -0.117356, -0.115560, 9.766891, -0.128187, 0.159047, 0.381643, 9020.015625, 0.880102, -0.002796, 0.007639, -0.474716, -0.012176, 0.010792, -0.989384
0.002766, 0.004973, -0.002639, -0.121547, -0.122745, 9.770483, -0.127119, 0.155854, 0.383794, 9040.015625, 0.879017, -0.002782, 0.007678, -0.476720, -0.012212, 0.010845, -0.993941
0.002143, 0.003726, -0.000458, -0.115560, -0.120948, 9.755514, -0.124629, 0.158678, 0.390724, 9060.015625, 0.877939, -0.002784, 0.007682, -0.478702, -0.012244, 0.010824, -0.998454
0.005882, 0.001857, -0.002639, -0.120350, -0.115560, 9.756711, -0.127712, 0.158474, 0.385166, 9080.015625, 0.876847, -0.002731, 0.007661, -0.480701, -0.012155, 0.010810, -1.003010
0.004013, 0.001234, -0.002951, -0.116757, -0.123942, 9.766292, -0.126764, 0.160712, 0.391961, 9100.015625, 0.875748, -0.002737, 0.007649, -0.482700, -0.012178, 0.010756, -1.007573
0.000585, 0.003726, -0.001393, -0.112566, -0.120948, 9.766891, -0.126052, 0.161243, 0.382342, 9120.015625, 0.874652, -0.002756, 0.007657, -0.484683, -0.012244, 0.010723, -1.012105
0.001520, 0.002792, -0.001704, -0.117955, -0.123344, 9.773477, -0.130321, 0.158785, 0.384060, 9140.015625, 0.873550, -0.002766, 0.007677, -0.486667, -0.012306, 0.010721, -1.016643
0.004324, 0.000922, -0.002327, -0.122745, -0.119152, 9.751323, -0.129610, 0.161008, 0.391743, 9160.015625, 0.872440, -0.002733, 0.007678, -0.488653, -0.012274, 0.010726, -1.021192
0.003701, 0.004038, -0.001081, -0.117955, -0.120948, 9.766891, -0.128661, 0.159378, 0.391039, 9180.015625, 0.871332, -0.002707, 0.007696, -0.490625, -0.012271, 0.010756, -1.025718
0.001831, 0.000610, -0.001704, -0.119751, -0.120948, 9.774673, -0.126171, 0.159422, 0.395075, 9200.015625, 0.870217, -0.002710, 0.007700, -0.492601, -0.012304, 0.010732, -1.030255
0.001208, 0.003103, -0.001081, -0.121547, -0.117955, 9.763297, -0.125578, 0.158252, 0.395026, 9220.015625, 0.869100, -0.002690, 0.007732, -0.494568, -0.012324, 0.010779, -1.034781
0.002766, 0.002792, 0.000477, -0.122745, -0.120948, 9.759107, -0.120241, 0.161265, 0.386094, 9240.015625, 0.867987, -0.002665, 0.007763, -0.496520, -0.012336, 0.010831, -1.039275
0.001520, 0.001857, 0.000477, -0.128732, -0.119751, 9.762100, -0.123443, 0.158031, 0.391957, 9260.015625, 0.866869, -0.002638, 0.007811, -0.498468, -0.012362, 0.010913, -1.043769
0.002766, 0.004350, -0.001393, -0.111967, -0.121547, 9.757310, -0.124629, 0.168227, 0.395649, 9280.015625, 0.865737, -0.002629, 0.007816, -0.500431, -0.012377, 0.010903, -1.048300