-0.003478, -0.000661, -0.001819, 0.172441, -0.268242, 9.788445, -0.096484, -0.217241, 0.394265, 97220.000000
-0.000986, 0.002143, -0.000572, 0.165855, -0.255668, 9.789044, -0.096248, -0.216865, 0.397710, 97240.000000
-0.003478, 0.001520, -0.001195, 0.167053, -0.264650, 9.805809, -0.097548, -0.215851, 0.389228, 97260.000000
0.002442, 0.001208, -0.001819, 0.173040, -0.259261, 9.772878, -0.097430, -0.216691, 0.394283, 97280.000000
-0.001297, 0.000273, -0.001819, 0.167053, -0.254471, 9.796229, -0.097903, -0.216234, 0.393663, 97300.000000
-0.000362, -0.000973, -0.000572, 0.169448, -0.260458, 9.786649, -0.095775, -0.215993, 0.395835, 97320.000000
-0.000362, -0.001285, -0.001819, 0.167053, -0.266446, 9.784254, -0.097312, -0.219464, 0.391644, 97340.000000
-0.000674, -0.000973, -0.000884, 0.171244, -0.268242, 9.793834, -0.100150, -0.218778, 0.393572, 97360.000000
-0.005036, -0.000038, 0.000051, 0.170046, -0.265847, 9.795630, -0.095302, -0.214999, 0.392438, 97380.000000
-0.002855, -0.000661, -0.000261, 0.167053, -0.262853, 9.794433, -0.091873, -0.217223, 0.394143, 97400.000000
-0.002544, 0.001520, -0.001195, 0.162861, -0.267643, 9.790241, -0.095656, -0.214656, 0.388637, 97420.000000
-0.005036, -0.000038, -0.000884, 0.173639, -0.267643, 9.774076, -0.097785, -0.216831, 0.399489, 97440.000000
-0.003790, -0.001596, 0.000362, 0.167651, -0.265248, 9.786649, -0.101214, -0.214608, 0.398038, 97460.000000
0.000261, -0.000973, 0.000362, 0.169448, -0.270637, 9.801618, -0.100623, -0.218442, 0.388372, 97480.007812
-0.002232, 0.000273, -0.000572, 0.159269, -0.267643, 9.792637, -0.102633, -0.214809, 0.388751, 97500.000000
-0.005659, 0.001208, 0.000674, 0.164059, -0.268841, 9.763297, -0.100977, -0.217737, 0.398056, 97520.000000
-0.001609, 0.000585, -0.001507, 0.172441, -0.266446, 9.788445, -0.095183, -0.218981, 0.391409, 97540.000000
-0.004413, -0.001285, -0.000572, 0.165855, -0.266446, 9.796828, -0.096957, -0.218356, 0.384947, 97560.000000
-0.003167, -0.000973, 0.001609, 0.159269, -0.267643, 9.783655, -0.095065, -0.215711, 0.390253, 97580.000000
-0.004102, 0.002766, -0.002130, 0.155676, -0.268841, 9.805210, -0.094710, -0.215207, 0.389000, 97600.000000
-0.002544, 0.004324, -0.000572, 0.162263, -0.267045, 9.793834, -0.096839, -0.215448, 0.386447, 97620.000000
-0.002855, 0.003701, -0.000261, 0.172441, -0.271236, 9.778865, -0.095065, -0.214623, 0.386351, 97640.000000
-0.003167, 0.001831, -0.000572, 0.177231, -0.278421, 9.760303, -0.094947, -0.214133, 0.396663, 97660.000000
-0.003167, 0.001208, 0.000674, 0.170645, -0.272433, 9.769285, -0.095420, -0.219599, 0.383761, 97680.000000
-0.004102, 0.001831, 0.000362, 0.161065, -0.257465, 9.792637, -0.095065, -0.213173, 0.387927, 97700.000000
-0.005036, 0.001208, 0.002544, 0.159868, -0.248483, 9.774076, -0.095065, -0.214865, 0.387105, 97720.000000
-0.003478, -0.000350, 0.000051, 0.171244, -0.268242, 9.792038, -0.095302, -0.217054, 0.385884, 97740.000000
-0.003167, 0.003389, -0.000572, 0.178429, -0.274230, 9.788445, -0.094947, -0.212562, 0.392270, 97760.000000
-0.002855, 0.003078, -0.000572, 0.167053, -0.260458, 9.780063, -0.094829, -0.216181, 0.386805, 97780.000000
-0.002544, -0.000038, 0.000362, 0.158071, -0.257465, 9.794433, -0.093646, -0.216235, 0.392524, 97800.000000
-0.003167, -0.001285, -0.001195, 0.168849, -0.264650, 9.780662, -0.096602, -0.216523, 0.379927, 97820.000000
0.000572, -0.000350, -0.001507, 0.162263, -0.264051, 9.787248, -0.095420, -0.215973, 0.382617, 97840.000000
-0.004413, -0.000350, -0.000884, 0.172441, -0.264650, 9.788445, -0.095893, -0.214066, 0.385098, 97860.000000
-0.004413, 0.000897, -0.000884, 0.171843, -0.266446, 9.768686, -0.093883, -0.215765, 0.381355, 97880.000000
-0.005036, 0.000897, -0.000884, 0.170645, -0.265248, 9.787847, -0.098140, -0.218302, 0.387998, 97900.000000
-0.000051, 0.002455, -0.002753, 0.162263, -0.259860, 9.784853, -0.099677, -0.215246, 0.381621, 97920.000000
-0.004102, -0.000038, 0.000051, 0.170046, -0.267643, 9.785452, -0.099440, -0.216683, 0.385766, 97940.000000
-0.003167, -0.002219, -0.001819, 0.161065, -0.265248, 9.792038, -0.097312, -0.216200, 0.380192, 97960.000000
-0.000362, 0.003389, -0.001819, 0.170645, -0.262255, 9.789642, -0.096957, -0.221015, 0.386760, 97980.007812
-0.001920, 0.002455, -0.000572, 0.162263, -0.262853, 9.791439, -0.100386, -0.218550, 0.382903, 98000.000000
-0.002544, 0.001208, 0.000986, 0.171244, -0.263452, 9.790241, -0.096721, -0.219551, 0.381982, 98020.000000
-0.001920, 0.000897, -0.000572, 0.167651, -0.276625, 9.790840, -0.098612, -0.220746, 0.382319, 98040.000000
-0.000986, 0.000897, -0.000261, 0.164658, -0.265847, 9.778865, -0.096839, -0.219437, 0.388976, 98060.000000
-0.001920, 0.000897, -0.001195, 0.171244, -0.256267, 9.798624, -0.094119, -0.212878, 0.383362, 98080.000000
-0.003790, 0.001520, -0.000884, 0.167651, -0.255668, 9.789642, -0.095893, -0.214670, 0.381518, 98100.000000
-0.002855, 0.002143, 0.000986, 0.172441, -0.265847, 9.790840, -0.095893, -0.216483, 0.387556, 98120.000000
-0.000986, -0.001285, -0.001507, 0.171244, -0.273032, 9.784254, -0.096129, -0.213716, 0.389050, 98140.000000
-0.004102, -0.000350, 0.000051, 0.168250, -0.263452, 9.798025, -0.098258, -0.215891, 0.381600, 98160.000000
-0.003790, -0.000038, -0.001507, 0.167651, -0.269440, 9.767488, -0.095656, -0.217195, 0.382320, 98180.000000
-0.001297, -0.000038, 0.000051, 0.176034, -0.264650, 9.794433, -0.096484, -0.217604, 0.385736, 98200.000000
-0.003167, 0.001208, 0.000362, 0.173639, -0.264650, 9.798025, -0.095656, -0.217195, 0.388294, 98220.000000
-0.001609, 0.000585, -0.000884, 0.186812, -0.264650, 9.781260, -0.097430, -0.215603, 0.391906, 98240.000000
-0.002544, -0.000350, -0.001195, 0.175435, -0.268242, 9.786649, -0.094356, -0.215550, 0.389369, 98260.000000
-0.001297, 0.000273, -0.000572, 0.164059, -0.269440, 9.794433, -0.094356, -0.217605, 0.390823, 98280.000000
-0.000051, 0.001520, -0.001819, 0.162263, -0.269440, 9.797426, -0.093173, -0.220801, 0.390585, 98300.000000
-0.002232, -0.000038, -0.000884, 0.160466, -0.265248, 9.790241, -0.093646, -0.218169, 0.386863, 98320.000000
-0.004102, -0.000350, 0.000674, 0.161664, -0.262255, 9.789642, -0.094119, -0.220855, 0.387659, 98340.000000
-0.000674, 0.000897, -0.001507, 0.167053, -0.263452, 9.797426, -0.098140, -0.219390, 0.385799, 98360.000000
-0.004725, -0.000661, 0.001609, 0.182620, -0.268841, 9.805809, -0.096602, -0.218578, 0.386083, 98380.000000
-0.003167, -0.000973, -0.002130, 0.171244, -0.273631, 9.773477, -0.094237, -0.214697, 0.385459, 98400.000000
-0.003167, -0.000038, -0.000572, 0.167053, -0.257465, 9.777069, -0.095065, -0.217161, 0.385753, 98420.000000
-0.002232, 0.000273, 0.001297, 0.164658, -0.262853, 9.786050, -0.095302, -0.216570, 0.389968, 98440.000000
-0.005036, -0.000350, -0.001195, 0.183818, -0.264650, 9.774673, -0.097194, -0.214743, 0.385200, 98460.000000
-0.001609, 0.001208, -0.000884, 0.171244, -0.264650, 9.778266, -0.097430, -0.215844, 0.390500, 98480.007812
-0.002232, 0.000273, 0.000362, 0.173639, -0.264051, 9.787847, -0.095775, -0.212971, 0.393780, 98500.000000
-0.003167, 0.000585, -0.002130, 0.160466, -0.262853, 9.786649, -0.097548, -0.215489, 0.390639, 98520.000000
-0.004413, -0.000661, -0.000261, 0.164658, -0.265248, 9.804013, -0.095656, -0.215140, 0.383281, 98540.000000
-0.001920, 0.000897, -0.000261, 0.177830, -0.266446, 9.798025, -0.097667, -0.215374, 0.390135, 98560.000000
-0.000051, -0.000350, 0.000051, 0.164658, -0.267643, 9.788445, -0.097312, -0.214750, 0.392699, 98580.000000
-0.002855, 0.000585, 0.000051, 0.162861, -0.271835, 9.796828, -0.093646, -0.219257, 0.385046, 98600.000000
-0.002544, 0.000585, 0.000674, 0.165855, -0.263452, 9.796828, -0.096721, -0.216167, 0.390235, 98620.000000
-0.004413, 0.001520, 0.000051, 0.164658, -0.258063, 9.796229, -0.096248, -0.216986, 0.392495, 98640.000000
-0.001609, 0.001520, -0.000572, 0.168849, -0.274828, 9.789044, -0.099677, -0.216092, 0.390743, 98660.000000
-0.003478, 0.001520, -0.000884, 0.168250, -0.264051, 9.790241, -0.095302, -0.214395, 0.390299, 98680.000000
-0.000362, -0.000350, -0.002130, 0.170046, -0.273032, 9.793834, -0.099677, -0.215246, 0.391917, 98700.000000
-0.000986, 0.000273, -0.001195, 0.163460, -0.260458, 9.793834, -0.097194, -0.215106, 0.387221, 98720.000000
-0.000362, -0.000350, -0.003688, 0.168250, -0.258662, 9.810000, -0.094119, -0.216383, 0.387561, 98740.000000
-0.009710, -0.009386, 0.000362, 0.164059, -0.262853, 9.772279, -0.093173, -0.215241, 0.389254, 98760.000000
-0.005348, -0.002842, -0.003377, 0.161065, -0.233514, 9.812395, -0.097194, -0.214139, 0.384332, 98780.000000
-0.011891, -0.008451, -0.008050, 0.171843, -0.305365, 9.790840, -0.097075, -0.216429, 0.383362, 98800.000000
-0.006594, -0.004089, -0.004935, 0.178429, -0.293989, 9.764495, -0.095538, -0.218397, 0.394988, 98820.000000
-0.010333, 0.000897, -0.005558, 0.185015, -0.255070, 9.730366, -0.096366, -0.215422, 0.390134, 98840.000000
0.005558, 0.013672, -0.001819, 0.167651, -0.244292, 9.754915, -0.096721, -0.215563, 0.395213, 98860.000000
0.023318, 0.028940, -0.005558, 0.124541, -0.261057, 9.868678, -0.101687, -0.216085, 0.388199, 98880.000000
0.002130, 0.005882, -0.003377, 0.166454, -0.255070, 9.787847, -0.098731, -0.214105, 0.396025, 98900.000000
0.018333, 0.021462, 0.002232, 0.166454, -0.285007, 9.744138, -0.098849, -0.216046, 0.385916, 98920.000000
0.030797, 0.033925, -0.000261, 0.155676, -0.238903, 9.780662, -0.103460, -0.215823, 0.391130, 98940.000000
0.034536, 0.044831, 0.004725, 0.159868, -0.249082, 9.721385, -0.099085, -0.210378, 0.396282, 98960.000000
0.080028, 0.095308, 0.001609, 0.135319, -0.234113, 9.760303, -0.099085, -0.212433, 0.390618, 98980.007812
0.135179, 0.166662, 0.005348, 0.130529, -0.198787, 9.701626, -0.106062, -0.209806, 0.396168, 99000.000000
0.203729, 0.238328, 0.006283, 0.026345, -0.173040, 9.946517, -0.105825, -0.206166, 0.387398, 99020.000000
0.190954, 0.212466, -0.000884, 0.049697, -0.120350, 9.717793, -0.108308, -0.204373, 0.389492, 99040.000000
0.217750, 0.238640, -0.004000, -0.104782, -0.040715, 9.922566, -0.103933, -0.205697, 0.393391, 99060.000000
0.085948, 0.082533, -0.002753, -0.108973, -0.043709, 9.868079, -0.110673, -0.204506, 0.390629, 99080.000000
0.109006, 0.076301, 0.007841, -0.051493, -0.062271, 9.854308, -0.103460, -0.203495, 0.397790, 99100.000000
0.119911, 0.051063, -0.016463, -0.064067, 0.007185, 9.801618, -0.101214, -0.211949, 0.389234, 99120.000000
0.111187, 0.033302, -0.025811, -0.120948, 0.029339, 9.693243, -0.100504, -0.212755, 0.392384, 99140.000000
0.106201, 0.013049, -0.011790, -0.044907, -0.052690, 10.418335, -0.101096, -0.211701, 0.394073, 99160.000000
0.452066, -0.004400, -0.027369, -0.028740, -0.003593, 10.475816, -0.099913, -0.205107, 0.396847, 99180.000000
0.926617, -0.033067, -0.057593, 0.002994, 0.175435, 10.375225, -0.104525, -0.197632, 0.398629, 99200.000000
1.268743, -0.057994, -0.097477, -0.191003, 0.467628, 10.057885, -0.102515, -0.187487, 0.404833, 99220.000000
1.470030, -0.082921, -0.063513, -0.071252, 0.696352, 9.950707, -0.098731, -0.178934, 0.407425, 99240.000000
1.604014, -0.104732, -0.079716, 0.170645, 1.002316, 9.889036, -0.104879, -0.159701, 0.408346, 99260.000000
1.728961, -0.138384, -0.122092, -0.445474, 1.285527, 9.718989, -0.100977, -0.148119, 0.415111, 99280.000000
1.774765, -0.139007, -0.011790, 0.039518, 1.684298, 9.956097, -0.101096, -0.134831, 0.424346, 99300.000000
1.918096, -0.154275, -0.008362, -0.083227, 2.212998, 9.620794, -0.100977, -0.113673, 0.426485, 99320.000000
1.943335, -0.148355, 0.033079, 0.047900, 2.401606, 9.818383, -0.095775, -0.097788, 0.424123, 99340.000000
2.129977, -0.172347, 0.034637, -0.072449, 2.875221, 9.359736, -0.096484, -0.080302, 0.432234, 99360.000000
2.186064, -0.188550, 0.048970, 0.090412, 3.250042, 9.208252, -0.096839, -0.060984, 0.436469, 99380.000000
2.212549, -0.192601, 0.054891, 0.129331, 3.584147, 9.018446, -0.096366, -0.038598, 0.442083, 99400.000000
2.211614, -0.197898, 0.068601, 0.186812, 4.006269, 9.151370, -0.090690, -0.019422, 0.440219, 99420.000000
2.264896, -0.162376, 0.058630, 0.316741, 4.522995, 8.790320, -0.093883, 0.003362, 0.438852, 99440.000000
2.240903, -0.077312, 0.000362, 0.299976, 4.761898, 8.181387, -0.096957, 0.024097, 0.440211, 99460.000000
2.110659, -0.045530, -0.023007, 0.247286, 5.234914, 7.946675, -0.091400, 0.042662, 0.439596, 99480.007812
1.983219, -0.034625, -0.023630, 0.223336, 5.525311, 7.651489, -0.094237, 0.058577, 0.433668, 99500.000000
1.862633, -0.027146, -0.015217, 0.228724, 5.906118, 7.546108, -0.094119, 0.074175, 0.433451, 99520.000000
1.782866, -0.027458, -0.010543, 0.309556, 6.037246, 7.783814, -0.094829, 0.091176, 0.437351, 99540.000000
1.873539, -0.028393, -0.025188, 0.256267, 6.386320, 7.156918, -0.095065, 0.111106, 0.436396, 99560.000000
1.826800, -0.029016, -0.025499, 0.249681, 6.638994, 6.364765, -0.094710, 0.121883, 0.428004, 99580.000000
1.548551, -0.026835, -0.020202, 0.264650, 6.898255, 6.618637, -0.096957, 0.133842, 0.422446, 99600.000000
1.401480, -0.023096, -0.021760, 0.232916, 7.105424, 6.549181, -0.098612, 0.146681, 0.418445, 99620.000000
1.383720, -0.023096, -0.016775, 0.258063, 7.260502, 6.723419, -0.099085, 0.160070, 0.414974, 99640.000000
1.559145, -0.027458, -0.021449, 0.277822, 7.387438, 6.704857, -0.100623, 0.174124, 0.412287, 99660.000000
1.795330, -0.031509, -0.031420, 0.241897, 7.643106, 5.846842, -0.106890, 0.189603, 0.408628, 99680.000000
1.771337, -0.032132, -0.027681, 0.213157, 7.896380, 5.167255, -0.101687, 0.197754, 0.401547, 99700.000000
1.565065, -0.027770, -0.015217, 0.245490, 8.077204, 5.176835, -0.098731, 0.214600, 0.394767, 99720.000000
1.459124, -0.018734, -0.013659, 0.011975, 7.967631, 5.649851, -0.099440, 0.226525, 0.388321, 99740.000000
1.435755, -0.025589, -0.017398, -0.273032, 8.501122, 4.895420, -0.097903, 0.235798, 0.384453, 99760.000000
1.600898, -0.020603, -0.019268, 0.184417, 8.547226, 4.825964, -0.100386, 0.249678, 0.375785, 99780.000000
1.741113, -0.025900, -0.016775, 0.251477, 8.615484, 4.135600, -0.099204, 0.261831, 0.368331, 99800.000000
1.665397, -0.029951, -0.013036, 0.210163, 8.926837, 3.047064, -0.098731, 0.274911, 0.358748, 99820.000000
1.250359, -0.038052, -0.003065, 0.259860, 8.904683, 3.093767, -0.098967, 0.276227, 0.348880, 99840.000000
0.913531, -0.011255, -0.018956, 0.353864, 8.932226, 3.302732, -0.098612, 0.287004, 0.345318, 99860.000000
0.806967, -0.005958, -0.037340, 0.067061, 9.321417, 3.384163, -0.103460, 0.289631, 0.344642, 99880.000000
0.695729, -0.013748, -0.010855, 0.245490, 9.111254, 3.399132, -0.102160, 0.298165, 0.339604, 99900.000000
0.785156, -0.014683, -0.019579, 0.180225, 9.178913, 3.712281, -0.100623, 0.305141, 0.332351, 99920.000000
1.055304, -0.018734, -0.012413, 0.256866, 9.231604, 2.640509, -0.101096, 0.306323, 0.328070, 99940.000000
0.890161, -0.015929, -0.011790, 0.281415, 9.305250, 2.501598, -0.100623, 0.315052, 0.318081, 99960.000000
0.689186, -0.013437, -0.010543, 0.231119, 9.407039, 2.299219, -0.104761, 0.317115, 0.320945, 99980.007812
0.513138, -0.012502, -0.002442, 0.237706, 9.374705, 2.430346, -0.101569, 0.320679, 0.319421, 100000.000000
0.487276, -0.010009, -0.000884, 0.229922, 9.409433, 2.845283, -0.099322, 0.326970, 0.311382, 100020.000000
0.680773, -0.014060, -0.004935, 0.293390, 9.334589, 3.014132, -0.105352, 0.329772, 0.305881, 100040.000000
1.030065, -0.022161, -0.010543, 0.277822, 9.446556, 2.427352, -0.103815, 0.337957, 0.298925, 100060.000000
1.180563, -0.025900, -0.010855, 0.213756, 9.549542, 1.329835, -0.106298, 0.343013, 0.286643, 100080.000000
0.964320, -0.021538, -0.006493, 0.246687, 9.353749, 2.027384, -0.105116, 0.350816, 0.290730, 100100.000000
1.035362, -0.023096, -0.010543, 0.241897, 9.612411, 1.359772, -0.107481, 0.356000, 0.279597, 100120.000000
0.980211, -0.018110, -0.003377, 0.276625, 9.572295, 1.384321, -0.107126, 0.365689, 0.276887, 100140.000000
0.999841, -0.022473, -0.012413, 0.215552, 9.649534, 1.316662, -0.111619, 0.367490, 0.262455, 100160.000000
1.116999, -0.024654, -0.008985, 0.244292, 9.640553, 1.396297, -0.110200, 0.373251, 0.258083, 100180.000000
1.384343, -0.033378, -0.013659, 0.386796, 9.477093, 1.739383, -0.109136, 0.384189, 0.247917, 100200.000000
1.511783, -0.042414, -0.014905, 0.224533, 9.693842, -0.070054, -0.111383, 0.382974, 0.238721, 100220.000000
1.346952, -0.039610, -0.012101, 0.246687, 9.687256, 0.170645, -0.108190, 0.390285, 0.226143, 100240.000000
1.403973, -0.051762, -0.022384, 0.214354, 9.654922, -0.159269, -0.105589, 0.395509, 0.213872, 100260.000000
1.217642, -0.075443, -0.007739, 0.014969, 9.905203, -2.419569, -0.105471, 0.400592, 0.205789, 100280.000000
0.439602, -0.066407, 0.038688, 0.182021, 9.757909, -0.874182, -0.101450, 0.401544, 0.174686, 100300.000000
0.317148, -0.055813, 0.032456, 0.195793, 9.677675, -1.029260, -0.096011, 0.399192, 0.200665, 100320.000000
0.253583, -0.020915, 0.026224, 0.331111, 9.751922, -0.425116, -0.099795, 0.401758, 0.195286, 100340.000000
0.348618, -0.034001, -0.010232, 0.264650, 9.717793, -0.702938, -0.102278, 0.400409, 0.192313, 100360.000000
0.369806, -0.014683, -0.026746, 0.193997, 9.660911, -1.058000, -0.097194, 0.399367, 0.191392, 100380.000000
0.213388, -0.010009, -0.015529, 0.197589, 9.427995, -1.797462, -0.100859, 0.401456, 0.186885, 100400.000000
-0.277677, 0.012425, 0.000362, 0.201182, 9.559721, -1.288521, -0.096366, 0.398326, 0.189958, 100420.000000
-0.595187, 0.020838, -0.004623, 0.380808, 9.756711, -0.438887, -0.098494, 0.399777, 0.194328, 100440.000000
-0.474291, 0.006505, -0.037963, 0.189805, 9.884845, -0.067061, -0.100623, 0.401591, 0.195660, 100460.000000
-0.199780, -0.003777, -0.011790, 0.196392, 9.811198, -0.114961, -0.103815, 0.401289, 0.203273, 100480.007812
-0.026848, -0.002842, 0.000362, 0.241298, 9.712403, -0.504152, -0.104052, 0.403935, 0.200823, 100500.000000
-0.029963, -0.000038, 0.001609, 0.237706, 9.708811, -0.619113, -0.102988, 0.400248, 0.204762, 100520.000000
-0.041181, -0.002531, -0.002753, 0.220342, 9.723181, -0.615520, -0.102160, 0.401866, 0.203295, 100540.000000
-0.032456, -0.003777, -0.004311, 0.186812, 9.745934, -0.452659, -0.103106, 0.404351, 0.206685, 100560.000000
0.010855, 0.000585, 0.004102, 0.223934, 9.721984, -0.473615, -0.097667, 0.403208, 0.204236, 100580.000000
0.041079, 0.000585, 0.004413, 0.234113, 9.738749, -0.401765, -0.100268, 0.399798, 0.200809, 100600.000000
0.070680, -0.002531, 0.003790, 0.249681, 9.675879, -0.775986, -0.099558, 0.399717, 0.200934, 100620.000000
-0.037753, -0.000661, -0.000572, 0.228126, 9.706416, -0.592169, -0.099558, 0.402859, 0.196723, 100640.000000
-0.093528, -0.000973, -0.000572, 0.202379, 9.730965, -0.469424, -0.100268, 0.402819, 0.200788, 100660.000000
-0.101941, 0.001208, 0.004102, 0.219743, 9.728570, -0.539478, -0.104525, 0.399074, 0.198365, 100680.000000
-0.118143, 0.001520, 0.006906, 0.222737, 9.744138, -0.392783, -0.099913, 0.401147, 0.203272, 100700.000000
-0.064862, -0.000661, 0.005036, 0.238304, 9.721984, -0.738864, -0.100386, 0.406439, 0.203711, 100720.000000
-0.189186, -0.001285, 0.001297, 0.213756, 9.736354, -1.109493, -0.102278, 0.402947, 0.204095, 100740.000000
-0.600484, 0.006505, 0.010333, 0.186812, 9.804013, -1.781296, -0.100977, 0.398670, 0.213988, 100760.000000
-1.307482, 0.021150, 0.034949, 0.304167, 9.568702, 0.752036, -0.097785, 0.390148, 0.228437, 100780.000000
-1.168824, 0.017411, 0.022174, 0.237706, 9.733359, 0.085023, -0.098612, 0.386717, 0.230222, 100800.000000
-1.110557, 0.020527, 0.019993, 0.265248, 9.670490, 0.211360, -0.104879, 0.380803, 0.239414, 100820.000000
-1.243917, 0.020527, 0.015630, 0.246088, 9.666299, 0.226329, -0.099677, 0.375779, 0.249666, 100840.000000
-1.538370, 0.026135, 0.014696, 0.228724, 9.653127, -0.022753, -0.100741, 0.367138, 0.259276, 100860.000000
-2.059659, 0.037041, 0.026848, 0.216151, 9.459130, 0.853824, -0.101096, 0.353218, 0.275821, 100880.000000
-2.424531, 0.042338, 0.033079, 0.299377, 9.281300, 1.498085, -0.098494, 0.345751, 0.298313, 100900.000000
-2.499936, 0.042338, 0.039934, 0.253273, 9.254355, 2.679428, -0.101569, 0.324668, 0.318671, 100920.000000
-2.259389, 0.040780, 0.035261, 0.280816, 9.136401, 3.087779, -0.102042, 0.312192, 0.329419, 100940.000000
-2.116992, 0.037664, 0.026224, 0.265248, 9.046588, 2.894381, -0.096129, 0.298143, 0.340499, 100960.000000
-2.283381, 0.039222, 0.019993, 0.241298, 8.893906, 2.797383, -0.098494, 0.280605, 0.349542, 100980.007812
-2.643891, 0.041403, 0.029652, 0.237107, 8.568183, 3.778742, -0.092582, 0.264381, 0.365122, 101000.000000
-2.809033, 0.047012, 0.031210, 0.226928, 8.344847, 4.328399, -0.095656, 0.241605, 0.378176, 101020.000000
-2.827106, 0.047635, 0.029340, 0.281415, 7.954459, 5.500163, -0.093528, 0.219124, 0.393025, 101040.000000
-2.543247, 0.047947, 0.023420, 0.241897, 7.827523, 6.363567, -0.096129, 0.200485, 0.400123, 101060.000000
-2.108891, 0.037976, 0.024043, 0.225731, 7.686217, 6.306685, -0.097194, 0.185438, 0.408111, 101080.000000
-1.794808, 0.031744, 0.023732, 0.247885, 7.490424, 6.316864, -0.091400, 0.167031, 0.414208, 101100.000000
-1.694476, 0.030498, 0.017500, 0.252076, 7.285650, 6.176157, -0.095775, 0.156873, 0.420076, 101120.000000
-1.769570, 0.030186, 0.017188, 0.199984, 7.121591, 6.288124, -0.092464, 0.143886, 0.417210, 101140.000000
-1.925053, 0.031744, 0.025913, 0.225731, 6.744375, 6.965915, -0.094356, 0.126496, 0.426894, 101160.000000
-1.895140, 0.030498, 0.031833, 0.256267, 6.501880, 7.667057, -0.094119, 0.114302, 0.436509, 101180.000000
-1.651789, 0.028317, 0.020616, 0.260458, 6.255791, 7.707772, -0.094119, 0.101007, 0.436679, 101200.000000
-1.432741, 0.022085, 0.010957, 0.240101, 6.115084, 7.738907, -0.093765, 0.082293, 0.439456, 101220.000000
-1.328358, 0.022085, 0.008775, 0.205373, 5.936655, 7.411388, -0.093055, 0.070851, 0.435497, 101240.000000
-1.480414, 0.022085, 0.016565, 0.223934, 5.673203, 7.656279, -0.092700, 0.061322, 0.437706, 101260.000000
-1.582616, 0.023019, 0.022485, 0.225132, 5.397776, 8.294552, -0.090099, 0.046603, 0.444311, 101280.000000
-1.476987, 0.023331, 0.024978, 0.254471, 5.168452, 8.539442, -0.094592, 0.034263, 0.442857, 101300.000000
-1.313714, 0.030809, 0.012203, 0.278421, 4.936734, 8.540041, -0.094829, 0.020471, 0.442247, 101320.000000
-1.211512, 0.046077, 0.000986, 0.231119, 4.780459, 8.502918, -0.092819, 0.008619, 0.447045, 101340.000000
-1.209331, 0.062280, -0.002442, 0.286205, 4.600234, 8.433463, -0.093883, 0.000944, 0.443725, 101360.000000
-1.297511, 0.101852, -0.028304, 0.111368, 4.349955, 8.986712, -0.092464, -0.008040, 0.444301, 101380.000000
-1.214940, 0.096555, -0.020514, 0.777783, 3.792514, 8.162227, -0.092819, -0.019421, 0.440216, 101400.000000
-1.174433, 0.096243, -0.027681, 0.129331, 3.876938, 9.018446, -0.095893, -0.030956, 0.445656, 101420.000000
-1.126448, 0.098736, -0.043883, 0.175435, 3.763175, 8.539442, -0.090808, -0.045294, 0.452023, 101440.000000
-1.386937, 0.114627, -0.045130, 0.119751, 3.493735, 8.633447, -0.096484, -0.055888, 0.435250, 101460.000000
-1.642129, 0.129583, -0.046376, 0.072449, 3.127896, 9.377700, -0.099558, -0.068390, 0.434936, 101480.007812
-1.537747, 0.117431, -0.036405, 0.061073, 2.808161, 9.803414, -0.097903, -0.084371, 0.441114, 101500.000000
-1.307170, 0.097178, -0.024876, 0.065264, 2.616559, 9.278905, -0.098140, -0.089702, 0.437114, 101520.000000
-1.352039, 0.103410, -0.023318, 0.064067, 2.346520, 9.335188, -0.098140, -0.101910, 0.430586, 101540.000000
-1.427132, 0.113692, -0.026746, 0.032333, 2.069297, 9.559122, -0.100859, -0.116446, 0.427405, 101560.000000
-1.425263, 0.112446, -0.034847, -0.058678, 1.809437, 9.767488, -0.100268, -0.128378, 0.424954, 101580.000000
-1.351416, 0.100294, -0.020514, -0.099992, 1.557361, 9.761501, -0.103342, -0.141243, 0.411028, 101600.000000
-1.265729, 0.091258, -0.006804, -0.017364, 1.272354, 10.105186, -0.103933, -0.151671, 0.414475, 101620.000000
-1.040449, 0.070381, -0.015529, -0.090412, 1.140628, 9.856105, -0.106653, -0.160406, 0.403744, 101640.000000
-0.956009, 0.061345, 0.002544, -0.083227, 0.965193, 9.671688, -0.102278, -0.168135, 0.401063, 101660.000000
-0.993399, 0.057606, 0.014696, -0.071851, 0.713716, 9.775272, -0.105707, -0.178844, 0.408692, 101680.000000
-1.012095, 0.051063, 0.009087, -0.099393, 0.520917, 9.812994, -0.106417, -0.185532, 0.405533, 101700.000000
-1.043565, 0.052932, 0.029963, -0.095202, 0.350870, 9.716595, -0.109136, -0.196805, 0.405899, 101720.000000
-1.043254, 0.049505, 0.023732, -0.016765, 0.123942, 9.829760, -0.102278, -0.197264, 0.401187, 101740.000000
-0.928589, -0.006893, -0.021760, 0.032932, -0.593965, 11.630216, -0.107599, -0.200949, 0.401306, 101760.000000
-0.181396, -0.100059, -0.036717, -0.122745, -0.006586, 9.878858, -0.116586, -0.198918, 0.398699, 101780.000000
-0.117209, -0.102551, -0.008674, -0.055684, -0.078437, 9.820778, -0.114102, -0.190680, 0.393398, 101800.000000
-0.095709, -0.093515, 0.001297, -0.044308, -0.065264, 9.854907, -0.114221, -0.194313, 0.394923, 101820.000000
-0.153353, -0.166427, 0.001609, 0.005988, -0.092807, 9.880054, -0.113275, -0.197039, 0.389363, 101840.000000
-0.177657, -0.191978, 0.001609, 0.068857, -0.152682, 9.672287, -0.116822, -0.196756, 0.388861, 101860.000000
-0.078260, -0.085102, 0.002855, 0.061073, -0.164059, 9.775272, -0.112802, -0.196408, 0.393198, 101880.000000
-0.031521, -0.028704, 0.003167, 0.065264, -0.167053, 9.748927, -0.104170, -0.196525, 0.395491, 101900.000000
0.013659, 0.026447, -0.003065, 0.041314, -0.141905, 9.844130, -0.106180, -0.202802, 0.391202, 101920.000000
-0.010022, -0.000661, -0.002442, 0.044907, -0.161065, 9.793834, -0.104761, -0.205502, 0.386533, 101940.000000
-0.013761, -0.000661, -0.002130, 0.227527, 0.195194, 10.212363, -0.105944, -0.208228, 0.387834, 101960.000000
-0.091035, -0.075754, -0.007116, 0.091011, -0.186213, 9.494456, -0.102396, -0.211653, 0.389371, 101980.007812
-0.002855, 0.006505, -0.004623, 0.059875, -0.191003, 9.902208, -0.098494, -0.211554, 0.390141, 102000.000000
-0.008464, 0.071004, 0.000986, 0.226329, -0.232916, 9.380095, -0.098376, -0.214327, 0.387756, 102020.000000
0.024876, 0.036729, -0.001507, -0.004191, -0.157473, 10.001602, -0.097903, -0.213817, 0.388791, 102040.000000
-0.109730, -0.128725, -0.010232, 0.107177, -0.211959, 9.717194, -0.096602, -0.215073, 0.396120, 102060.000000
-0.070159, -0.083233, -0.007427, 0.020956, -0.265248, 9.692644, -0.093292, -0.215248, 0.392559, 102080.000000
-0.047413, -0.048646, -0.006804, 0.125739, -0.229323, 9.705817, -0.095302, -0.216449, 0.393531, 102100.000000
-0.007217, -0.004089, -0.001195, 0.128732, -0.244891, 9.721385, -0.093528, -0.218404, 0.394354, 102120.000000
-0.002232, -0.000661, -0.000572, 0.113763, -0.225731, 9.798025, -0.094001, -0.218672, 0.396632, 102140.000000
-0.003790, -0.004712, -0.002130, 0.106578, -0.224533, 9.814192, -0.096129, -0.222298, 0.389767, 102160.000000
-0.005036, -0.004400, -0.000884, 0.107177, -0.209564, 9.787248, -0.094947, -0.219572, 0.388592, 102180.000000
-0.005036, -0.002531, -0.000261, 0.114362, -0.224533, 9.786050, -0.097785, -0.222029, 0.391427, 102200.000000
-0.004413, -0.003466, -0.002130, 0.117356, -0.229323, 9.801618, -0.093410, -0.215496, 0.391914, 102220.000000
-0.003167, -0.003466, -0.002442, 0.111967, -0.228126, 9.782457, -0.091045, -0.219835, 0.391511, 102240.000000
-0.005971, -0.000973, 0.000674, 0.111368, -0.215552, 9.785452, -0.097548, -0.219719, 0.396846, 102260.000000
-0.004102, -0.001285, -0.001507, 0.110171, -0.214953, 9.789642, -0.095302, -0.219350, 0.396353, 102280.000000
-0.005036, -0.003466, -0.001507, 0.119152, -0.224533, 9.805210, -0.097430, -0.219954, 0.395313, 102300.000000
-0.003167, -0.001596, -0.001819, 0.134121, -0.235311, 9.959689, -0.101096, -0.213272, 0.396433, 102320.000000
-0.124375, -0.192601, 0.028717, 0.103585, 0.017364, 8.665181, -0.095893, -0.217933, 0.391572, 102340.000000
-0.011268, -0.005024, 0.001920, 0.206570, -0.255070, 9.471704, -0.094947, -0.214254, 0.387762, 102360.000000
0.084078, 0.119612, 0.042739, 0.082029, -0.289199, 10.291399, -0.097312, -0.213541, 0.395156, 102380.000000
0.075354, 0.095308, 0.136839, 0.150886, -0.002395, 10.072255, -0.102988, -0.212774, 0.389458, 102400.000000
0.070992, 0.105279, 0.005036, 0.204774, -0.310155, 9.392669, -0.103224, -0.212425, 0.390868, 102420.000000
0.175374, 0.240821, 0.006594, 0.016166, -0.162861, 9.997411, -0.104998, -0.206240, 0.395785, 102440.000000
0.151693, 0.188785, 0.006283, -0.013771, -0.141905, 9.839339, -0.108781, -0.205125, 0.393279, 102460.000000
0.125208, 0.148279, 0.018435, 0.026345, -0.144300, 9.502240, -0.112092, -0.198060, 0.393650, 102480.007812
0.251091, 0.297530, 0.037130, -0.186812, 0.027543, 10.208173, -0.111856, -0.196959, 0.394832, 102500.000000
0.090310, 0.121170, 0.056137, -0.145497, -0.041314, 9.847123, -0.111619, -0.199363, 0.393605, 102520.000000
0.058216, 0.097801, 0.055514, -0.063468, -0.065264, 9.809402, -0.109136, -0.199222, 0.394756, 102540.000000
0.041702, 0.096243, 0.037442, -0.141905, -0.019160, 9.799822, -0.109136, -0.203936, 0.400311, 102560.000000
0.033912, 0.094062, 0.044297, -0.263452, 0.036524, 9.854907, -0.111619, -0.202505, 0.397181, 102580.000000
0.013036, 0.129583, 0.023109, -0.111967, 0.022154, 9.912388, -0.110437, -0.202922, 0.395006, 102600.000000
-0.020304, 0.359225, 0.000051, -0.198188, -0.002994, 10.118958, -0.112211, -0.202539, 0.385739, 102620.000000
-0.088231, 0.533404, 0.000362, -0.322130, -0.098196, 9.851315, -0.122143, -0.203825, 0.393819, 102640.000000
-0.082934, 0.512839, 0.006283, -0.476609, -0.091610, 9.747730, -0.122143, -0.204188, 0.395077, 102660.000000
-0.037130, 0.437122, 0.022485, -0.555046, -0.124541, 9.834549, -0.128055, -0.209236, 0.386506, 102680.000000
-0.026224, 0.493832, 0.033391, -0.559237, 0.118553, 9.966874, -0.130893, -0.205166, 0.383086, 102700.000000
-0.042427, 0.639656, -0.018021, -0.758024, -0.151485, 10.010583, -0.135623, -0.203983, 0.383377, 102720.000000
-0.029652, 0.808537, 0.013449, -0.828078, -0.038320, 9.851315, -0.145792, -0.198151, 0.377343, 102740.000000
-0.007529, 0.938159, 0.011268, -1.034050, 0.121547, 9.949511, -0.153714, -0.205126, 0.382175, 102760.000000
-0.020616, 1.055628, -0.087817, -1.356779, 0.076641, 9.603430, -0.163055, -0.199973, 0.380058, 102780.000000
0.030173, 1.017926, -0.173505, -1.436413, -0.225731, 9.865685, -0.166839, -0.202242, 0.342606, 102800.000000
0.013659, 1.086787, -0.117107, -1.558559, -0.160466, 9.718989, -0.175353, -0.198130, 0.372738, 102820.000000
0.005869, 1.171851, -0.054166, -1.796863, -0.238903, 9.712403, -0.185758, -0.198718, 0.365843, 102840.000000
0.008674, 1.231676, 0.020616, -2.011817, 0.000000, 9.569301, -0.188832, -0.202276, 0.355420, 102860.000000
0.052919, 1.307393, 0.025913, -2.204616, -0.024549, 9.708811, -0.200302, -0.204616, 0.348336, 102880.000000
0.046376, 1.432029, 0.019058, -2.593806, -0.198787, 9.630374, -0.206096, -0.206636, 0.338472, 102900.000000
0.015529, 1.573802, 0.058630, -2.832710, -0.008383, 9.493259, -0.218157, -0.202241, 0.336326, 102920.000000
0.022695, 1.713394, 0.026848, -3.113526, -0.037722, 9.357342, -0.198647, -0.205369, 0.331915, 102940.000000
0.016463, 1.834914, 0.022174, -3.436853, -0.195793, 8.956775, -0.239559, -0.200066, 0.322653, 102960.000000
0.019268, 1.807495, 0.062992, -3.757187, 0.013771, 9.042397, -0.257177, -0.202875, 0.308047, 102980.007812
0.007739, 1.884457, 0.043985, -4.090095, 0.081431, 8.878338, -0.265691, -0.205531, 0.300955, 103000.000000
-0.004102, 1.930573, 0.015630, -4.443959, -0.145497, 8.302935, -0.277752, -0.207905, 0.296792, 103020.000000
0.024565, 1.786930, 0.056137, -4.724176, 0.067061, 8.431666, -0.287684, -0.208587, 0.279345, 103040.000000
0.006804, 1.785683, 0.021551, -5.018165, -0.016765, 8.078402, -0.295961, -0.207242, 0.266419, 103060.000000
0.036405, 1.717133, -0.006804, -5.354665, 0.021555, 8.011341, -0.302701, -0.213787, 0.260718, 103080.000000
0.123962, 1.677250, -0.049180, -5.125342, 0.216151, 8.365804, -0.308613, -0.219439, 0.250854, 103100.000000
0.132998, 1.796277, -0.125831, -5.948031, -0.331710, 7.685019, -0.309323, -0.215007, 0.242365, 103120.000000
-0.000986, 1.838965, -0.007739, -6.191724, 0.040715, 7.197633, -0.320911, -0.215783, 0.236607, 103140.000000
0.009920, 1.706539, -0.022384, -6.364765, -0.102387, 7.131171, -0.333799, -0.216149, 0.223235, 103160.000000
0.018956, 1.672888, 0.007217, -6.600075, -0.073048, 7.257508, -0.340657, -0.216294, 0.210767, 103180.000000
0.007427, 1.816842, 0.019681, -6.842571, 0.006586, 7.001241, -0.348580, -0.219643, 0.194753, 103200.000000
0.006493, 1.930884, -0.005246, -7.049141, -0.107776, 6.490503, -0.350471, -0.216003, 0.185600, 103220.000000
-0.009399, 1.893493, 0.004413, -7.301218, -0.160466, 5.904921, -0.362887, -0.215859, 0.169197, 103240.000000
0.017710, 1.691583, 0.046478, -7.549701, -0.074844, 5.723498, -0.368917, -0.213178, 0.162802, 103260.000000
0.027057, 1.527375, 0.064238, -7.777227, -0.001796, 5.725295, -0.373765, -0.216594, 0.149077, 103280.000000
0.027369, 1.529245, 0.060188, -7.871232, -0.085023, 5.746850, -0.375421, -0.216204, 0.130024, 103300.000000
0.017398, 1.680677, 0.075144, -8.029902, 0.027543, 5.401368, -0.382279, -0.215988, 0.122271, 103320.000000
0.009920, 1.775401, 0.040558, -8.317305, -0.085023, 4.542754, -0.386772, -0.219384, 0.107785, 103340.000000
0.013348, 1.546382, 0.043050, -8.464598, -0.057480, 3.908672, -0.386417, -0.219847, 0.093534, 103360.000000
0.029862, 1.160322, 0.043050, -8.593330, -0.034728, 4.240382, -0.387363, -0.219659, 0.088836, 103380.000000
0.022072, 0.984274, 0.048970, -8.678353, 0.016166, 4.136797, -0.392330, -0.221753, 0.083801, 103400.000000
0.017087, 0.892978, 0.022174, -8.739427, -0.009580, 4.051176, -0.389137, -0.221814, 0.069821, 103420.000000
0.021137, 0.856834, 0.018435, -8.819660, -0.087418, 4.024232, -0.391620, -0.226064, 0.072593, 103440.000000
0.022695, 0.873037, 0.039000, -8.863968, 0.077838, 3.869753, -0.394340, -0.223196, 0.050956, 103460.000000
0.010855, 0.883942, 0.014384, -8.939411, -0.050295, 3.547623, -0.393985, -0.227889, 0.052444, 103480.007812
0.014282, 0.813211, 0.024978, -9.037606, 0.033530, 3.435656, -0.392684, -0.225520, 0.048588, 103500.000000
0.012413, 0.782364, 0.013449, -9.057365, 0.029339, 3.536845, -0.393749, -0.226305, 0.042459, 103520.000000
0.021449, 0.886123, -0.007427, -9.084908, -0.021555, 3.466791, -0.392330, -0.229125, 0.033083, 103540.000000
0.015217, 1.005462, -0.004623, -9.169333, -0.046703, 2.995571, -0.391738, -0.225224, 0.021527, 103560.000000
0.008674, 1.006397, 0.013449, -9.236992, 0.013771, 2.906356, -0.396113, -0.233086, 0.007774, 103580.000000
0.009608, 1.045969, 0.007529, -9.273516, -0.037123, 2.842289, -0.392211, -0.228031, 0.003252, 103600.000000
0.004311, 1.143185, 0.002544, -9.339379, -0.017963, 2.324367, -0.392566, -0.231073, -0.009184, 103620.000000
0.008050, 1.063106, 0.004102, -9.398656, -0.029339, 2.163900, -0.393749, -0.227997, -0.013272, 103640.000000
0.038586, 1.016680, 0.014072, -9.451346, -0.039518, 2.273472, -0.387718, -0.228260, -0.020520, 103660.000000
0.049180, 1.091773, 0.032768, -9.504636, 0.007784, 1.778901, -0.389610, -0.234531, -0.027732, 103680.000000
0.080339, 1.040360, 0.023420, -9.531579, -0.005988, 1.549578, -0.389847, -0.232732, -0.028178, 103700.000000
0.085948, 0.978666, 0.020304, -9.583073, 0.008981, 1.456172, -0.385235, -0.235009, -0.038675, 103720.000000
0.116172, 0.983963, 0.010645, -9.623189, 0.041314, 1.292113, -0.385590, -0.236601, -0.046357, 103740.000000
0.171324, 0.972745, 0.002232, -9.643546, 0.050894, 0.805924, -0.384526, -0.237387, -0.049688, 103760.000000
0.077847, 0.870856, -0.000261, -9.639356, 0.039518, 0.944835, -0.382752, -0.238737, -0.057741, 103780.000000
0.224917, 0.796074, -0.015840, -9.680670, 0.210163, 0.478405, -0.385117, -0.239112, -0.070213, 103800.000000
0.227410, 0.749335, -0.036405, -9.698632, 0.041913, 0.555645, -0.376722, -0.239605, -0.070730, 103820.000000
0.031108, 0.686083, -0.015529, -9.717793, 0.054487, 0.335901, -0.375539, -0.237120, -0.077378, 103840.000000
-0.004725, 0.578273, -0.018645, -9.702824, 0.020956, 0.342488, -0.375184, -0.241089, -0.086033, 103860.000000
-0.002232, 0.539324, -0.032043, -9.720187, -0.073048, 0.246687, -0.378495, -0.235958, -0.086238, 103880.000000
0.016463, 0.489158, -0.023630, -9.716595, -0.006586, -0.050295, -0.376603, -0.240444, -0.092875, 103900.000000
0.034224, 0.331182, -0.013347, -9.719588, 0.056882, -0.094603, -0.377667, -0.238449, -0.097128, 103920.000000
0.037028, 0.189097, -0.025811, -9.741742, 0.074246, -0.004790, -0.377431, -0.240612, -0.090594, 103940.000000
0.014282, 0.131764, -0.033912, -9.727372, -0.150287, -0.232916, -0.377313, -0.237825, -0.092403, 103960.000000
0.006181, -0.014060, -0.013036, -9.733958, 0.064067, 0.162861, -0.375303, -0.238195, -0.096736, 103980.007812
0.029550, 0.025512, -0.018021, -9.724977, -0.056882, -0.101190, -0.374711, -0.235382, -0.093078, 104000.000000
0.109629, 0.000585, 0.007529, -9.689651, -0.021555, 0.234113, -0.372938, -0.238786, -0.095610, 104020.000000
0.100281, 0.037976, 0.026536, -9.722582, 0.078437, 0.298779, -0.372465, -0.240331, -0.094138, 104040.000000
0.026746, 0.132388, 0.034637, -9.736953, -0.010778, -0.155676, -0.371874, -0.236067, -0.092590, 104060.000000
0.047311, 0.052309, 0.033079, -9.755514, 0.041913, -0.023950, -0.373765, -0.239438, -0.099192, 104080.000000
0.034847, 0.019592, 0.009399, -9.723780, 0.044907, -0.110171, -0.371401, -0.237007, -0.103808, 104100.000000
-0.006906, -0.036183, -0.020202, -9.718390, 0.107177, -0.030537, -0.371401, -0.237854, -0.090873, 104120.000000
-0.016565, -0.057371, -0.038586, -9.727372, 0.026345, 0.050295, -0.373056, -0.237584, -0.089213, 104140.000000
-0.021551, -0.057371, -0.039209, -9.729767, -0.038919, -0.176633, -0.373647, -0.240156, -0.096167, 104160.000000
-0.004413, -0.151471, -0.013036, -9.730366, -0.044308, 0.033530, -0.374002, -0.236429, -0.091842, 104180.000000
0.007116, -0.192601, 0.011891, -9.727372, -0.013771, 0.105980, -0.375657, -0.236160, -0.089166, 104200.000000
0.014905, -0.217528, 0.020304, -9.732162, -0.007185, 0.093406, -0.376840, -0.241183, -0.090995, 104220.000000
0.048869, -0.279223, 0.015007, -9.713601, 0.068857, 0.101190, -0.377313, -0.240363, -0.082197, 104240.000000
0.040456, -0.349019, -0.001507, -9.720786, 0.120350, 0.029938, -0.349407, -0.238182, -0.079041, 104260.000000
-0.001297, -0.467735, -0.027369, -9.732162, 0.026345, 0.273631, -0.375894, -0.235811, -0.081527, 104280.000000
-0.003790, -0.535038, -0.028927, -9.718390, 0.025148, 0.293390, -0.380505, -0.237280, -0.079041, 104300.000000
0.008362, -0.639109, -0.027369, -9.677077, 0.062271, 0.503553, -0.379205, -0.244096, -0.072034, 104320.000000
0.032666, -0.697688, -0.044195, -9.681867, -0.008981, 0.570015, -0.380978, -0.237186, -0.072556, 104340.000000
0.029239, -0.803628, -0.029550, -9.686657, 0.004191, 0.714913, -0.377786, -0.240632, -0.061870, 104360.000000
0.037028, -0.921098, -0.023007, -9.659713, 0.049098, 0.864602, -0.381215, -0.243122, -0.055224, 104380.000000
0.018333, -1.053835, -0.020202, -9.596844, 0.022753, 1.101110, -0.381333, -0.241195, -0.043463, 104400.000000
0.001819, -1.137653, -0.026123, -9.550739, 0.078437, 1.194516, -0.381451, -0.241564, -0.031910, 104420.000000
-0.009087, -1.301860, -0.052919, -9.519605, -0.028141, 1.421444, -0.382042, -0.242202, -0.023417, 104440.000000
0.000261, -1.507821, -0.074419, -9.454340, 0.014370, 1.671724, -0.380151, -0.241490, -0.010807, 104460.000000
0.044818, -1.732789, -0.063513, -9.321417, 0.059277, 2.399810, -0.377667, -0.240625, 0.006639, 104480.007812
0.043572, -1.724376, -0.075042, -9.253159, -0.040117, 2.835104, -0.381333, -0.243129, 0.015699, 104500.000000
0.016463, -1.641493, -0.037652, -9.168734, 0.095801, 2.742896, -0.383461, -0.246150, 0.028174, 104520.000000
0.012724, -1.709732, -0.044195, -9.032817, 0.134720, 3.147056, -0.381924, -0.240019, 0.036779, 104540.000000
-0.015319, -1.763948, -0.073173, -8.916658, 0.111967, 3.563190, -0.377076, -0.238416, 0.065566, 104560.000000
-0.029029, -1.754912, -0.002753, -8.804691, -0.126936, 3.926635, -0.374357, -0.238625, 0.073187, 104580.000000
-0.029029, -1.745253, -0.031108, -8.650212, 0.146695, 3.957770, -0.377667, -0.233494, 0.090777, 104600.000000
-0.044920, -1.869577, -0.083767, -8.490345, -0.068857, 4.217031, -0.377313, -0.234562, 0.102433, 104620.000000
-0.005971, -2.044691, -0.048869, -8.231683, -0.107177, 4.556525, -0.371637, -0.235812, 0.115741, 104640.000000
0.055724, -2.209210, -0.025499, -7.802974, 0.099992, 5.197193, -0.365488, -0.235706, 0.134562, 104660.000000
0.153251, -2.354100, -0.094672, -7.959848, 0.001796, 5.375622, -0.356384, -0.234829, 0.147058, 104680.000000
0.000572, -2.346933, -0.066941, -7.536528, 0.120350, 6.146219, -0.350944, -0.232588, 0.164683, 104700.000000
-0.012514, -2.228840, -0.069745, -7.306007, -0.073647, 6.506071, -0.342904, -0.233463, 0.182709, 104720.000000
0.014282, -2.095480, -0.015529, -6.891070, -0.028740, 6.776109, -0.335573, -0.231719, 0.196759, 104740.000000
0.090622, -2.083328, -0.059463, -6.500083, 0.277822, 6.714437, -0.326468, -0.230842, 0.215864, 104760.000000
0.113368, -2.187399, -0.180048, -6.465355, 0.011975, 6.941366, -0.319492, -0.230086, 0.224287, 104780.000000
-0.005036, -2.263427, -0.186591, -6.139633, -0.052690, 7.397018, -0.306485, -0.229350, 0.243645, 104800.000000
-0.008775, -2.273086, -0.077535, -5.751041, -0.021555, 7.937694, -0.296316, -0.225271, 0.253840, 104820.000000
-0.047724, -2.109190, -0.020202, -5.366042, 0.050295, 8.362810, -0.285201, -0.222467, 0.273523, 104840.000000
-0.052086, -1.858048, -0.050115, -4.969067, 0.089214, 8.153246, -0.277397, -0.224806, 0.273068, 104860.000000
-0.062057, -1.819411, -0.096542, -4.789441, 0.091610, 8.417296, -0.270893, -0.220571, 0.293559, 104880.000000
-0.010645, -1.798846, -0.122716, -4.612808, -0.487386, 8.466394, -0.260133, -0.220325, 0.302095, 104900.000000
-0.021551, -1.802585, 0.028406, -4.248765, -0.141306, 8.715476, -0.245826, -0.226406, 0.312827, 104920.000000
-0.049905, -1.813180, 0.073586, -3.880531, 0.062271, 9.046588, -0.236839, -0.218888, 0.326954, 104940.000000
-0.059876, -1.699138, 0.024355, -3.643424, 0.174836, 9.144784, -0.228208, -0.219488, 0.322620, 104960.000000
-0.043673, -1.580422, -0.081274, -3.339855, -0.055684, 9.134604, -0.221231, -0.218610, 0.333970, 104980.007812
-0.007217, -1.549574, -0.061644, -3.114124, -0.078437, 9.181308, -0.205978, -0.215331, 0.338676, 105000.000000
-0.021551, -1.532437, -0.011790, -2.785408, -0.038919, 9.340576, -0.200302, -0.214769, 0.341879, 105020.000000
-0.019369, -1.513119, 0.001297, -2.502795, -0.156874, 9.374705, -0.188241, -0.216625, 0.355172, 105040.000000
-0.023109, -1.524024, 0.057072, -2.221381, -0.127535, 9.758508, -0.176062, -0.212553, 0.361683, 105060.000000
-0.034014, -1.472612, 0.119390, -1.774710, 0.094005, 9.867481, -0.166957, -0.212280, 0.360557, 105080.000000
-0.010022, -1.281607, 0.005659, -1.770518, 0.062271, 9.772878, -0.156197, -0.215298, 0.367962, 105100.000000
0.007427, -1.151051, -0.040456, -1.581312, -0.119152, 9.636960, -0.146738, -0.219840, 0.369846, 105120.000000
0.005558, -1.112414, 0.018746, -1.510060, -0.152084, 9.720786, -0.137869, -0.216317, 0.377096, 105140.000000
-0.010957, -1.145442, 0.055202, -0.988544, -0.108973, 9.761501, -0.134559, -0.216009, 0.374823, 105160.000000
-0.037442, -1.101197, 0.052710, -0.902922, 0.083826, 9.853110, -0.123680, -0.212131, 0.380435, 105180.000000
-0.040558, -1.056639, -0.048869, -0.056283, 0.526306, 9.605825, -0.121552, -0.216482, 0.385877, 105200.000000
0.003377, -1.155413, -0.111187, -1.783691, -0.826282, 10.154883, -0.114221, -0.214497, 0.389640, 105220.000000
0.118353, -1.000242, -0.042014, -0.303569, -0.180225, 10.442884, -0.108900, -0.210449, 0.380509, 105240.000000
-0.000674, -1.061625, 0.028406, 0.265847, 0.146695, 11.154205, -0.100386, -0.211660, 0.385686, 105260.000000
-0.092905, -0.155210, -0.001195, -0.049697, -0.117955, 9.765693, -0.103106, -0.205892, 0.394147, 105280.000000
-0.038065, -0.049893, 0.004413, -0.122146, -0.054487, 9.778865, -0.102515, -0.206825, 0.393353, 105300.000000
-0.046478, -0.057994, 0.004725, -0.083826, -0.047302, 9.792038, -0.101569, -0.208706, 0.393033, 105320.000000
-0.086673, -0.100993, 0.003790, -0.067659, -0.080233, 9.806408, -0.098967, -0.202999, 0.389931, 105340.000000
-0.107238, -0.130283, -0.002753, 0.028141, -0.133522, 9.684860, -0.095656, -0.204987, 0.388848, 105360.000000
-0.078883, -0.099435, -0.008050, 0.022753, -0.171244, 9.672287, -0.098258, -0.211782, 0.386447, 105380.000000
-0.009710, -0.028704, -0.004311, -0.026345, -0.137714, 9.720786, -0.094237, -0.206599, 0.393877, 105400.000000
0.027992, 0.017411, 0.009399, 0.426313, -0.121547, 9.937535, -0.095420, -0.209204, 0.392005, 105420.000000
0.048869, 0.048258, 0.019681, 0.011376, -0.084424, 9.784254, -0.098612, -0.211318, 0.380616, 105440.000000
0.042325, 0.044208, 0.019369, -0.000599, -0.110171, 9.759705, -0.098258, -0.208760, 0.382485, 105460.000000
0.006181, -0.000973, 0.014072, -0.056283, -0.180225, 9.777668, -0.096957, -0.208808, 0.393289, 105480.007812
-0.011268, -0.013748, 0.007217, 0.299377, 0.337698, 10.021959, -0.099085, -0.210741, 0.389787, 105500.000000
-0.103187, -0.130906, 0.058007, -0.472418, -0.417332, 9.744736, -0.097667, -0.209694, 0.387919, 105520.000000
-0.077637, -0.074820, 0.004725, 0.223934, 0.179626, 9.899215, -0.086552, -0.214263, 0.388151, 105540.000000
-0.110354, -0.120935, 0.107549, 1.334026, 0.465831, 9.637559, -0.090335, -0.216169, 0.386555, 105560.000000
-0.050528, -0.061110, 0.401067, -0.622705, -0.026345, 9.706416, -0.088798, -0.218499, 0.385459, 105580.000000
-0.060499, -0.062668, 0.161454, -0.849633, -1.259182, 9.878858, -0.094119, -0.220975, 0.385239, 105600.000000
-0.046166, -0.054878, -0.018645, 0.101190, -0.151485, 9.694441, -0.086197, -0.216418, 0.381848, 105620.000000
-0.057072, -0.058617, -0.023942, 0.056882, -0.141905, 10.068064, -0.087971, -0.218332, 0.389533, 105640.000000
-0.128114, -0.168297, -0.047622, 0.378413, -0.058079, 9.936936, -0.087379, -0.223737, 0.382735, 105660.000000
-0.020927, -0.021226, -0.021137, 0.034129, -0.419727, 9.739946, -0.084423, -0.219823, 0.379443, 105680.000000
0.012413, 0.014295, -0.009608, 0.132924, -0.297581, 9.577683, -0.084305, -0.223080, 0.386193, 105700.000000
0.056970, 0.067577, -0.006181, 0.119152, -0.138911, 9.911789, -0.085487, -0.222542, 0.384558, 105720.000000
0.014905, 0.023954, -0.000572, 0.101788, -0.226329, 9.772279, -0.087971, -0.221957, 0.387880, 105740.000000
0.003688, 0.008375, -0.003065, 0.088616, -0.220941, 9.781859, -0.082177, -0.224047, 0.387051, 105760.000000
-0.000362, 0.002766, -0.002442, 0.096400, -0.205373, 9.804611, -0.084069, -0.224154, 0.384122, 105780.000000
-0.013138, -0.010632, -0.001195, 0.107776, -0.220342, 9.756711, -0.085133, -0.219259, 0.383021, 105800.000000
0.001819, 0.002143, -0.000261, 0.107776, -0.223336, 9.776470, -0.086197, -0.221495, 0.389424, 105820.000000
-0.000362, 0.003701, -0.002442, 0.105980, -0.225132, 9.793834, -0.082531, -0.223584, 0.394693, 105840.000000
-0.003167, -0.000661, -0.001507, 0.096400, -0.214953, 9.778266, -0.082886, -0.222516, 0.391933, 105860.000000
-0.002855, 0.001208, -0.001507, 0.105381, -0.212558, 9.760303, -0.084187, -0.222831, 0.390269, 105880.000000
-0.000051, 0.001520, 0.000362, 0.099393, -0.215552, 9.791439, -0.085724, -0.224489, 0.389192, 105900.000000
-0.001297, -0.001285, -0.003065, 0.107776, -0.220941, 9.777668, -0.087143, -0.220581, 0.391615, 105920.000000
-0.005036, 0.000273, 0.000674, 0.109572, -0.229922, 9.780662, -0.088562, -0.221024, 0.386896, 105940.000000
-0.000986, 0.000585, -0.001195, 0.095801, -0.223336, 9.780662, -0.088798, -0.220191, 0.393915, 105960.000000
-0.005036, -0.001908, 0.000674, 0.111967, -0.220342, 9.759705, -0.088444, -0.217391, 0.395031, 105980.007812
-0.004102, 0.000585, -0.001507, 0.098196, -0.221539, 9.778266, -0.084660, -0.217661, 0.391593, 106000.000000
-0.001920, -0.001285, 0.000674, 0.111368, -0.219144, 9.785452, -0.083477, -0.220495, 0.390224, 106020.000000
-0.003167, -0.002842, 0.000051, 0.107776, -0.223934, 9.761501, -0.086197, -0.219923, 0.395834, 106040.000000
-0.001920, -0.000350, -0.001507, 0.100591, -0.211360, 9.760902, -0.084778, -0.218514, 0.393978, 106060.000000
-0.003790, 0.001208, -0.001819, 0.094603, -0.217348, 9.768686, -0.087616, -0.223750, 0.396461, 106080.000000
0.026123, 0.043584, -0.004311, 0.213756, -0.191003, 9.690848, -0.087852, -0.220621, 0.394791, 106100.000000
0.060709, 0.088142, 0.019993, 0.123942, -0.266446, 9.985435, -0.088798, -0.222609, 0.398279, 106120.000000
-0.067666, -0.080428, 0.013761, 0.150886, -0.191602, 9.609418, -0.089271, -0.219493, 0.395846, 106140.000000
0.003377, 0.014607, 0.043362, 0.262255, 0.067061, 9.754915, -0.092227, -0.219418, 0.389744, 106160.000000
0.042325, 0.066330, 0.154911, 0.416733, 0.052690, 9.693842, -0.095538, -0.216825, 0.387544, 106180.000000
0.101527, 0.126467, 0.283286, 0.617915, 0.193398, 10.030342, -0.095065, -0.214865, 0.396256, 106200.000000
0.054789, 0.053555, 0.537232, 0.341290, 0.240101, 9.924362, -0.097667, -0.217550, 0.396159, 106220.000000
-0.030587, -0.038675, 0.828257, 0.210762, 1.699865, 9.795630, -0.103342, -0.211948, 0.393935, 106240.000000
-0.089166, -0.082921, 1.416538, -0.088017, 0.989742, 9.486074, -0.099795, -0.208122, 0.399284, 106260.000000
-0.089477, -0.120623, 1.508146, 0.556842, -1.275348, 10.431508, -0.105116, -0.205522, 0.394412, 106280.000000
-0.067666, -0.093827, 1.478233, 0.640668, -0.390388, 10.383009, -0.110673, -0.206440, 0.395773, 106300.000000
-0.089789, -0.125609, 1.686687, 0.862207, 0.103585, 10.072255, -0.115403, -0.196555, 0.398910, 106320.000000
-0.039623, -0.080740, 2.354424, 0.637075, 2.215393, 9.717194, -0.122025, -0.190040, 0.395954, 106340.000000
-0.014696, -0.056748, 3.097877, -0.995131, 1.254990, 9.537567, -0.133376, -0.186209, 0.393662, 106360.000000
0.062890, 0.035483, 3.176709, -2.171684, -0.310754, 9.795032, -0.143782, -0.176887, 0.396011, 106380.000000
0.090622, 0.127714, 2.382155, -1.736389, -2.826123, 9.924362, -0.157498, -0.170410, 0.395334, 106400.000000
0.065383, 0.100605, 1.226780, -0.034728, -2.945874, 10.054892, -0.160690, -0.164426, 0.392236, 106420.000000
0.022695, 0.032990, 0.712034, 0.798739, 0.268841, 10.015373, -0.164356, -0.158590, 0.392945, 106440.000000
0.007116, 0.039534, 1.389118, 1.568738, 1.051414, 10.003997, -0.171096, -0.154741, 0.392183, 106460.000000
0.016775, 0.023954, 2.282758, 0.416135, 0.700543, 9.510623, -0.174998, -0.147226, 0.392569, 106480.007812
0.054789, 0.082845, 2.900640, -0.352068, 0.306563, 9.784853, -0.183511, -0.130182, 0.392141, 106500.000000
0.054789, 0.094374, 2.827417, -1.099913, -0.866997, 9.722582, -0.190370, -0.117637, 0.391810, 106520.000000
0.042949, 0.092192, 2.259077, -1.031655, -0.835263, 10.053694, -0.196045, -0.116386, 0.393628, 106540.000000
0.021760, 0.063215, 1.916017, -0.004790, 0.831671, 9.848920, -0.199829, -0.105964, 0.385600, 106560.000000
-0.031833, 0.021773, 2.392126, 0.812510, 0.925076, 10.338102, -0.206687, -0.095232, 0.393087, 106580.000000
-0.053021, 0.002143, 3.586138, 0.055684, 1.077759, 9.183702, -0.204677, -0.080615, 0.390296, 106600.000000
-0.091347, -0.027458, 3.991205, 0.148491, -0.916095, 10.280023, -0.214373, -0.067022, 0.395973, 106620.000000
-0.094774, -0.024031, 3.697687, -0.080233, -0.689766, 9.620195, -0.217447, -0.049791, 0.399370, 106640.000000
-0.118143, -0.071704, 3.441872, -0.262853, 0.198188, 9.233399, -0.218393, -0.036066, 0.396672, 106660.000000
-0.153976, -0.118754, 3.707970, 0.113165, -1.012495, 10.503958, -0.217566, -0.018977, 0.398415, 106680.000000
-0.198534, -0.177644, 3.815469, 0.191602, 0.254471, 9.359138, -0.218985, -0.006004, 0.398741, 106700.000000
-0.165193, -0.234977, 3.960981, 0.833467, -0.364043, 10.368639, -0.216501, 0.008881, 0.403967, 106720.000000
-0.145563, -0.190731, 3.877163, -0.607736, -0.414937, 9.524394, -0.212363, 0.023015, 0.397476, 106740.000000
-0.027471, -0.047400, 3.326272, -1.687291, -0.513133, 9.323812, -0.207988, 0.038128, 0.403348, 106760.000000
0.027992, 0.014607, 2.569109, -1.287922, -1.026865, 9.622590, -0.205386, 0.049999, 0.403893, 106780.000000
0.090622, 0.108707, 1.833446, -1.851949, -2.449506, 10.213561, -0.206924, 0.056197, 0.395211, 106800.000000
0.168519, 0.195640, 1.207773, 0.213756, 0.325723, 9.481284, -0.207042, 0.063805, 0.397511, 106820.000000
0.238315, 0.297530, 1.213693, 0.001796, -0.006586, 9.481284, -0.208697, 0.072897, 0.398209, 106840.000000
0.292220, 0.323704, 1.247657, -1.096320, -0.284409, 10.505754, -0.208934, 0.078443, 0.393192, 106860.000000
0.071926, 0.042338, 1.162281, -0.178429, -1.480721, 10.225536, -0.203140, 0.080584, 0.405729, 106880.000000
0.075354, 0.038599, 0.747867, 0.204175, -0.470023, 9.654922, -0.200539, 0.086049, 0.394103, 106900.000000
-0.022797, -0.000038, 0.332517, 0.193997, 0.146096, 9.683064, -0.199829, 0.088023, 0.392266, 106920.000000
-0.130295, -0.052074, 0.134034, -0.108375, -0.116757, 9.875265, -0.200184, 0.086915, 0.396548, 106940.000000
-0.071405, -0.034936, 0.030275, 0.019160, -0.168849, 9.842932, -0.202076, 0.090313, 0.391454, 106960.000000
-0.046789, -0.033690, 0.005971, -0.050295, -0.186812, 9.807606, -0.200657, 0.089185, 0.394594, 106980.007812
-0.055825, -0.044596, -0.000884, -0.003593, -0.146096, 9.806408, -0.202667, 0.086533, 0.401235, 107000.000000
-0.067666, -0.063914, -0.007116, 0.001796, -0.128732, 9.808803, -0.202430, 0.086546, 0.395770, 107020.000000
-0.120013, -0.118131, -0.009608, -0.011975, -0.155078, 9.763896, -0.196163, 0.089922, 0.394370, 107040.000000
-0.143382, -0.148978, -0.004623, 0.070653, -0.207768, 9.738749, -0.197464, 0.087794, 0.393531, 107060.000000
-0.072963, -0.074820, 0.004413, 0.066462, -0.228724, 9.779464, -0.199474, 0.087197, 0.393890, 107080.000000
-0.039311, -0.038052, 0.000986, 0.050295, -0.245490, 9.804611, -0.200184, 0.084860, 0.402959, 107100.000000
-0.046478, -0.045530, -0.002130, 0.076641, -0.228724, 9.808803, -0.200066, 0.084867, 0.398129, 107120.000000
-0.048970, -0.051762, -0.004000, 0.115560, -0.240101, 9.689052, -0.200775, 0.085431, 0.407299, 107140.000000
-0.005971, -0.002842, 0.000362, 0.108973, -0.233514, 9.758508, -0.195691, 0.085235, 0.392681, 107160.000000
-0.000986, 0.004324, 0.004102, 0.087418, -0.244292, 9.812395, -0.202076, 0.083303, 0.400106, 107180.000000
-0.015319, -0.013125, -0.000261, 0.086221, -0.248483, 9.814192, -0.202549, 0.080496, 0.396575, 107200.000000
-0.034014, -0.033378, -0.011790, 0.108375, -0.310754, 9.805809, -0.194153, 0.081575, 0.399164, 107220.000000
-0.048347, -0.057371, -0.043572, 0.162861, -0.389789, 9.774673, -0.197819, 0.081126, 0.400415, 107240.000000
-0.055202, -0.057994, -0.086260, -0.041314, -0.781375, 9.795630, -0.199947, 0.078347, 0.401841, 107260.000000
-0.045231, -0.055190, -0.337089, -0.334105, -1.423839, 9.748927, -0.195099, 0.081280, 0.404236, 107280.000000
-0.030275, -0.038675, -1.051565, -0.879571, -1.851350, 9.681268, -0.195927, 0.071806, 0.400345, 107300.000000
-0.030587, -0.029951, -2.068906, -0.755629, -3.029700, 9.178314, -0.201011, 0.064750, 0.406829, 107320.000000
-0.012826, 0.003078, -3.110239, -0.411943, -0.668211, 9.280103, -0.204914, 0.053652, 0.402369, 107340.000000
0.013659, 0.047324, -3.338011, 0.226928, 0.993933, 9.484877, -0.206214, 0.038591, 0.409213, 107360.000000
0.011478, 0.025201, -2.881221, 0.715512, -0.359852, 9.574091, -0.209762, 0.025700, 0.399352, 107380.000000
0.045130, 0.065084, -2.873742, 0.188009, -0.956810, 9.715397, -0.214018, 0.013615, 0.396128, 107400.000000
0.039521, 0.053555, -3.635268, -0.053888, -1.423839, 9.675281, -0.214373, -0.001755, 0.396861, 107420.000000
0.046064, 0.073497, -4.397728, -0.235311, -0.266446, 10.027349, -0.216028, -0.022154, 0.396780, 107440.000000
0.074731, 0.102786, -4.650428, -0.301174, 0.302970, 9.683663, -0.214846, -0.035140, 0.399250, 107460.000000
0.171324, 0.196887, -4.412996, -1.169368, 0.341290, 9.579480, -0.217329, -0.051356, 0.400205, 107480.007812
0.230214, 0.243625, -4.156869, -0.737666, 0.011975, 10.161469, -0.210471, -0.072845, 0.398697, 107500.000000
0.237692, 0.200003, -4.206100, -0.625100, -0.311353, 10.204580, -0.208106, -0.087698, 0.405424, 107520.000000
0.194070, 0.122728, -4.548226, -0.584385, -0.366438, 10.047108, -0.201248, -0.107736, 0.400154, 107540.000000
0.157302, 0.036106, -4.756057, -0.035925, -0.664618, 9.653127, -0.192734, -0.122243, 0.395714, 107560.000000
0.155432, 0.009310, -4.757926, 0.105980, -1.388513, 9.584868, -0.181147, -0.140684, 0.396351, 107580.000000
0.317148, 0.077548, -4.529219, -1.511856, 1.168770, 9.054372, -0.173579, -0.153914, 0.399582, 107600.000000
0.067876, -0.034625, -3.418090, -1.577719, 2.069297, 8.853788, -0.163528, -0.163499, 0.394045, 107620.000000
-0.183889, -0.138696, -2.156151, -0.228724, 0.691562, 9.408236, -0.157734, -0.171148, 0.397977, 107640.000000
-0.409791, -0.486430, -1.740178, 0.427511, -0.129331, 10.405163, -0.144728, -0.177665, 0.396364, 107660.000000
-0.309771, -0.415387, -1.901893, 0.031734, -0.877176, 8.792716, -0.136805, -0.186645, 0.397837, 107680.000000
0.191577, 0.224307, -2.221896, -0.111967, -0.813708, 10.114168, -0.132785, -0.188593, 0.400188, 107700.000000
0.016463, 0.001520, -2.178897, -0.066462, 2.181863, 9.960288, -0.127346, -0.193120, 0.394697, 107720.000000
-0.132477, -0.160819, -1.248178, 0.923879, 1.739982, 9.852512, -0.114575, -0.199167, 0.400091, 107740.000000
-0.103499, -0.102551, -0.555825, -0.361648, -0.165256, 9.919573, -0.118359, -0.199865, 0.400189, 107760.000000
-0.074521, -0.056748, -0.836256, -0.944835, -1.286126, 9.465716, -0.112211, -0.202418, 0.391336, 107780.000000
0.020202, 0.045454, -1.429212, 0.258662, 0.505948, 9.847722, -0.110792, -0.206810, 0.396649, 107800.000000
0.072238, 0.073809, -1.356300, 0.699944, 0.128732, 9.636960, -0.102278, -0.208504, 0.398505, 107820.000000
0.002753, 0.022085, -0.902313, 0.802332, 0.158670, 9.856704, -0.095775, -0.209345, 0.391110, 107840.000000
-0.053021, -0.052074, -0.194070, 0.335303, -0.001796, 9.811797, -0.096602, -0.207337, 0.386477, 107860.000000
-0.027159, -0.026523, -0.016775, 0.065863, -0.297581, 9.784853, -0.092346, -0.209151, 0.389468, 107880.000000
0.002753, 0.003078, -0.082520, 0.249681, -0.221539, 9.753717, -0.095420, -0.215731, 0.392540, 107900.000000
0.016463, 0.010867, -0.024253, 0.147294, -0.235311, 9.744736, -0.091873, -0.211058, 0.390927, 107920.000000
0.016463, 0.025512, 0.012826, 0.135917, -0.232916, 9.810599, -0.095538, -0.206914, 0.393357, 107940.000000
0.007427, 0.009933, 0.003478, 0.139510, -0.226928, 9.790241, -0.095302, -0.207989, 0.387472, 107960.000000
-0.000986, 0.010556, 0.006283, 0.131127, -0.227527, 9.815390, -0.094947, -0.207365, 0.382919, 107980.007812
-0.004413, 0.000897, 0.003478, 0.132924, -0.210163, 9.802815, -0.093410, -0.208003, 0.391287, 108000.000000
0.000261, -0.000038, 0.005036, 0.137714, -0.227527, 9.802217, -0.097785, -0.207404, 0.387109, 108020.000000
-0.005348, -0.000661, 0.007529, 0.137714, -0.230521, 9.797426, -0.095538, -0.204135, 0.385065, 108040.000000
-0.002544, 0.001520, 0.007217, 0.136516, -0.213157, 9.763297, -0.094592, -0.209520, 0.384750, 108060.000000
0.002130, 0.006194, 0.009399, 0.158071, -0.204774, 9.756112, -0.100859, -0.208182, 0.390765, 108080.000000
0.003377, 0.010556, 0.005659, 0.127535, -0.228126, 9.833352, -0.098021, -0.206088, 0.384867, 108100.000000
0.006804, 0.017099, 0.004102, 0.114961, -0.217947, 9.776470, -0.093765, -0.206210, 0.384359, 108120.000000
0.012724, 0.025512, 0.007841, 0.129930, -0.220941, 9.832154, -0.092582, -0.208198, 0.388612, 108140.000000
-0.000986, 0.005882, 0.006906, 0.111967, -0.189805, 9.832154, -0.095656, -0.206438, 0.390450, 108160.000000
-0.010957, 0.001831, 0.009087, 0.100591, -0.188608, 10.092014, -0.095183, -0.208224, 0.394201, 108180.000000
-0.064238, -0.060175, 0.004413, 0.107177, -0.192200, 9.839938, -0.094592, -0.214234, 0.391322, 108200.000000
-0.029029, -0.030574, 0.008464, 0.130529, -0.389789, 9.521400, -0.094356, -0.213737, 0.394771, 108220.000000
0.039209, 0.035795, 0.011580, 0.126337, -0.290995, 9.774076, -0.092109, -0.211434, 0.388753, 108240.000000
0.004935, 0.008686, -0.002753, 0.095801, -0.214953, 9.833352, -0.088680, -0.212328, 0.395335, 108260.000000
-0.000674, 0.003701, -0.001819, 0.115560, -0.220342, 9.823173, -0.090572, -0.212677, 0.389474, 108280.000000
-0.001920, -0.002531, -0.002753, 0.114961, -0.225132, 9.805809, -0.092937, -0.211239, 0.391301, 108300.000000
-0.000674, 0.000273, -0.000261, 0.129930, -0.234712, 9.811198, -0.090808, -0.212811, 0.394299, 108320.000000
-0.003790, 0.001520, 0.001297, 0.122146, -0.234113, 9.793834, -0.094710, -0.214240, 0.391957, 108340.000000
0.000261, -0.000038, -0.000884, 0.117356, -0.234113, 9.807606, -0.094356, -0.213012, 0.393526, 108360.000000
-0.002855, -0.001596, -0.000572, 0.125140, -0.225731, 9.795032, -0.092937, -0.211723, 0.398021, 108380.000000
-0.005036, -0.001285, -0.000572, 0.129331, -0.228724, 9.780063, -0.092700, -0.213523, 0.397322, 108400.000000
-0.003478, 0.000273, -0.003065, 0.114961, -0.235909, 9.784853, -0.091400, -0.211999, 0.394962, 108420.000000
-0.003167, -0.000661, 0.000362, 0.125140, -0.228724, 9.785452, -0.087498, -0.215404, 0.395864, 108440.000000
-0.002855, -0.000973, 0.000051, 0.107177, -0.223934, 9.792637, -0.089862, -0.212758, 0.395573, 108460.000000
-0.002232, -0.000661, -0.001507, 0.119751, -0.222138, 9.784853, -0.087261, -0.212732, 0.398500, 108480.007812
-0.002855, -0.000973, 0.000362, 0.126337, -0.237107, 9.793834, -0.087616, -0.209851, 0.393389, 108500.000000
-0.000986, 0.001520, -0.002442, 0.128732, -0.230521, 9.796828, -0.086552, -0.217405, 0.399099, 108520.000000
-0.002232, 0.001520, -0.002442, 0.122146, -0.231119, 9.804013, -0.089508, -0.214792, 0.389528, 108540.000000
-0.003167, -0.000350, 0.000986, 0.111368, -0.234113, 9.802815, -0.088207, -0.219433, 0.388350, 108560.000000
0.000884, 0.000585, -0.001819, 0.118553, -0.220342, 9.774076, -0.090690, -0.214255, 0.397807, 108580.000000
-0.002855, 0.001208, -0.000261, 0.117356, -0.236508, 9.794433, -0.087498, -0.216492, 0.397351, 108600.000000
-0.003167, 0.000897, -0.000884, 0.125140, -0.232916, 9.783056, -0.087971, -0.216277, 0.397866, 108620.000000
-0.000051, 0.000897, -0.001819, 0.123344, -0.237706, 9.792038, -0.084660, -0.216211, 0.401050, 108640.000000
0.000884, 0.000897, -0.002442, 0.119152, -0.228724, 9.782457, -0.088917, -0.214396, 0.393228, 108660.000000
-0.001297, -0.001285, 0.000674, 0.113763, -0.222138, 9.772279, -0.092819, -0.216188, 0.397864, 108680.000000
0.000261, -0.001285, -0.001195, 0.120350, -0.226928, 9.780063, -0.089271, -0.214537, 0.398688, 108700.000000
-0.002544, -0.000973, -0.000884, 0.128134, -0.234113, 9.782457, -0.094001, -0.214079, 0.398318, 108720.000000
-0.001609, 0.000585, -0.001507, 0.110770, -0.225731, 9.776470, -0.093410, -0.213321, 0.398346, 108740.000000
0.001507, 0.001208, -0.000884, 0.114961, -0.233514, 9.789642, -0.087734, -0.210583, 0.396795, 108760.000000
0.000572, -0.000038, -0.000572, 0.117955, -0.234113, 9.778865, -0.091873, -0.213476, 0.393893, 108780.000000
-0.000986, 0.000273, -0.000572, 0.120948, -0.225132, 9.778865, -0.093528, -0.214899, 0.400451, 108800.000000
-0.000051, -0.001285, -0.000884, 0.122745, -0.230521, 9.775871, -0.091400, -0.218163, 0.392713, 108820.000000
-0.004413, 0.000585, -0.001195, 0.128134, -0.223934, 9.781859, -0.091045, -0.212945, 0.398234, 108840.000000
-0.003478, -0.001596, -0.000884, 0.102986, -0.237706, 9.786649, -0.090454, -0.214242, 0.390817, 108860.000000
-0.002232, -0.000038, -0.003377, 0.129930, -0.224533, 9.775272, -0.092819, -0.214013, 0.398703, 108880.000000
-0.001920, -0.002531, -0.001507, 0.113165, -0.210762, 9.793834, -0.088917, -0.213671, 0.394779, 108900.000000
-0.000674, -0.002219, -0.002442, 0.124541, -0.228126, 9.790241, -0.093765, -0.213824, 0.392608, 108920.000000
-0.000362, -0.000350, -0.001507, 0.123942, -0.228126, 9.792038, -0.091163, -0.212348, 0.396984, 108940.000000
-0.001609, -0.000973, -0.001819, 0.113763, -0.223934, 9.795630, -0.092227, -0.216034, 0.399014, 108960.000000
-0.000051, -0.000038, -0.001195, 0.111368, -0.224533, 9.778266, -0.091754, -0.215161, 0.393834, 108980.007812
-0.000674, -0.001285, -0.001819, 0.140109, -0.231718, 9.781859, -0.093055, -0.210279, 0.397944, 109000.000000
-0.004413, 0.000585, -0.000884, 0.125140, -0.222138, 9.774673, -0.091163, -0.211864, 0.399670, 109020.000000
-0.000362, 0.001208, -0.002442, 0.120350, -0.223934, 9.756112, -0.090927, -0.212818, 0.400145, 109040.000000
-0.001920, 0.000585, 0.001609, 0.128732, -0.226928, 9.776470, -0.091636, -0.217330, 0.394902, 109060.000000
-0.003167, 0.000897, -0.000261, 0.131726, -0.249082, 9.773477, -0.095183, -0.210641, 0.395514, 109080.000000
-0.002544, -0.001285, -0.001819, 0.105980, -0.240101, 9.782457, -0.090335, -0.214235, 0.387386, 109100.000000
-0.001920, 0.000585, -0.000572, 0.129930, -0.232916, 9.787248, -0.096839, -0.217987, 0.401738, 109120.000000
-0.003790, -0.000038, -0.001507, 0.124541, -0.227527, 9.765693, -0.093883, -0.219028, 0.398908, 109140.000000
-0.000986, -0.000350, -0.001819, 0.122745, -0.217348, 9.772878, -0.094119, -0.214811, 0.396640, 109160.000000
-0.002544, -0.000661, -0.001507, 0.088017, -0.210163, 9.822575, -0.094474, -0.215315, 0.394207, 109180.000000
0.000572, -0.000973, 0.000674, 0.104183, -0.214953, 9.768087, -0.094474, -0.220633, 0.395546, 109200.000000
0.000884, 0.000897, -0.000884, 0.152682, -0.249082, 9.756112, -0.089862, -0.216021, 0.395713, 109220.000000
-0.001920, 0.001208, -0.001195, 0.153281, -0.270038, 9.807007, -0.088444, -0.219446, 0.393052, 109240.000000
-0.001609, 0.000897, -0.002130, 0.126936, -0.245490, 9.768686, -0.088444, -0.213765, 0.390073, 109260.000000
-0.003478, 0.000585, -0.001195, 0.083227, -0.199984, 9.783655, -0.085724, -0.217238, 0.391480, 109280.000000
-0.000362, -0.000038, -0.000884, 0.111368, -0.213756, 9.806408, -0.091754, -0.216612, 0.390479, 109300.000000
-0.002232, -0.000038, -0.000572, 0.138911, -0.241897, 9.775272, -0.090217, -0.215679, 0.398520, 109320.000000
-0.001609, -0.000038, -0.000884, 0.132924, -0.256866, 9.792637, -0.090927, -0.217169, 0.389825, 109340.000000
-0.002544, -0.000350, -0.000884, 0.111967, -0.231718, 9.785452, -0.091045, -0.213187, 0.390472, 109360.000000
0.000572, 0.000897, -0.002442, 0.113165, -0.196990, 9.784254, -0.090808, -0.216075, 0.395456, 109380.000000
-0.002544, -0.000973, -0.000572, 0.113763, -0.215552, 9.801618, -0.089389, -0.212731, 0.391634, 109400.000000
-0.000362, 0.000585, -0.000884, 0.126936, -0.253872, 9.782457, -0.094237, -0.216027, 0.391895, 109420.000000
-0.001920, 0.000897, -0.003377, 0.118553, -0.244292, 9.795032, -0.092937, -0.219096, 0.384162, 109440.000000
-0.004413, 0.000897, 0.000051, 0.115560, -0.221539, 9.779464, -0.089389, -0.213940, 0.394642, 109460.000000
-0.003790, 0.000585, -0.000884, 0.123344, -0.213756, 9.783056, -0.092819, -0.214859, 0.391175, 109480.007812
-0.001609, -0.000038, -0.002130, 0.116757, -0.229323, 9.783655, -0.088325, -0.213759, 0.388040, 109500.000000
-0.000986, -0.001285, -0.000884, 0.139510, -0.241897, 9.779464, -0.089153, -0.213564, 0.396054, 109520.000000
-0.002232, -0.000038, -0.000572, 0.132924, -0.238903, 9.761501, -0.092346, -0.211448, 0.390278, 109540.000000
-0.001297, 0.000273, -0.002442, 0.117356, -0.225132, 9.789044, -0.087616, -0.217103, 0.399490, 109560.000000
0.001195, 0.001520, -0.002753, 0.120350, -0.227527, 9.793834, -0.090808, -0.215229, 0.392435, 109580.000000
-0.000051, 0.002143, -0.001195, 0.129930, -0.228724, 9.781260, -0.087498, -0.208515, 0.390004, 109600.000000
-0.001920, 0.000273, -0.002130, 0.138312, -0.244292, 9.780063, -0.093883, -0.210568, 0.395899, 109620.000000
-0.000674, -0.000973, -0.001507, 0.131726, -0.229922, 9.783056, -0.091873, -0.209729, 0.388305, 109640.000000
0.000261, -0.000661, -0.002442, 0.114961, -0.218546, 9.786649, -0.088798, -0.213906, 0.390704, 109660.000000
-0.001920, -0.000973, -0.001819, 0.118553, -0.226329, 9.803414, -0.089508, -0.210320, 0.394133, 109680.000000
-0.001297, 0.000273, -0.000261, 0.126936, -0.238903, 9.792637, -0.091873, -0.206224, 0.390715, 109700.000000
-0.000051, -0.000038, -0.002442, 0.141905, -0.241897, 9.768686, -0.090808, -0.212570, 0.393163, 109720.000000
-0.000051, -0.000973, -0.000572, 0.114961, -0.228126, 9.797426, -0.086670, -0.210039, 0.391222, 109740.000000
-0.000986, 0.000585, -0.002753, 0.117356, -0.219743, 9.782457, -0.092700, -0.211105, 0.389145, 109760.000000
-0.000362, 0.002143, -0.001195, 0.110770, -0.232317, 9.777668, -0.092109, -0.214214, 0.394757, 109780.000000
-0.000674, 0.001520, -0.001507, 0.117356, -0.240101, 9.783056, -0.089035, -0.209810, 0.395804, 109800.000000
-0.002544, -0.000661, -0.000884, 0.134720, -0.233514, 9.774076, -0.090217, -0.210844, 0.393351, 109820.000000
-0.000674, 0.000585, -0.000884, 0.120350, -0.225731, 9.777069, -0.088680, -0.209911, 0.400122, 109840.000000
-0.004102, 0.000585, 0.001297, 0.126337, -0.227527, 9.795630, -0.092937, -0.215470, 0.399796, 109860.000000
0.001195, 0.001520, -0.001819, 0.126936, -0.226928, 9.764495, -0.091754, -0.212260, 0.391902, 109880.000000
-0.000986, 0.000585, -0.000261, 0.126337, -0.235909, 9.776470, -0.090572, -0.210018, 0.394143, 109900.000000
-0.004102, 0.001831, 0.000674, 0.124541, -0.237706, 9.795032, -0.087734, -0.210341, 0.393372, 109920.000000
-0.003478, 0.000585, -0.000572, 0.126936, -0.216151, 9.760303, -0.092346, -0.211569, 0.390528, 109940.000000
0.000884, 0.001831, -0.001819, 0.125739, -0.222138, 9.789642, -0.089389, -0.214423, 0.395515, 109960.000000
-0.000362, 0.000273, -0.000261, 0.128732, -0.239502, 9.781260, -0.088917, -0.211254, 0.383551, 109980.007812
-0.000362, -0.000661, -0.000261, 0.129331, -0.235311, 9.774076, -0.086670, -0.211369, 0.394353, 110000.000000
-0.000674, 0.000897, 0.000362, 0.129930, -0.222138, 9.781859, -0.087143, -0.207044, 0.391835, 110020.000000
-0.001609, 0.000897, -0.001195, 0.110770, -0.216151, 9.797426, -0.087025, -0.212597, 0.397869, 110040.000000
-0.002232, 0.000585, -0.001195, 0.118553, -0.214953, 9.796828, -0.088207, -0.210126, 0.396175, 110060.000000
-0.001297, 0.000897, -0.000261, 0.135917, -0.233514, 9.781859, -0.092227, -0.205156, 0.394692, 110080.000000
-0.003478, 0.000273, -0.000884, 0.131726, -0.246088, 9.769884, -0.091163, -0.210293, 0.398962, 110100.000000
-0.002855, 0.000273, -0.002753, 0.123344, -0.234113, 9.782457, -0.091873, -0.208399, 0.400172, 110120.000000
-0.001920, 0.000897, -0.000261, 0.116757, -0.225731, 9.783655, -0.090808, -0.210031, 0.397701, 110140.000000
-0.003167, 0.001831, 0.000051, 0.116158, -0.221539, 9.793834, -0.087379, -0.209354, 0.396711, 110160.000000
-0.003478, 0.001831, 0.000362, 0.122745, -0.239502, 9.780662, -0.091163, -0.211139, 0.398551, 110180.000000
-0.001609, 0.001208, 0.000051, 0.131726, -0.234113, 9.784853, -0.093765, -0.208385, 0.400043, 110200.000000
-0.005348, 0.002143, 0.000986, 0.115560, -0.228724, 9.785452, -0.089153, -0.206312, 0.398850, 110220.000000
-0.003790, -0.000661, -0.000572, 0.116158, -0.223934, 9.780063, -0.096011, -0.216489, 0.395436, 110240.000000
-0.001297, 0.000897, -0.000261, 0.129331, -0.232916, 9.790241, -0.089744, -0.213114, 0.399628, 110260.000000
-0.001609, 0.001831, -0.000572, 0.124541, -0.228724, 9.787248, -0.093292, -0.216215, 0.394304, 110280.000000
-0.001297, 0.000273, -0.000572, 0.123344, -0.229922, 9.786649, -0.088680, -0.210032, 0.398466, 110300.000000
-0.002544, 0.001208, -0.000572, 0.115560, -0.227527, 9.795630, -0.091754, -0.214436, 0.394876, 110320.000000