-0.264858, -0.276902, -0.037143, 7.896978, -4.073928, 3.844605, 0.307985, -0.134119, 0.251883, 37739.996094,0.171803, 0.171803, 0.171803, 0.171803,-34.210175, -56.098824, 175.433374
-0.310973, -0.182178, -0.097280, 8.001162, -4.486471, 3.541037, 0.309171, -0.135371, 0.250051, 37759.996094,0.171731, 0.171731, 0.171731, 0.171731,-35.310861, -56.301251, 176.081592
-0.371421, -0.100542, -0.249024, 8.540640, -4.266727, 3.952381, 0.312017, -0.132402, 0.249378, 37779.996094,0.173938, 0.173938, 0.173938, 0.173938,-35.975426, -56.545505, 176.204067
-0.454304, -0.177504, -0.297632, 8.816068, -4.409231, 3.872747, 0.310357, -0.138677, 0.244465, 37799.996094,0.176613, 0.176613, 0.176613, 0.176613,-36.804374, -56.913639, 176.391567
-0.429066, -0.236707, -0.306980, 8.233479, -4.727769, 3.469785, 0.310950, -0.136703, 0.244788, 37819.996094,0.178406, 0.178406, 0.178406, 0.178406,-37.898227, -57.275482, 176.847758
-0.439036, -0.147280, -0.408246, 7.961045, -5.398374, 3.216511, 0.309645, -0.140295, 0.240227, 37839.996094,0.180461, 0.180461, 0.180461, 0.180461,-39.065275, -57.528499, 177.278596
-0.549339, 0.003218, -0.648170, 8.611293, -5.132527, 3.285967, 0.319251, -0.137484, 0.230744, 37859.996094,0.185931, 0.185931, 0.185931, 0.185931,-39.716774, -57.909659, 177.001298
-0.680830, 0.112897, -0.681511, 8.076006, -4.288283, 4.164340, 0.317472, -0.134822, 0.234916, 37879.996094,0.193330, 0.193330, 0.193330, 0.193330,-39.849092, -58.101516, 176.102652
-0.859994, 0.148107, -0.618881, 8.798104, -3.582351, 4.932543, 0.317946, -0.135878, 0.238167, 37899.996094,0.202204, 0.202204, 0.202204, 0.202204,-39.778393, -58.271021, 174.873534
-0.892088, 0.047775, -0.691170, 8.477172, -3.072810, 4.787644, 0.318421, -0.138264, 0.228947, 37919.996094,0.211860, 0.211860, 0.211860, 0.211860,-39.600689, -58.609701, 173.526662
-0.766517, -0.032615, -0.864102, 8.059840, -3.105742, 4.442761, 0.320674, -0.134972, 0.227785, 37939.996094,0.221823, 0.221823, 0.221823, 0.221823,-39.194292, -59.116852, 172.056188
-0.692982, -0.109889, -1.055730, 7.803573, -4.411027, 3.811674, 0.326366, -0.134596, 0.221539, 37959.996094,0.230957, 0.230957, 0.230957, 0.230957,-39.172382, -59.699025, 170.927144
-0.840676, -0.157563, -1.394428, 8.026908, -4.404441, 3.638633, 0.327552, -0.127870, 0.218488, 37979.996094,0.243155, 0.243155, 0.243155, 0.243155,-38.892860, -60.591066, 169.296389
-1.251663, -0.823119, -1.424652, 8.850196, -2.476450, 3.954177, 0.337632, -0.126115, 0.199707, 37999.996094,0.257387, 0.257387, 0.257387, 0.257387,-39.011206, -62.353806, 167.827333
-1.384712, -1.173969, -1.287553, 8.959169, -1.390908, 3.688929, 0.342138, -0.123279, 0.191790, 38019.996094,0.270954, 0.270954, 0.270954, 0.270954,-39.545423, -64.468700, 166.767123
-1.169715, -1.072079, -1.254524, 8.272398, -1.790876, 3.642825, 0.349254, -0.117490, 0.180033, 38039.996094,0.282973, 0.282973, 0.282973, 0.282973,-39.781717, -66.273613, 165.635203
-1.012050, -0.672309, -1.379472, 8.489746, -1.646576, 2.891387, 0.353286, -0.110937, 0.177838, 38059.996094,0.296353, 0.296353, 0.296353, 0.296353,-38.979247, -67.922442, 163.545032
-0.904863, -0.270670, -1.383523, 9.061557, -1.512455, 3.317701, 0.354946, -0.105872, 0.168636, 38079.996094,0.310831, 0.310831, 0.310831, 0.310831,-36.872892, -69.119028, 160.233892
-1.025137, -0.447030, -1.262002, 10.427916, -1.242416, 3.928431, 0.364433, -0.098838, 0.160708, 38099.996094,0.324697, 0.324697, 0.324697, 0.324697,-34.993122, -70.347238, 157.069512
-1.299648, -0.939965, -1.282879, 10.054293, -0.810115, 4.937932, 0.367279, -0.093694, 0.152893, 38119.996094,0.338988, 0.338988, 0.338988, 0.338988,-33.393726, -71.825599, 153.955801
-1.374741, -1.481508, -1.404399, 10.214160, -0.163460, 3.126698, 0.376529, -0.088610, 0.132598, 38139.996094,0.352382, 0.352382, 0.352382, 0.352382,-32.398760, -74.205696, 151.378975
-0.859371, -1.532609, -1.532774, 8.822055, -0.557441, 3.263214, 0.377834, -0.078128, 0.123351, 38159.996094,0.363517, 0.363517, 0.363517, 0.363517,-29.842028, -76.423787, 147.809675
-0.531579, -1.618919, -1.731257, 11.772120, 19.617605, 19.617605, 0.379494, -0.066898, 0.104117, 38179.996094,0.383842, 0.383842, 0.383842, 0.383842,-15.957410, -78.269213, 133.478629
1.997596, -5.786745, 0.533690, 15.198794, -3.104544, 2.084865, 0.392658, -0.070621, 0.064569, 38199.996094,0.347497, 0.347497, 0.347497, 0.347497,-38.301593, -83.911015, 158.325480
1.131376, -3.867040, -1.926000, 6.570138, -4.169130, -1.440604, 0.399299, -0.048182, 0.037730, 38219.996094,0.332170, 0.332170, 0.332170, 0.332170,-91.535891, -87.397444, -147.141436
0.928843, -0.782300, -2.438254, 5.751041, -0.113165, -0.444276, 0.401670, -0.024213, 0.039505, 38239.996094,0.338691, 0.338691, 0.338691, 0.338691,167.409610, -88.932099, -44.990093
0.833808, 0.754461, -1.180054, 7.385043, -0.281415, -1.589694, 0.402856, -0.013981, 0.045079, 38259.996094,0.341412, 0.341412, 0.341412, 0.341412,111.655051, -88.424054, 11.753012
0.561790, 0.756953, -0.331284, 8.996292, -0.258063, -1.750161, 0.401552, -0.007661, 0.051541, 38279.996094,0.340376, 0.340376, 0.340376, 0.340376,93.902980, -88.295663, 30.185728
0.612579, -0.377234, -0.527897, 9.623788, 0.368833, -0.512534, 0.404279, -0.004217, 0.045056, 38299.996094,0.338191, 0.338191, 0.338191, 0.338191,106.107116, -87.603062, 18.698161
0.561167, -2.029283, -0.807081, 8.893307, 0.872985, -0.164059, 0.404161, 0.005445, 0.024003, 38319.996094,0.333660, 0.333660, 0.333660, 0.333660,132.139936, -85.510782, -6.714909
0.224962, -2.484204, -1.124280, 8.841215, 0.482596, -0.802332, 0.404161, 0.008346, 0.005735, 38339.996094,0.330606, 0.330606, 0.330606, 0.330606,142.381922, -82.499515, -16.726445
-0.007173, -1.519522, -1.789524, 9.155561, 0.199385, -0.758622, 0.402145, 0.024289, -0.000868, 38359.996094,0.335487, 0.335487, 0.335487, 0.335487,139.631535, -80.005502, -13.923690
-0.308792, -0.575716, -1.883936, 9.635763, -1.130449, -1.700464, 0.404279, 0.041715, -0.001367, 38379.996094,0.342922, 0.342922, 0.342922, 0.342922,135.753639, -78.381371, -10.232619
-0.591404, 0.068340, -1.514079, 11.991863, 0.025746, -1.016686, 0.398943, 0.052120, 0.004778, 38399.996094,0.353938, 0.353938, 0.353938, 0.353938,129.950361, -77.549120, -4.940482
-0.673664, -0.748649, -1.077230, 12.941488, 0.022753, -1.761537, 0.395385, 0.062159, -0.003049, 38419.996094,0.359800, 0.359800, 0.359800, 0.359800,129.798841, -76.421222, -5.498086
-0.990239, -1.919603, -1.264807, 11.251204, 3.442242, -0.713117, 0.390997, 0.073110, -0.018059, 38439.996094,0.369610, 0.369610, 0.369610, 0.369610,130.318164, -73.897950, -7.263370
-1.141048, -2.018066, -2.350698, 7.975415, 3.361410, -0.758024, 0.384356, 0.095033, -0.031872, 38459.996094,0.386611, 0.386611, 0.386611, 0.386611,127.942584, -70.214495, -6.246244
0.039566, -0.477254, -2.252235, 8.459209, 2.615960, -2.296225, 0.382696, 0.106769, -0.043581, 38479.996094,0.395673, 0.395673, 0.395673, 0.395673,125.270201, -67.772981, -3.298378
0.400075, 0.431030, -1.121164, 9.087303, 2.353706, -0.495170, 0.381747, 0.119398, -0.032320, 38499.996094,0.400005, 0.400005, 0.400005, 0.400005,122.332003, -67.388028, 0.294979
0.763077, 0.736077, -0.183590, 14.413827, 1.821412, -1.257984, 0.381154, 0.115249, -0.028924, 38519.996094,0.395641, 0.395641, 0.395641, 0.395641,121.152242, -68.303796, 2.533284
0.348663, -0.078419, -0.448753, 8.984318, 4.334387, -0.668211, 0.377241, 0.117891, -0.030817, 38539.996094,0.397669, 0.397669, 0.397669, 0.397669,119.972218, -67.804115, 4.090614
-0.078215, -1.200766, -1.267300, 8.002359, 4.595444, -0.651445, 0.367635, 0.133453, -0.042058, 38559.996094,0.404773, 0.404773, 0.404773, 0.404773,119.740771, -65.702432, 4.066808
-0.213757, -1.826750, -1.808220, 10.370435, 3.331472, -1.809437, 0.364789, 0.141485, -0.064669, 38579.996094,0.410185, 0.410185, 0.410185, 0.410185,120.912178, -63.117233, 2.486870
-0.485152, -2.222780, -2.263764, 11.105107, 4.123625, -5.272636, 0.351507, 0.158858, -0.073274, 38599.996094,0.416137, 0.416137, 0.416137, 0.416137,122.631147, -59.556039, 0.123307
-1.313358, -2.673651, -2.991015, 9.321417, 3.105143, 0.658630, 0.337395, 0.182463, -0.086578, 38619.996094,0.434673, 0.434673, 0.434673, 0.434673,121.276747, -55.788723, -0.372152
-1.700041, -4.589616, -3.706736, 5.801336, 7.892189, -0.805924, 0.312966, 0.213242, -0.101802, 38639.996094,0.458151, 0.458151, 0.458151, 0.458151,120.871496, -48.909308, -2.915426
-2.467486, -5.645595, -4.034840, 2.412384, 8.314909, -1.178350, 0.277270, 0.245693, -0.132200, 38659.996094,0.485824, 0.485824, 0.485824, 0.485824,119.880692, -40.575714, -6.390556
-3.061065, -6.674464, -5.524240, 2.014211, 8.450228, -2.471061, 0.228056, 0.280635, -0.149457, 38679.996094,0.514163, 0.514163, 0.514163, 0.514163,118.135865, -30.308159, -10.230103
-3.024920, -7.482417, -6.102862, 4.351152, 9.883048, -5.706733, 0.169591, 0.314361, -0.154385, 38699.996094,0.531840, 0.531840, 0.531840, 0.531840,116.659155, -19.764175, -14.937459
-3.079137, -7.586799, -5.921829, 1.769920, 11.194322, -5.341493, 0.104130, 0.338921, -0.157317, 38719.996094,0.544695, 0.544695, 0.544695, 0.544695,114.256590, -9.394501, -19.852009
-3.283540, -7.771260, -5.261258, -1.447789, 12.631333, -4.044590, 0.038668, 0.358041, -0.139036, 38739.996094,0.554596, 0.554596, 0.554596, 0.554596,110.612336, 0.277989, -25.606053
-2.349705, -8.175704, -3.776221, -2.749483, 11.988870, -4.779860, -0.011258, 0.362234, -0.123737, 38759.996094,0.550751, 0.550751, 0.550751, 0.550751,107.347007, 8.016017, -32.926381
-0.610099, -7.285491, -1.953732, -1.511856, 7.068901, -5.392985, -0.040431, 0.360547, -0.122278, 38779.996094,0.530799, 0.530799, 0.530799, 0.530799,106.059197, 12.799005, -40.141361
0.828199, -5.151102, -0.911775, 1.382525, 3.193160, -3.402724, -0.064148, 0.357890, -0.120777, 38799.996094,0.506183, 0.506183, 0.506183, 0.506183,106.902143, 14.523724, -45.258118
1.553581, -3.659209, -1.204670, 0.858615, 1.849554, -2.759063, -0.076956, 0.352208, -0.126457, 38819.996094,0.475443, 0.475443, 0.475443, 0.475443,109.276742, 16.193520, -48.429031
2.205427, -2.599804, -2.213598, -0.005988, 1.680106, -2.307601, -0.096168, 0.340059, -0.139298, 38839.996094,0.436897, 0.436897, 0.436897, 0.436897,112.767640, 19.109991, -49.831720
3.086291, -1.861959, -2.366900, -0.944237, 2.608176, -3.010540, -0.123917, 0.328433, -0.158380, 38859.996094,0.392336, 0.392336, 0.392336, 0.392336,117.321828, 22.292198, -50.115185
5.090749, -0.535521, -1.890168, -2.974614, 3.718268, -5.318141, -0.140164, 0.302458, -0.189515, 38879.996094,0.334256, 0.334256, 0.334256, 0.334256,124.789307, 24.599126, -48.821216
7.403992, 1.353025, -0.545969, -3.336262, 2.324965, -6.477331, -0.133642, 0.273034, -0.236570, 38899.996094,0.262932, 0.262932, 0.262932, 0.262932,135.681493, 24.191452, -46.258859
9.811958, 3.365584, 0.814744, -3.527864, 2.792593, -7.805968, -0.113244, 0.219385, -0.297845, 38919.996094,0.180604, 0.180604, 0.180604, 0.180604,148.913598, 20.486854, -43.870199
10.305204, 4.433091, 2.203188, -0.805924, 1.301693, -11.417657, -0.070078, 0.150198, -0.341531, 38939.996094,0.099109, 0.099109, 0.099109, 0.099109,162.021898, 14.074237, -43.553963
10.305204, 4.556169, 2.345273, 2.417174, 1.808240, -14.388081, -0.030825, 0.072170, -0.404656, 38959.996094,0.021412, 0.021412, 0.021412, 0.021412,174.325778, 7.279982, -44.939852
10.304581, 3.744165, 1.375606, 2.141746, -2.370471, -15.855030, -0.003905, -0.008607, -0.370309, 38979.996094,-0.062831, -0.062831, -0.062831, -0.062831,-173.070004, 2.124772, -46.430992
10.065904, 3.418554, 0.167883, -2.084266, -2.042952, -16.882494, 0.022896, -0.081777, -0.363810, 38999.996094,-0.143660, -0.143660, -0.143660, -0.143660,-161.163585, -1.776661, -47.418469
10.147229, 4.593559, 1.023509, 2.144740, -3.130291, -15.737674, 0.056575, -0.154009, -0.319946, 39019.996094,-0.215480, -0.215480, -0.215480, -0.215480,-149.230267, -6.623704, -50.719020
10.293054, 5.276253, 1.277143, 1.651965, -3.991899, -17.671652, 0.085986, -0.254082, -0.280014, 39039.996094,-0.281240, -0.281240, -0.281240, -0.281240,-137.071116, -10.867364, -55.550918
9.854334, 6.137176, 1.157804, 6.183342, -5.088818, -16.093933, 0.120139, -0.280592, -0.216931, 39059.996094,-0.332424, -0.332424, -0.332424, -0.332424,-124.961566, -15.219401, -61.881412
8.422579, 7.281022, 0.008038, 6.010302, -7.208410, -13.755197, 0.150498, -0.314001, -0.154329, 39079.996094,-0.360091, -0.360091, -0.360091, -0.360091,-113.709222, -19.918971, -69.458475
6.572358, 7.832224, -2.673816, 2.603386, -8.656199, -7.634724, 0.190463, -0.320665, -0.091177, 39099.996094,-0.361498, -0.361498, -0.361498, -0.361498,-103.421697, -25.693345, -77.591993
4.963931, 8.038185, -2.765735, 4.177513, -9.348959, -3.981720, 0.220466, -0.314088, -0.028324, 39119.996094,-0.348209, -0.348209, -0.348209, -0.348209,-93.172921, -30.249637, -87.495653
5.132190, 8.055945, -0.583983, 3.070415, -8.472980, -4.735553, 0.231258, -0.308055, 0.036578, 39139.996094,-0.345343, -0.345343, -0.345343, -0.345343,-82.666966, -30.366494, -97.919525
5.588669, 8.356318, 0.415909, 4.166735, -8.743019, -6.315068, 0.213588, -0.305840, 0.104879, 39159.996094,-0.344966, -0.344966, -0.344966, -0.344966,-72.516404, -27.908891, -107.940672
5.330673, 9.257124, -0.222227, 2.724335, -9.274714, -2.978207, 0.193783, -0.285513, 0.177181, 39179.996094,-0.334103, -0.334103, -0.334103, -0.334103,-62.843710, -23.885833, -118.507466
4.225463, 9.020316, -2.064035, -0.177830, -11.435620, -0.016765, 0.169828, -0.258933, 0.222253, 39199.996094,-0.304621, -0.304621, -0.304621, -0.304621,-55.022503, -19.687443, -129.043010
2.766600, 8.613068, -4.649919, -2.365681, -9.228010, -1.011297, 0.153463, -0.238620, 0.266260, 39219.996094,-0.247526, -0.247526, -0.247526, -0.247526,-49.763474, -16.668936, -140.286379
1.921257, 8.734276, -5.429517, -0.108973, -12.560680, 1.557960, 0.124646, -0.213087, 0.298279, 39239.996094,-0.175663, -0.175663, -0.175663, -0.175663,-45.777698, -13.804996, -152.030574
1.962698, 8.537040, -5.766034, -1.219065, -14.727574, -0.450862, 0.089780, -0.190493, 0.324409, 39259.996094,-0.099166, -0.099166, -0.099166, -0.099166,-42.871275, -10.646960, -163.533453
1.888851, 8.529250, -6.124673, -3.610492, -12.547508, 3.223098, 0.061200, -0.175340, 0.345260, 39279.996094,-0.018676, -0.018676, -0.018676, -0.018676,-40.353246, -6.781349, -175.221996
0.977451, 7.499446, -5.946444, -6.265371, -12.081676, 9.047187, 0.019338, -0.171339, 0.352242, 39299.996094,0.058077, 0.058077, 0.058077, 0.058077,-39.047549, -3.071120, 174.021340
0.244903, 5.407120, -6.561834, -6.161188, -10.605147, 14.322816, 0.004278, -0.169192, 0.354737, 39319.996094,0.134527, 0.134527, 0.134527, 0.134527,-38.531478, -1.707039, 164.209142
0.321554, 2.788208, -7.168811, -5.193600, -11.350596, 15.516733, 0.006649, -0.168431, 0.352843, 39339.996094,0.207773, 0.207773, 0.207773, 0.207773,-37.973030, -3.205094, 155.708040
0.705121, 0.607079, -7.524024, -3.283572, -14.729970, 17.942289, 0.029063, -0.156070, 0.352102, 39359.996094,0.276776, 0.276776, 0.276776, 0.276776,-36.833825, -7.001827, 148.354497
1.625558, -1.493037, -8.694667, -3.337460, -13.086388, 16.197517, 0.065707, -0.139746, 0.361018, 39379.996094,0.347673, 0.347673, 0.347673, 0.347673,-34.060192, -13.059441, 141.106419
2.096059, -2.963118, -9.623828, -1.234034, -12.454700, 11.875106, 0.113736, -0.104296, 0.355224, 39399.996094,0.418714, 0.418714, 0.418714, 0.418714,-30.181796, -20.619206, 133.375709
2.327258, -3.586921, -10.284086, 1.274749, -16.086149, 10.288405, 0.152870, -0.053238, 0.346803, 39419.996094,0.487956, 0.487956, 0.487956, 0.487956,-25.125754, -28.626315, 124.498867
2.737310, -4.002270, -10.284397, -4.105063, -14.968274, 8.676558, 0.184889, 0.018866, 0.328976, 39439.996094,0.548867, 0.548867, 0.548867, 0.548867,-18.233856, -35.341334, 114.578115
3.059806, -4.127217, -10.284397, -10.544673, -7.495214, 6.749764, 0.183703, 0.105093, 0.311214, 39459.996094,0.605676, 0.605676, 0.605676, 0.605676,-8.483256, -39.894199, 102.622406
2.793397, -3.906923, -10.284397, -13.412708, -1.062790, 9.019644, 0.154530, 0.184754, 0.291547, 39479.996094,0.662551, 0.662551, 0.662551, 0.662551,3.838268, -41.849406, 88.115740
1.923749, -4.997176, -10.284397, -14.603033, 1.502875, 12.606186, 0.117056, 0.236790, 0.267864, 39499.996094,0.715476, 0.715476, 0.715476, 0.715476,16.418117, -42.386126, 72.148047
1.061580, -6.766695, -10.284397, -13.634847, 4.967271, 12.154725, 0.079463, 0.267666, 0.253266, 39519.996094,0.761613, 0.761613, 0.761613, 0.761613,29.150750, -41.958694, 54.616407
0.622862, -7.711123, -10.268195, -10.324929, 7.798184, 8.826246, 0.051476, 0.285759, 0.231636, 39539.996094,0.798495, 0.798495, 0.798495, 0.798495,41.670371, -39.395790, 36.387433
1.060022, -6.898498, -8.336962, -8.073611, 8.241262, 5.230124, 0.028233, 0.296551, 0.223756, 39559.996094,0.817762, 0.817762, 0.817762, 0.817762,51.592157, -35.037377, 22.022563
2.031248, -4.580269, -5.466285, -3.237468, 4.718788, 7.345525, 0.017560, 0.309142, 0.214314, 39579.996094,0.824792, 0.824792, 0.824792, 0.824792,57.054473, -30.646212, 14.432576
3.172913, -3.343880, -4.014276, -4.176914, 1.510060, 8.323292, -0.002601, 0.321467, 0.188214, 39599.996094,0.825153, 0.825153, 0.825153, 0.825153,60.940155, -26.558573, 10.212158
3.596364, -4.318845, -4.757418, -7.714358, 3.552413, 7.717951, -0.015764, 0.330388, 0.165472, 39619.996094,0.819810, 0.819810, 0.819810, 0.819810,65.916792, -21.365191, 4.602076
4.287158, -5.307831, -4.505653, -7.699988, 2.880610, 6.158194, -0.033908, 0.349253, 0.136180, 39639.996094,0.805438, 0.805438, 0.805438, 0.805438,71.310963, -16.224924, -1.539027
6.625017, -5.409098, -3.478341, -8.244855, -0.602946, 2.036964, -0.043395, 0.360109, 0.085342, 39659.996094,0.769939, 0.769939, 0.769939, 0.769939,79.059480, -11.330167, -7.054211
9.011795, -4.997488, -2.974189, -6.384523, -2.257306, -6.532416, -0.054187, 0.366889, 0.022954, 39679.996094,0.700292, 0.700292, 0.700292, 0.700292,90.999287, -6.724588, -11.832880
10.204249, -3.514009, -3.311641, -4.673881, 0.553848, -11.864927, -0.080395, 0.359112, -0.043907, 39699.996094,0.609015, 0.609015, 0.609015, 0.609015,104.477536, -1.511001, -14.017537
10.305204, -0.530847, -1.945319, -6.570736, 6.097121, -8.456815, -0.091068, 0.337737, -0.132332, 39719.996094,0.517110, 0.517110, 0.517110, 0.517110,117.115832, 1.839585, -12.283520
10.305204, 0.318858, 1.122283, -7.713161, 1.783691, -7.009624, -0.080039, 0.292655, -0.220705, 39739.996094,0.420934, 0.420934, 0.420934, 0.420934,129.781531, 1.780131, -11.123390
10.305204, -0.232033, 1.884120, -2.190245, -2.245930, -8.877739, -0.063911, 0.223010, -0.289901, 39759.996094,0.312756, 0.312756, 0.312756, 0.312756,143.326166, 0.310828, -11.518996
10.305204, -0.679787, 1.369062, 1.002316, -4.118236, -11.003319, -0.062725, 0.140651, -0.344238, 39779.996094,0.200039, 0.200039, 0.200039, 0.200039,156.888258, -0.947849, -12.239344
10.305204, -2.722882, -0.136228, 2.814747, -5.729486, -15.377822, -0.075177, 0.056545, -0.360498, 39799.996094,0.084735, 0.084735, 0.084735, 0.084735,170.165232, 0.531687, -12.259592
10.151590, -3.622130, -1.805727, 1.702260, -3.995492, -19.617605, -0.098302, -0.027783, -0.352338, 39819.996094,-0.025637, -0.025637, -0.025637, -0.025637,-177.331596, 3.226665, -9.987039
9.130822, -1.334126, -2.830858, 0.737067, -4.510421, -19.617605, -0.100437, -0.097065, -0.347213, 39839.996094,-0.120553, -0.120553, -0.120553, -0.120553,-166.273397, 2.637716, -6.358312
8.691481, 1.135224, -3.712968, -1.513652, -5.854626, -14.998811, -0.080988, -0.165040, -0.321822, 39859.996094,-0.208005, -0.208005, -0.208005, -0.208005,-155.948861, -1.283790, -2.805018
8.871269, 2.687564, -4.417473, -4.159550, -7.896978, -11.875106, -0.043751, -0.224586, -0.308941, 39879.996094,-0.295280, -0.295280, -0.295280, -0.295280,-145.573501, -7.096606, -0.158533
9.387261, 3.441923, -4.648984, -4.413423, -8.145462, -8.978929, -0.005210, -0.279211, -0.252411, 39899.996094,-0.383428, -0.383428, -0.383428, -0.383428,-134.674224, -13.697567, 0.918070
10.201133, 3.062095, -4.156672, -3.251239, -9.321417, -7.745493, 0.037245, -0.325237, -0.188745, 39919.996094,-0.473756, -0.473756, -0.473756, -0.473756,-122.607056, -19.520993, 0.415879
9.911979, 2.662325, -3.397640, -0.881367, -4.467909, -5.877977, 0.065825, -0.352599, -0.119688, 39939.996094,-0.549464, -0.549464, -0.549464, -0.549464,-111.339286, -24.230272, -1.259719
8.856312, 1.845960, -1.377602, 0.544867, -5.042115, -6.059999, 0.078040, -0.368955, -0.062111, 39959.996094,-0.612210, -0.612210, -0.612210, -0.612210,-101.201688, -26.289530, -3.631329
8.141213, 1.713846, -0.530078, 2.414180, -6.582113, -1.989064, 0.083614, -0.372817, -0.006284, 39979.996094,-0.672269, -0.672269, -0.672269, -0.672269,-90.614649, -27.206629, -6.902577
7.671958, 1.635637, -0.309784, 2.858456, -8.122110, 4.062552, 0.087172, -0.366176, 0.053507, 39999.996094,-0.731876, -0.731876, -0.731876, -0.731876,-79.098001, -27.201672, -10.885221
7.107981, 0.681237, -0.474615, 0.575403, -8.505912, 7.525751, 0.086223, -0.354997, 0.095386, 40019.996094,-0.783085, -0.783085, -0.783085, -0.783085,-68.526344, -26.515885, -13.805393
5.431628, -0.483486, -0.663127, 0.425116, -7.819739, 5.637876, 0.092152, -0.342397, 0.136750, 40039.996094,-0.816457, -0.816457, -0.816457, -0.816457,-61.073538, -26.135009, -15.189374
3.623783, -0.388762, -0.634461, 1.572929, -6.001320, 2.751878, 0.097133, -0.328771, 0.169290, 40059.996094,-0.834763, -0.834763, -0.834763, -0.834763,-56.438078, -25.946255, -16.386751
3.038306, 0.117883, -0.049606, 1.347797, -8.437056, 4.565506, 0.098675, -0.317428, 0.174016, 40079.996094,-0.851552, -0.851552, -0.851552, -0.851552,-52.496579, -24.552010, -17.662407
2.416996, 0.741686, -0.101642, 2.205813, -8.783734, 8.474777, 0.094761, -0.304148, 0.191918, 40099.996094,-0.866506, -0.866506, -0.866506, -0.866506,-48.554361, -22.770683, -19.732289
1.896953, 0.425733, -0.340943, 1.845961, -7.946675, 8.662188, 0.093457, -0.299641, 0.201733, 40119.996094,-0.877404, -0.877404, -0.877404, -0.877404,-45.337773, -21.316157, -21.602547
1.956778, 0.271185, -0.131555, 0.695154, -8.513696, 7.553293, 0.085986, -0.289015, 0.216143, 40139.996094,-0.887480, -0.887480, -0.887480, -0.887480,-42.628890, -19.549965, -22.934333
1.677282, 0.488986, 0.145760, 0.817899, -9.222622, 8.389753, 0.090255, -0.282205, 0.228658, 40159.996094,-0.896318, -0.896318, -0.896318, -0.896318,-40.421470, -17.379452, -24.100528
1.372547, 0.226316, 0.486640, 1.347198, -9.239985, 9.830956, 0.086460, -0.279072, 0.234007, 40179.996094,-0.904082, -0.904082, -0.904082, -0.904082,-38.678797, -15.285982, -24.722269
1.209274, -0.361342, 0.585725, 2.199826, -9.794433, 9.354348, 0.078159, -0.272610, 0.246365, 40199.996094,-0.909936, -0.909936, -0.909936, -0.909936,-37.494953, -13.851265, -24.727140
0.763700, -0.729953, 0.070044, 1.516646, -7.930509, 6.048622, 0.085274, -0.273107, 0.244256, 40219.996094,-0.911872, -0.911872, -0.911872, -0.911872,-37.105337, -13.147282, -24.865235
1.668869, 0.999682, -0.532882, 2.212998, -5.446873, 7.807764, 0.079582, -0.258978, 0.260938, 40239.996094,-0.917018, -0.917018, -0.917018, -0.917018,-34.610751, -11.421142, -26.916718
1.872648, 1.824772, -0.338139, 1.577120, -5.719906, 8.796309, 0.070569, -0.248695, 0.277377, 40259.996094,-0.922568, -0.922568, -0.922568, -0.922568,-31.942404, -8.576891, -29.198433
1.074979, 1.052964, 0.016762, 0.594564, -3.269202, 7.377858, 0.069265, -0.241408, 0.277791, 40279.996094,-0.926435, -0.926435, -0.926435, -0.926435,-30.136040, -6.129497, -30.582583
0.668665, 0.872242, 0.677021, 1.108295, -3.894302, 6.988667, 0.055152, -0.237386, 0.279842, 40299.996094,-0.929607, -0.929607, -0.929607, -0.929607,-29.202326, -3.701799, -31.102999
0.377329, 0.720497, 0.715035, 3.567382, -10.232721, 10.544673, 0.050527, -0.235637, 0.279315, 40319.996094,-0.930214, -0.930214, -0.930214, -0.930214,-29.272583, -1.750992, -31.436151
0.117463, 0.163375, -0.121272, 0.984952, -6.628217, 5.255272, 0.051476, -0.235332, 0.282486, 40339.996094,-0.927424, -0.927424, -0.927424, -0.927424,-29.972827, -0.641142, -32.310710
0.213121, 0.581840, -0.076092, 0.579595, -5.215754, 7.843091, 0.052899, -0.235963, 0.284098, 40359.996094,-0.926031, -0.926031, -0.926031, -0.926031,-29.873968, 0.984770, -33.412244
-0.193815, 0.250620, -0.063940, 0.848436, -4.727170, 8.546628, 0.050646, -0.233574, 0.289912, 40379.996094,-0.924047, -0.924047, -0.924047, -0.924047,-30.078356, 2.153631, -34.314506
-0.035528, -0.097737, -0.108185, -0.462838, -3.833828, 9.072933, 0.049223, -0.232943, 0.283991, 40399.996094,-0.923228, -0.923228, -0.923228, -0.923228,-29.848121, 3.212328, -35.051229
1.237317, -0.491899, -0.108497, -0.167053, -4.229006, 9.811198, 0.049934, -0.221896, 0.295811, 40419.996094,-0.925585, -0.925585, -0.925585, -0.925585,-28.167562, 3.769359, -35.548800
2.926757, -0.429892, -0.002556, 3.596721, -7.816146, 9.060359, 0.056338, -0.207451, 0.304287, 40439.996094,-0.929625, -0.929625, -0.929625, -0.929625,-25.314002, 3.718036, -36.011069
3.241775, -0.111759, 0.506270, 4.148773, -7.261101, 6.895261, 0.052425, -0.191754, 0.312141, 40459.996094,-0.934278, -0.934278, -0.934278, -0.934278,-22.396590, 4.001388, -36.076178
1.406510, -0.392190, 0.072848, 2.683619, -5.011579, 7.637119, 0.052543, -0.179417, 0.313241, 40479.996094,-0.935083, -0.935083, -0.935083, -0.935083,-21.271691, 3.967760, -36.401622
0.481712, -0.872973, 0.010219, 1.514251, -2.789000, 9.830359, 0.059066, -0.174514, 0.326678, 40499.996094,-0.935680, -0.935680, -0.935680, -0.935680,-20.554039, 3.677099, -36.535584
1.380648, -1.835162, 0.698521, -0.013173, -5.191205, 10.392589, 0.064521, -0.163032, 0.325037, 40519.996094,-0.939850, -0.939850, -0.939850, -0.939850,-19.206609, 2.961205, -35.577072
3.534669, -2.841286, 1.349432, 2.132765, -3.652405, 7.126980, 0.085986, -0.145174, 0.329075, 40539.996094,-0.948805, -0.948805, -0.948805, -0.948805,-15.466063, 0.732424, -33.615058
3.910135, -2.108115, 1.420475, 2.642305, -3.446433, 6.455775, 0.097014, -0.127643, 0.338135, 40559.996094,-0.956425, -0.956425, -0.956425, -0.956425,-11.551789, -0.934414, -31.873944
2.078921, -0.837452, 0.764578, 2.168690, -2.072291, 9.153765, 0.097370, -0.107796, 0.341799, 40579.996094,-0.959820, -0.959820, -0.959820, -0.959820,-9.322311, -1.099478, -31.158777
0.897996, -1.064289, 0.367612, 1.448987, -0.628094, 11.148217, 0.101758, -0.110528, 0.340390, 40599.996094,-0.961262, -0.961262, -0.961262, -0.961262,-8.139570, -1.396887, -30.843665
0.680194, -1.930197, 0.012712, 2.137555, -1.471141, 10.279425, 0.116937, -0.098645, 0.336905, 40619.996094,-0.961329, -0.961329, -0.961329, -0.961329,-7.442994, -2.913931, -30.793159
0.949408, -2.048601, -0.212879, 3.063230, -2.680027, 9.350157, 0.129982, -0.090167, 0.334577, 40639.996094,-0.960496, -0.960496, -0.960496, -0.960496,-6.764191, -4.797624, -30.979917
1.371300, -1.683107, -0.191380, 3.460205, -0.697549, 9.266331, 0.138521, -0.080295, 0.327018, 40659.996094,-0.959946, -0.959946, -0.959946, -0.959946,-5.168057, -6.328547, -31.242616
1.423959, -1.019109, -0.177670, 3.639232, -0.272433, 11.933784, 0.146703, -0.070568, 0.331625, 40679.996094,-0.959584, -0.959584, -0.959584, -0.959584,-3.435735, -6.919033, -31.581695
1.533950, -1.485247, -0.012839, 4.476891, -0.907712, 12.214002, 0.155005, -0.060470, 0.329907, 40699.996094,-0.959148, -0.959148, -0.959148, -0.959148,-1.780510, -8.150212, -31.692699
0.278867, -2.099079, 0.285664, 4.603827, -1.869313, 11.524236, 0.172319, -0.058600, 0.325643, 40719.996094,-0.958430, -0.958430, -0.958430, -0.958430,-1.880947, -10.109445, -31.398937
-1.022021, -2.551196, 0.302490, 8.062235, -4.781058, 7.764654, 0.180383, -0.068703, 0.303896, 40739.996094,-0.955649, -0.955649, -0.955649, -0.955649,-4.138443, -13.337294, -30.879617
-1.771394, -3.389996, 0.559552, 6.205496, -2.099833, 5.710326, 0.203982, -0.080801, 0.292331, 40759.996094,-0.950664, -0.950664, -0.950664, -0.950664,-7.026374, -17.540566, -29.893656
-0.537187, -3.108319, 0.690731, 7.169491, -3.239863, 7.506590, 0.219517, -0.084609, 0.283179, 40779.996094,-0.946374, -0.946374, -0.946374, -0.946374,-8.714857, -21.123817, -28.613820
-0.634715, -2.756222, 0.219607, 9.759705, -6.672525, 11.557766, 0.231139, -0.087950, 0.271036, 40799.996094,-0.940730, -0.940730, -0.940730, -0.940730,-10.618949, -24.094744, -27.751582
-0.235568, -3.793193, -0.433173, 8.615484, -4.436774, 15.004199, 0.258059, -0.089192, 0.240968, 40819.996094,-0.932177, -0.932177, -0.932177, -0.932177,-11.391848, -27.927328, -27.551582
0.161709, -6.066552, -1.108700, 9.532178, 0.414338, 14.150973, 0.289485, -0.084938, 0.210562, 40839.996094,-0.915697, -0.915697, -0.915697, -0.915697,-10.811667, -34.541837, -27.983325
0.294446, -7.938272, -0.727003, 12.122991, -6.055807, 16.262184, 0.320911, -0.075728, 0.161711, 40859.996094,-0.891863, -0.891863, -0.891863, -0.891863,-11.662421, -42.936029, -26.855685
0.733788, -10.010035, -2.372197, 6.224656, -9.442964, 13.288168, 0.352812, -0.055125, 0.100107, 40879.996094,-0.854544, -0.854544, -0.854544, -0.854544,-11.731314, -53.215078, -26.822358
1.713115, -10.214125, -5.721788, 1.566942, -9.741143, 12.225977, 0.368821, -0.010430, 0.012811, 40899.996094,-0.806172, -0.806172, -0.806172, -0.806172,-4.019917, -63.437364, -34.601007
2.864751, -10.214125, -8.522668, -0.024549, -6.903045, 9.886642, 0.366212, 0.052977, -0.067656, 40919.996094,-0.746210, -0.746210, -0.746210, -0.746210,22.256958, -71.222721, -60.306993
3.636559, -10.214125, -9.613544, -1.205892, -1.713038, 1.341810, 0.327315, 0.111810, -0.158878, 40939.996094,-0.674359, -0.674359, -0.674359, -0.674359,65.305453, -71.266876, -102.197572
3.725362, -10.213501, -9.125907, -1.661545, -0.238903, -3.779341, 0.266123, 0.150069, -0.238771, 40959.996094,-0.569850, -0.569850, -0.569850, -0.569850,101.983562, -61.896221, -136.935275
3.144247, -9.280602, -8.235694, -2.526147, 7.259903, -10.262659, 0.197104, 0.171614, -0.280571, 40979.996094,-0.459889, -0.459889, -0.459889, -0.459889,116.436830, -47.982831, -149.543224
2.059602, -7.658777, -4.860242, -6.947353, 11.021281, -16.265177, 0.127848, 0.181418, -0.319139, 40999.996094,-0.367755, -0.367755, -0.367755, -0.367755,123.690474, -37.179953, -156.048702
1.584428, -4.865374, -1.977101, -5.217550, 13.988711, -19.617605, 0.092271, 0.168912, -0.331342, 41019.996094,-0.309083, -0.309083, -0.309083, -0.309083,127.961118, -30.740633, -159.676131
1.298700, -2.361438, 0.281614, -0.167651, 14.724581, -14.000088, 0.076973, 0.158955, -0.343500, 41039.996094,-0.284247, -0.284247, -0.284247, -0.284247,130.471189, -28.393685, -161.761377
1.708441, -1.097941, 1.570038, -2.058519, 11.047626, -16.477736, 0.074482, 0.142714, -0.347642, 41059.996094,-0.272913, -0.272913, -0.272913, -0.272913,133.788662, -27.887698, -163.859961
1.607486, 0.613934, 2.522879, -2.806364, 9.834549, -18.071022, 0.083851, 0.133180, -0.352649, 41079.996094,-0.278982, -0.278982, -0.278982, -0.278982,136.824710, -29.354856, -165.377548
0.814489, 2.467270, 4.038141, -3.062033, 10.443483, -17.735121, 0.114921, 0.120851, -0.348191, 41099.996094,-0.305454, -0.305454, -0.305454, -0.305454,138.838170, -33.353937, -166.848740
0.087239, 4.587951, 6.388151, -6.197712, 8.129295, -18.809885, 0.165085, 0.100114, -0.331165, 41119.996094,-0.353568, -0.353568, -0.353568, -0.353568,140.969247, -40.485546, -169.445130
-0.988992, 6.902752, 8.059832, -8.102351, 5.032535, -15.902331, 0.223312, 0.074230, -0.299447, 41139.996094,-0.420744, -0.420744, -0.420744, -0.420744,142.781742, -50.400453, -172.848582
-2.117259, 8.993207, 9.506543, -9.717194, 2.096840, -11.012300, 0.282014, 0.041849, -0.242378, 41159.996094,-0.501899, -0.501899, -0.501899, -0.501899,145.194070, -62.870992, -178.066560
-3.416900, 9.941377, 10.134086, -8.722662, -2.021397, -8.902886, 0.329094, -0.011486, -0.181438, 41179.996094,-0.584099, -0.584099, -0.584099, -0.584099,155.418182, -76.628170, 167.559770
-4.043196, 10.204669, 10.134397, -11.203303, -3.981121, -8.117320, 0.351270, -0.075775, -0.100922, 41199.996094,-0.658864, -0.658864, -0.658864, -0.658864,-111.422167, -84.124500, 69.346856
-4.156615, 10.204669, 10.134397, -13.148658, -5.682184, -4.800817, 0.341308, -0.152464, -0.029214, 41219.996094,-0.724598, -0.724598, -0.724598, -0.724598,-67.225162, -70.480563, 19.585777
-4.338583, 10.204669, 10.134397, -13.917459, -9.605825, -3.008145, 0.292687, -0.232314, 0.031432, 41239.996094,-0.776250, -0.776250, -0.776250, -0.776250,-63.182215, -53.767492, 9.167104
-3.880546, 10.204669, 10.134397, -15.064673, -11.218272, -0.775388, 0.216908, -0.295466, 0.063290, 41259.996094,-0.812003, -0.812003, -0.812003, -0.812003,-63.376171, -36.342474, 2.608692
-2.596484, 10.204669, 10.077374, -14.209053, -11.828403, 0.140109, 0.130694, -0.336101, 0.086080, 41279.996094,-0.832803, -0.832803, -0.832803, -0.832803,-64.292336, -18.756917, -3.017893
-0.860617, 10.204669, 8.505094, -10.289603, -7.830517, 4.860094, 0.047444, -0.357924, 0.102965, 41299.996094,-0.844028, -0.844028, -0.844028, -0.844028,-63.972875, -2.773568, -9.393658
0.456161, 10.189713, 6.977679, -7.161108, -4.251759, 4.888834, -0.017068, -0.362432, 0.109823, 41319.996094,-0.845434, -0.845434, -0.845434, -0.845434,-63.401893, 11.460921, -16.308988
1.481915, 9.261487, 6.621220, -5.688172, -0.927471, 6.689290, -0.082411, -0.351402, 0.113855, 41339.996094,-0.842705, -0.842705, -0.842705, -0.842705,-62.074838, 24.515245, -22.207989
2.960721, 7.104662, 6.851173, -5.325326, -0.729882, 6.209687, -0.139808, -0.336825, 0.123275, 41359.996094,-0.841105, -0.841105, -0.841105, -0.841105,-58.758424, 36.539295, -25.133066
4.234188, 5.088053, 6.385970, -5.973179, -1.859134, 5.614525, -0.193292, -0.304220, 0.133344, 41379.996094,-0.840773, -0.840773, -0.840773, -0.840773,-52.876947, 46.704734, -25.076885
5.387382, 3.342526, 5.339652, -6.391709, -2.947072, 8.114925, -0.227802, -0.269515, 0.151312, 41399.996094,-0.845402, -0.845402, -0.845402, -0.845402,-43.275374, 53.846491, -21.756206
5.793072, 1.623173, 4.797485, -4.973258, -1.873504, 11.306289, -0.257568, -0.226276, 0.171716, 41419.996094,-0.855645, -0.855645, -0.855645, -0.855645,-29.186709, 57.820134, -13.855806
5.996228, -0.067825, 4.568155, -4.161945, -2.650688, 16.466957, -0.273459, -0.178131, 0.199282, 41439.996094,-0.870010, -0.870010, -0.870010, -0.870010,-12.586159, 58.112381, -3.144396
6.708834, -2.418770, 3.867078, -5.627697, -1.291514, 17.635128, -0.276779, -0.126616, 0.234218, 41459.996094,-0.889707, -0.889707, -0.889707, -0.889707,3.041209, 54.106527, 5.915091
8.088866, -4.799940, 2.747847, -7.867041, 0.288600, 17.432150, -0.263971, -0.071254, 0.273721, 41479.996094,-0.910736, -0.910736, -0.910736, -0.910736,15.332830, 46.818510, 9.584625
9.085954, -6.165950, 2.412576, -9.459130, 1.542991, 17.960852, -0.230529, -0.004375, 0.302072, 41499.996094,-0.924039, -0.924039, -0.924039, -0.924039,25.711686, 38.232004, 9.594647
9.219315, -6.679761, 3.122378, -10.115964, 0.520318, 19.577490, -0.195071, 0.067110, 0.314991, 41519.996094,-0.925958, -0.925958, -0.925958, -0.925958,35.013611, 29.192467, 8.179142
8.316950, -6.676645, 3.688848, -7.660470, -1.508264, 19.617605, -0.148821, 0.129277, 0.318336, 41539.996094,-0.919583, -0.919583, -0.919583, -0.919583,42.522560, 20.170663, 5.863766
6.871172, -7.087009, 3.181892, -5.065466, -2.376458, 19.617605, -0.100200, 0.179875, 0.308801, 41559.996094,-0.910191, -0.910191, -0.910191, -0.910191,47.797720, 11.534707, 1.933240
5.278014, -7.933288, 2.221260, -1.492696, 4.151168, 19.294279, -0.047665, 0.215139, 0.292694, 41579.996094,-0.898302, -0.898302, -0.898302, -0.898302,51.813303, 3.130806, -3.742950
4.033524, -8.802312, 1.909670, -0.463436, 7.802974, 14.684464, 0.014002, 0.241579, 0.276425, 41599.996094,-0.881850, -0.881850, -0.881850, -0.881850,55.583261, -5.053618, -10.710267
3.584523, -9.029461, 1.306744, 1.596879, 8.759785, 14.314434, 0.064995, 0.260786, 0.247048, 41619.996094,-0.858703, -0.858703, -0.858703, -0.858703,59.890324, -12.278440, -18.775934
3.291317, -9.091467, 0.759904, -0.331111, 8.999885, 16.268171, 0.113617, 0.272583, 0.216650, 41639.996094,-0.830106, -0.830106, -0.830106, -0.830106,64.701434, -17.818051, -27.759710
3.975880, -9.338557, 0.639319, -4.818181, 11.251802, 12.878619, 0.155953, 0.281064, 0.169198, 41659.996094,-0.789122, -0.789122, -0.789122, -0.789122,71.624368, -21.584119, -37.811784
4.878244, -9.357253, 0.853069, 0.153281, 11.983480, 8.242460, 0.185126, 0.294114, 0.106697, 41679.996094,-0.735199, -0.735199, -0.735199, -0.735199,80.690473, -24.564379, -48.731157
4.308969, -9.318928, 1.270288, 4.514013, 8.033495, 10.063872, 0.210742, 0.293149, 0.037233, 41699.996094,-0.683292, -0.683292, -0.683292, -0.683292,88.930224, -27.250121, -59.933367
3.246760, -9.904093, 1.294281, 1.747766, 6.132448, 11.691288, 0.222719, 0.292128, -0.021087, 41719.996094,-0.631140, -0.631140, -0.631140, -0.631140,96.111178, -28.224241, -71.946345
2.503618, -10.214125, 0.991415, -3.866160, 8.707094, 10.454860, 0.222482, 0.280387, -0.093649, 41739.996094,-0.571317, -0.571317, -0.571317, -0.571317,102.573399, -26.452731, -84.247033
1.700028, -10.214125, 1.178058, -7.377858, 13.751604, 8.278984, 0.203982, 0.272637, -0.152718, 41759.996094,-0.505618, -0.505618, -0.505618, -0.505618,107.832360, -23.183707, -96.399879
1.443278, -10.214125, 2.317230, -2.266886, 13.455220, 7.546108, 0.172556, 0.255570, -0.209619, 41779.996094,-0.442611, -0.442611, -0.442611, -0.442611,111.925510, -20.752045, -108.561224
1.391554, -10.214125, 2.746912, -8.144863, 10.526112, 4.525989, 0.137809, 0.236591, -0.252621, 41799.996094,-0.370011, -0.370011, -0.370011, -0.370011,115.567568, -17.078114, -120.692048
1.527407, -10.114729, 2.609190, -11.008708, 9.582474, -7.707772, 0.085511, 0.225034, -0.289104, 41819.996094,-0.282615, -0.282615, -0.282615, -0.282615,120.104999, -12.108608, -132.765054
0.380445, -8.088770, 3.212427, -7.883806, 16.256195, -13.968952, 0.046495, 0.212905, -0.305573, 41839.996094,-0.218251, -0.218251, -0.218251, -0.218251,122.150020, -8.935753, -142.845010
-0.382639, -5.439633, 5.461483, -6.171966, 18.096170, -16.814236, 0.035822, 0.212199, -0.314125, 41859.996094,-0.187863, -0.187863, -0.187863, -0.187863,122.941890, -9.609427, -151.658283
-0.475804, -2.957821, 7.190184, -5.698350, 16.731009, -16.939974, 0.047326, 0.213202, -0.314821, 41879.996094,-0.184889, -0.184889, -0.184889, -0.184889,123.806401, -13.329387, -159.265878
-0.701395, -0.811590, 8.664627, -3.023712, 12.928316, -9.600436, 0.076498, 0.207395, -0.315043, 41899.996094,-0.206076, -0.206076, -0.206076, -0.206076,124.426925, -19.639244, -165.911354
-1.085274, -0.283445, 9.261945, -0.438289, 11.538606, -5.640271, 0.109348, 0.194579, -0.309859, 41919.996094,-0.234232, -0.234232, -0.234232, -0.234232,124.947325, -26.843367, -172.649716
-1.130143, -0.585687, 9.505297, -0.477806, 14.975459, -8.925040, 0.145043, 0.146293, -0.303256, 41939.996094,-0.256717, -0.256717, -0.256717, -0.256717,126.897712, -33.629506, 179.451065
-0.940696, -0.601578, 10.084543, -1.819616, 17.686022, -9.689052, 0.179790, 0.117767, -0.306669, 41959.996094,-0.276921, -0.276921, -0.276921, -0.276921,130.579569, -40.175333, 170.086898
-0.656215, -0.305879, 10.134397, -4.321813, 15.820302, -8.762778, 0.214181, 0.093691, -0.299264, 41979.996094,-0.294535, -0.294535, -0.294535, -0.294535,136.092504, -45.881910, 159.514373
-0.533448, -0.142295, 10.134397, -7.735315, 10.845846, -7.343729, 0.228411, 0.030568, -0.301527, 41999.996094,-0.307524, -0.307524, -0.307524, -0.307524,143.861080, -50.266802, 147.036922
-0.726011, -0.118614, 10.134397, -8.593330, 7.410789, -9.642349, 0.233036, -0.031981, -0.299755, 42019.996094,-0.315884, -0.315884, -0.315884, -0.315884,154.309742, -52.989013, 131.829728
-1.106150, 0.336930, 10.134397, -9.480086, 3.781137, -11.869119, 0.211572, -0.095530, -0.300201, 42039.996094,-0.323097, -0.323097, -0.323097, -0.323097,166.477294, -54.070269, 114.570480
-1.048818, 1.063246, 10.134397, -8.339458, 1.972897, -12.924724, 0.183347, -0.141878, -0.295373, 42059.996094,-0.332512, -0.332512, -0.332512, -0.332512,179.202696, -53.554876, 96.702792
-0.566165, 1.679571, 10.134397, -6.313272, 0.479004, -11.780503, 0.152751, -0.184153, -0.294806, 42079.996094,-0.345374, -0.345374, -0.345374, -0.345374,-168.347151, -51.282211, 79.388465
0.368293, 2.221737, 10.134397, -5.728288, -0.217348, -11.721226, 0.117412, -0.215379, -0.280724, 42099.996094,-0.363503, -0.363503, -0.363503, -0.363503,-156.851713, -47.318900, 63.672308
1.185281, 2.837127, 9.839010, -5.259463, -0.690963, -10.537488, 0.088595, -0.244723, -0.272585, 42119.996094,-0.385622, -0.385622, -0.385622, -0.385622,-147.107854, -42.186070, 50.202995
2.297346, 3.545682, 8.830081, -7.000044, -2.396217, -8.769963, 0.060252, -0.264124, -0.254567, 42139.996094,-0.415423, -0.415423, -0.415423, -0.415423,-138.458972, -36.598203, 39.032335
3.481387, 3.980662, 7.618619, -8.901091, -1.811234, -7.010821, 0.036178, -0.296056, -0.237695, 42159.996094,-0.450862, -0.450862, -0.450862, -0.450862,-130.745786, -30.974300, 30.124410
4.674776, 4.600414, 6.747103, -9.473500, 0.675994, -4.710405, 0.021829, -0.318400, -0.204828, 42179.996094,-0.492637, -0.492637, -0.492637, -0.492637,-123.231028, -25.609992, 22.432384
5.851962, 5.212688, 6.392825, -9.490265, -0.299976, 1.095123, 0.003685, -0.341478, -0.171196, 42199.996094,-0.550274, -0.550274, -0.550274, -0.550274,-114.040403, -19.798128, 14.687886
6.288188, 4.729101, 6.105539, -8.419093, -4.381689, 2.471061, -0.023354, -0.360188, -0.123124, 42219.996094,-0.610613, -0.610613, -0.610613, -0.610613,-104.884098, -12.825492, 8.413278
6.040474, 4.055132, 5.476439, -7.691606, -5.707332, 0.760419, -0.054068, -0.368989, -0.092389, 42239.996094,-0.659806, -0.659806, -0.659806, -0.659806,-97.447180, -5.539504, 4.160821
5.954476, 3.806172, 4.227899, -9.339379, -5.085226, -0.510139, -0.078023, -0.380364, -0.049770, 42259.996094,-0.699911, -0.699911, -0.699911, -0.699911,-91.141996, 0.952174, 1.101470
6.410019, 3.869113, 3.274746, -7.893386, -2.546505, 1.456771, -0.098539, -0.373017, -0.010021, 42279.996094,-0.741003, -0.741003, -0.741003, -0.741003,-84.220766, 6.827491, -1.520672
7.339492, 3.369011, 2.641595, -5.219347, -2.330354, 5.339696, -0.110042, -0.363866, 0.038464, 42299.996094,-0.789785, -0.789785, -0.789785, -0.789785,-75.164327, 11.570412, -3.008295
8.610156, 2.324874, 1.304563, -2.334545, -1.159788, 10.571617, -0.128780, -0.343106, 0.102915, 42319.996094,-0.844468, -0.844468, -0.844468, -0.844468,-63.778259, 13.616439, -3.094279
10.101737, 0.774714, 0.322744, -2.550097, -1.309477, 13.170213, -0.129373, -0.316674, 0.172492, 42339.996094,-0.898806, -0.898806, -0.898806, -0.898806,-50.482444, 13.652559, -1.839273
10.305204, -0.202120, -0.615765, -2.818938, -3.315306, 15.820901, -0.131507, -0.263388, 0.246649, 42359.996094,-0.942313, -0.942313, -0.942313, -0.942313,-37.422671, 11.812224, -0.740795
10.305204, -0.809097, -1.045136, -1.543590, -3.660189, 18.100361, -0.123680, -0.197478, 0.301551, 42379.996094,-0.973714, -0.973714, -0.973714, -0.973714,-24.858348, 8.810704, -0.272583
10.291495, -0.962711, -0.234379, 1.839974, -3.504513, 19.617605, -0.117988, -0.128686, 0.331105, 42399.996094,-0.992662, -0.992662, -0.992662, -0.992662,-12.684083, 5.618622, 0.383348
9.368877, -1.332880, 1.214825, 4.396657, -3.857179, 19.617605, -0.112651, -0.055566, 0.352968, 42419.996094,-0.999523, -0.999523, -0.999523, -0.999523,-2.030242, 1.956363, 2.103047
8.810820, -3.397785, 1.677848, 0.274828, -4.773274, 19.617605, -0.093677, 0.006126, 0.368068, 42439.996094,-0.996834, -0.996834, -0.996834, -0.996834,7.307564, -3.756563, 3.732046
8.755980, -5.005278, 0.744325, -1.811832, -5.516329, 19.617605, -0.054780, 0.071311, 0.360819, 42459.996094,-0.984893, -0.984893, -0.984893, -0.984893,16.213105, -10.783455, 3.143664
8.698025, -6.129182, -1.037658, -0.684976, -1.926793, 19.617605, -0.015408, 0.133385, 0.349898, 42479.996094,-0.962715, -0.962715, -0.962715, -0.962715,26.016374, -17.919398, -0.987201
8.777792, -7.246231, -0.918630, 0.101190, 2.469864, 19.617605, 0.028826, 0.190342, 0.319983, 42499.996094,-0.927472, -0.927472, -0.927472, -0.927472,37.257930, -25.115360, -7.179208
8.189198, -8.425599, 0.531197, 1.399889, 4.772676, 19.617605, 0.082309, 0.240899, 0.273901, 42519.996094,-0.880066, -0.880066, -0.880066, -0.880066,49.131580, -32.951448, -14.869200
7.255363, -9.834297, 1.522676, -2.932702, 7.961045, 18.491947, 0.141960, 0.271073, 0.208107, 42539.996094,-0.821545, -0.821545, -0.821545, -0.821545,62.747050, -40.166054, -25.897382
6.529982, -10.214125, 2.072320, -0.055085, 10.823692, 14.669496, 0.193309, 0.287644, 0.131096, 42559.996094,-0.752995, -0.752995, -0.752995, -0.752995,78.950328, -45.407593, -40.557059
5.643198, -10.214125, 2.079798, -1.902843, 12.316987, 15.008989, 0.228767, 0.290352, 0.037983, 42579.996094,-0.680257, -0.680257, -0.680257, -0.680257,96.063948, -46.971632, -57.425083
5.645690, -10.214125, 2.258028, -7.644903, 6.014493, 9.744736, 0.247860, 0.283395, -0.052945, 42599.996094,-0.599209, -0.599209, -0.599209, -0.599209,112.831976, -44.727270, -74.197648
4.946794, -10.214125, 1.269042, -6.561755, 7.402407, -0.249681, 0.238610, 0.263806, -0.136879, 42619.996094,-0.500800, -0.500800, -0.500800, -0.500800,127.078413, -37.042774, -88.849189
3.782072, -10.109743, 1.348497, 2.251318, 16.122074, 2.413581, 0.215485, 0.245596, -0.199092, 42639.996094,-0.411855, -0.411855, -0.411855, -0.411855,135.514013, -28.772944, -100.001255
3.370461, -10.122207, 3.155718, -4.896019, 12.073294, 1.366359, 0.182399, 0.220563, -0.255140, 42659.996094,-0.317364, -0.317364, -0.317364, -0.317364,141.667648, -19.837045, -110.932928
3.288825, -9.675386, 2.451837, -0.116158, 4.698430, -4.915179, 0.142078, 0.190941, -0.310791, 42679.996094,-0.216055, -0.216055, -0.216055, -0.216055,146.886238, -10.302983, -120.219693
3.324969, -8.031438, 1.909359, -3.877537, 8.678952, -6.480324, 0.101639, 0.164938, -0.331068, 42699.996094,-0.124011, -0.124011, -0.124011, -0.124011,149.828302, -1.050356, -127.017340
2.087957, -7.006618, 2.572111, 0.556842, 8.511301, -7.472461, 0.054559, 0.146474, -0.354930, 42719.996094,-0.055056, -0.055056, -0.055056, -0.055056,150.361652, 5.831239, -133.768943
1.318953, -5.765868, 3.611574, 1.680705, 8.419691, -5.370233, 0.025031, 0.137147, -0.356546, 42739.996094,-0.007475, -0.007475, -0.007475, -0.007475,148.894831, 10.295516, -141.075062
0.993965, -5.164188, 3.731848, 0.879571, 9.518407, -7.333550, -0.003312, 0.134427, -0.362992, 42759.996094,0.034117, 0.034117, 0.034117, 0.034117,146.732882, 13.882440, -148.424972
1.114862, -4.543190, 3.667037, 0.976569, 13.761783, -7.605984, -0.026911, 0.123075, -0.362329, 42779.996094,0.069268, 0.069268, 0.069268, 0.069268,144.073468, 16.513009, -155.686426
0.969973, -3.834946, 4.816804, -2.189048, 10.127340, -8.653805, -0.045530, 0.125108, -0.363356, 42799.996094,0.097318, 0.097318, 0.097318, 0.097318,141.306451, 17.718737, -163.658939
1.063450, -3.042885, 5.336535, -4.185297, 10.892550, -6.931187, -0.049799, 0.127243, -0.366787, 42819.996094,0.118613, 0.118613, 0.118613, 0.118613,138.352477, 17.784926, -171.676485
0.157658, -2.250512, 7.339124, -7.420969, 13.200749, -9.642349, -0.046360, 0.135569, -0.361812, 42839.996094,0.125819, 0.125819, 0.125819, 0.125819,134.471900, 15.416566, 179.360568
-0.510702, -1.425422, 9.627751, -10.366842, 16.613653, -9.191486, -0.019796, 0.150743, -0.362103, 42859.996094,0.117839, 0.117839, 0.117839, 0.117839,130.113120, 10.165079, 169.664085
0.109050, -0.829350, 10.134397, -12.422368, 17.472866, -7.337741, 0.002143, 0.146513, -0.361188, 42879.996094,0.104144, 0.104144, 0.104144, 0.104144,127.447818, 3.894958, 160.716826
0.092847, -0.795076, 10.134397, -16.878901, 18.197958, -9.211844, 0.038906, 0.129120, -0.358746, 42899.996094,0.092344, 0.092344, 0.092344, 0.092344,125.959617, -2.217159, 152.210769
0.462393, -0.250105, 10.134397, -18.599722, 11.984079, -9.862691, 0.072466, 0.104022, -0.354414, 42919.996094,0.077564, 0.077564, 0.077564, 0.077564,126.160153, -8.225817, 144.296075
0.514740, 0.289257, 10.134397, -16.334034, 5.940248, -11.031461, 0.099268, 0.063851, -0.356045, 42939.996094,0.058449, 0.058449, 0.058449, 0.058449,127.740435, -14.217374, 136.576302
0.114659, 0.990646, 10.134397, -12.798985, 1.553170, -11.112292, 0.120851, 0.028169, -0.357079, 42959.996094,0.034355, 0.034355, 0.034355, 0.034355,130.144020, -20.389743, 128.834732
0.013080, 1.471429, 10.134397, -7.731722, 2.655478, -11.638000, 0.126425, -0.001801, -0.356996, 42979.996094,0.005825, 0.005825, 0.005825, 0.005825,133.530842, -26.697574, 120.617765
-0.377965, 1.824149, 10.134397, -6.118676, 4.974456, -13.742622, 0.136623, -0.027599, -0.351345, 42999.996094,-0.022109, -0.022109, -0.022109, -0.022109,137.439211, -32.799180, 111.656761
-0.117164, 2.595022, 10.057434, -6.038443, 3.624264, -13.659396, 0.142790, -0.055355, -0.342565, 43019.996094,-0.054788, -0.054788, -0.054788, -0.054788,142.874745, -38.667409, 101.979793
0.357076, 3.022523, 9.293104, -5.188810, 3.415897, -13.594131, 0.152989, -0.085624, -0.331380, 43039.996094,-0.087819, -0.087819, -0.087819, -0.087819,149.706789, -43.433752, 91.869733
1.087131, 3.777194, 8.237437, -3.410508, -0.748444, -11.192526, 0.155479, -0.114832, -0.324777, 43059.996094,-0.127912, -0.127912, -0.127912, -0.127912,158.455435, -47.413311, 81.426681
2.633239, 3.953242, 6.566381, -2.712959, -0.303569, -10.116563, 0.166271, -0.148930, -0.298913, 43079.996094,-0.170381, -0.170381, -0.170381, -0.170381,168.130295, -49.644098, 72.254814
4.026669, 4.246449, 5.451824, -3.039879, 0.452659, -7.155720, 0.180027, -0.191294, -0.277571, 43100.000000,-0.215661, -0.215661, -0.215661, -0.215661,178.083638, -50.691869, 64.513540
5.609857, 4.785499, 4.900310, -1.210682, 1.225651, -3.120711, 0.180620, -0.239242, -0.231356, 43120.000000,-0.267073, -0.267073, -0.267073, -0.267073,-171.770595, -51.555914, 58.088504
6.932244, 4.678935, 4.205776, -3.260221, 1.166375, 0.088017, 0.188565, -0.282111, -0.180070, 43140.000000,-0.327842, -0.327842, -0.327842, -0.327842,-160.457276, -52.357377, 52.126391
8.367428, 4.596675, 3.521213, -4.816384, -3.291955, 4.740942, 0.185008, -0.320180, -0.114559, 43160.000000,-0.414439, -0.414439, -0.414439, -0.414439,-144.059149, -53.220475, 43.636421
9.548353, 3.678420, 1.435119, -2.768044, -7.301218, 7.838899, 0.177892, -0.340715, -0.035551, 43180.000000,-0.502483, -0.502483, -0.502483, -0.502483,-127.807500, -53.791884, 37.685283
10.261582, 2.293092, -1.094990, -0.827479, -8.569979, 7.587422, 0.187142, -0.334543, 0.045846, 43200.000000,-0.578617, -0.578617, -0.578617, -0.578617,-114.104409, -55.089549, 36.038431
10.305204, 1.802337, -3.621984, 1.092129, -4.733158, 6.064190, 0.209911, -0.302698, 0.130507, 43220.000000,-0.641001, -0.641001, -0.641001, -0.641001,-101.514859, -59.251441, 35.824700
10.305204, 2.494067, -4.312467, 2.681823, 0.696352, 9.405841, 0.219399, -0.244051, 0.200075, 43240.000000,-0.695703, -0.695703, -0.695703, -0.695703,-84.752067, -65.547945, 30.785633
10.305204, 2.710622, -3.411661, 3.675158, 2.520159, 11.452385, 0.223786, -0.167730, 0.273274, 43260.000000,-0.742422, -0.742422, -0.742422, -0.742422,-61.790542, -69.901611, 19.116346
10.305204, 3.236274, -2.744547, 4.730762, 3.902086, 14.512622, 0.203508, -0.088569, 0.321319, 43280.000000,-0.782615, -0.782615, -0.782615, -0.782615,-33.185374, -70.947595, 1.531513
10.305204, 3.566247, -1.938152, 4.905000, 3.848198, 17.154327, 0.179434, 0.000495, 0.347213, 43300.000000,-0.815744, -0.815744, -0.815744, -0.815744,-8.148031, -68.390736, -12.536088
10.305204, 3.350004, -1.325567, 5.198989, 5.725893, 17.080082, 0.153937, 0.115574, 0.341150, 43320.000000,-0.837562, -0.837562, -0.837562, -0.837562,10.545710, -64.539097, -20.156283
10.305204, 2.662949, -0.628229, 2.649490, 9.948912, 13.810881, 0.136267, 0.176656, 0.314721, 43340.000000,-0.845307, -0.845307, -0.845307, -0.845307,25.860043, -60.911518, -24.138622
10.305204, 2.653601, 0.708492, -1.156196, 11.743979, 11.659554, 0.117886, 0.245911, 0.266301, 43360.000000,-0.844091, -0.844091, -0.844091, -0.844091,37.471460, -57.546980, -23.983389
10.305204, 2.813758, 2.074190, -0.895737, 14.080320, 10.991343, 0.115752, 0.292185, 0.210404, 43380.000000,-0.833760, -0.833760, -0.833760, -0.833760,46.608691, -55.164406, -20.904388
10.283706, 2.677593, 3.370715, 0.489782, 13.506114, 12.230167, 0.126187, 0.323094, 0.154574, 43400.000000,-0.814248, -0.814248, -0.814248, -0.814248,53.790213, -54.336322, -15.739399
9.795755, 1.835678, 4.332905, 2.463876, 8.138875, 11.432028, 0.146229, 0.334694, 0.096408, 43420.000000,-0.785338, -0.785338, -0.785338, -0.785338,59.530107, -55.564639, -10.064066
8.349044, 0.856039, 4.685312, 3.879932, 5.258864, 4.760101, 0.178011, 0.329785, 0.038781, 43440.000000,-0.748191, -0.748191, -0.748191, -0.748191,65.485969, -58.364514, -6.538422
5.829840, 0.817090, 4.754797, 6.964717, 5.653444, 2.748884, 0.206710, 0.312706, 0.008351, 43460.000000,-0.714179, -0.714179, -0.714179, -0.714179,69.572198, -61.926922, -4.048352
3.966221, 0.144368, 5.043953, 7.996372, 3.824248, 1.171763, 0.236594, 0.294133, -0.017204, 43480.000000,-0.680514, -0.680514, -0.680514, -0.680514,73.241052, -66.597062, -3.497301
2.553161, -0.562318, 5.004381, 6.851552, 1.729803, 0.005988, 0.265055, 0.268577, -0.030335, 43500.000000,-0.646927, -0.646927, -0.646927, -0.646927,78.553150, -71.773056, -6.410698
1.745831, -0.605317, 4.168697, 6.091733, 1.150807, -2.301614, 0.287469, 0.247093, -0.044781, 43520.000000,-0.614695, -0.614695, -0.614695, -0.614695,89.338282, -75.842872, -15.675822
1.105826, 0.323532, 2.277035, 6.959328, 2.266886, -3.206931, 0.296600, 0.234038, -0.053848, 43540.000000,-0.597339, -0.597339, -0.597339, -0.597339,98.980066, -76.877700, -24.447635
1.387503, 1.499784, 1.251904, 8.038883, 7.018605, -2.417772, 0.305732, 0.225697, -0.040935, 43560.000000,-0.593823, -0.593823, -0.593823, -0.593823,100.390137, -75.898033, -24.584968
1.736172, 1.756845, 1.318585, 7.858658, 6.107300, -0.037722, 0.309171, 0.214925, -0.041500, 43580.000000,-0.592075, -0.592075, -0.592075, -0.592075,99.093905, -75.205300, -21.643834
2.120674, 1.019312, 1.079907, 7.192842, 1.893263, -0.958008, 0.313203, 0.203829, -0.046012, 43600.000000,-0.580692, -0.580692, -0.580692, -0.580692,102.981457, -74.954217, -23.488483
2.287998, 0.580594, -0.191068, 7.298822, 2.878814, -3.115921, 0.311305, 0.206846, -0.046895, 43620.000000,-0.568416, -0.568416, -0.568416, -0.568416,108.809302, -72.725489, -27.032517
1.596892, 0.865698, -1.010861, 7.532936, 7.659872, -3.962560, 0.308222, 0.213411, -0.043958, 43640.000000,-0.566996, -0.566996, -0.566996, -0.566996,110.046599, -68.892982, -26.708995
1.006117, 1.177288, -0.900558, 9.657917, 7.474856, -1.422642, 0.303834, 0.212638, -0.045723, 43660.000000,-0.571805, -0.571805, -0.571805, -0.571805,108.720778, -65.788096, -24.510709
1.265672, 0.934871, -1.234271, 9.563313, 4.938530, -0.443677, 0.297549, 0.223101, -0.049327, 43680.000000,-0.574100, -0.574100, -0.574100, -0.574100,108.248257, -62.776144, -22.902932
1.236071, 0.717693, -1.793575, 8.771759, 7.985594, -1.678909, 0.290552, 0.231099, -0.050864, 43700.000000,-0.577116, -0.577116, -0.577116, -0.577116,108.170992, -58.535676, -21.712731
0.618811, 0.725794, -1.630302, 9.094488, 9.447155, -0.613724, 0.281302, 0.236894, -0.042832, 43720.000000,-0.584517, -0.584517, -0.584517, -0.584517,107.198723, -54.517572, -20.419937
0.487009, 0.436016, -1.475130, 8.713680, 8.470586, 0.752635, 0.275017, 0.247841, -0.042109, 43740.000000,-0.591794, -0.591794, -0.591794, -0.591794,106.396537, -50.837065, -19.661623
0.298185, -0.070941, -1.432754, 9.714200, 8.359218, 1.605262, 0.270866, 0.256269, -0.038711, 43760.000000,-0.598273, -0.598273, -0.598273, -0.598273,105.963416, -47.347211, -19.779144
-0.637208, -0.636788, -1.338030, 9.822575, 11.610456, 1.179547, 0.260312, 0.264999, -0.037020, 43780.000000,-0.608416, -0.608416, -0.608416, -0.608416,105.161269, -43.538576, -20.925441
-0.703888, -0.897589, -0.253386, 9.493259, 12.872033, 1.027463, 0.258296, 0.263899, -0.043762, 43800.000000,-0.615495, -0.615495, -0.615495, -0.615495,104.771678, -40.841554, -22.920269
0.477349, -1.688404, 0.543349, 8.283175, 8.603509, -0.370031, 0.261379, 0.261685, -0.058195, 43820.000000,-0.608026, -0.608026, -0.608026, -0.608026,106.874885, -39.119812, -26.510459
1.355410, -2.697020, -0.426942, 7.185059, 5.859416, -2.970423, 0.253434, 0.260918, -0.081983, 43840.000000,-0.586915, -0.586915, -0.586915, -0.586915,111.081340, -36.021259, -31.294652
1.279693, -2.477661, -1.540564, 6.829997, 4.588259, -3.819458, 0.242998, 0.266635, -0.095110, 43860.000000,-0.565578, -0.565578, -0.565578, -0.565578,114.479197, -31.842444, -34.865958
0.272012, -1.919915, -2.432022, 3.826044, 6.091134, -1.574725, 0.227818, 0.278806, -0.106557, 43880.000000,-0.558553, -0.558553, -0.558553, -0.558553,114.766451, -26.368158, -36.371550
0.749056, -1.752591, -1.758677, 4.712201, 9.721984, -4.252956, 0.216908, 0.279172, -0.118489, 43900.000000,-0.545060, -0.545060, -0.545060, -0.545060,115.813402, -21.559013, -38.086133
1.373793, -2.397271, -0.589903, 1.375939, 7.455696, -5.102589, 0.202796, 0.276910, -0.135182, 43920.000000,-0.520096, -0.520096, -0.520096, -0.520096,118.239660, -17.127260, -41.082210
2.538204, -1.814909, -0.827646, 5.570816, 5.928272, -4.572093, 0.192479, 0.278766, -0.156948, 43940.000000,-0.489906, -0.489906, -0.489906, -0.489906,121.527641, -13.974562, -43.072574
2.896845, -2.184766, -1.593534, 6.377937, 5.113966, -3.333269, 0.178960, 0.274487, -0.179806, 43960.000000,-0.457214, -0.457214, -0.457214, -0.457214,124.772842, -10.273862, -44.609599
1.700963, -2.529385, -1.619084, 6.853948, 6.009104, -4.030818, 0.165203, 0.271523, -0.194247, 43980.000000,-0.432917, -0.432917, -0.432917, -0.432917,126.483913, -6.353909, -46.188219
-0.012470, -1.527312, -0.810197, 5.382807, 8.938213, -4.658912, 0.152158, 0.275374, -0.205521, 44000.000000,-0.428033, -0.428033, -0.428033, -0.428033,125.794080, -3.485488, -47.272190
-0.120903, -1.207309, 0.040755, 1.207689, 9.274115, -7.658674, 0.151921, 0.273787, -0.202030, 44020.000000,-0.420554, -0.420554, -0.420554, -0.420554,125.410909, -0.876867, -48.706624
0.331525, -1.045905, 0.110551, 2.471660, 6.861133, -6.367758, 0.148838, 0.271528, -0.198920, 44040.000000,-0.410387, -0.410387, -0.410387, -0.410387,125.642064, 1.068705, -50.036759
0.317504, -0.909741, -0.445637, 3.330873, 5.416935, -5.298981, 0.140062, 0.273124, -0.205627, 44060.000000,-0.400775, -0.400775, -0.400775, -0.400775,125.877533, 2.987995, -50.848591
-0.102831, -0.471022, -0.803342, 3.987109, 5.961802, -3.742218, 0.132591, 0.279157, -0.215093, 44080.000000,-0.399648, -0.399648, -0.399648, -0.399648,125.192741, 4.612575, -51.027776
-0.462094, -0.600332, -0.701764, 4.100873, 7.633526, -5.280419, 0.122393, 0.284526, -0.216194, 44100.000000,-0.399987, -0.399987, -0.399987, -0.399987,124.180518, 6.307890, -51.430729
-0.917327, -0.709700, -0.058642, 2.287244, 6.495293, -5.511539, 0.119546, 0.294854, -0.208427, 44120.000000,-0.402436, -0.402436, -0.402436, -0.402436,122.835676, 7.666704, -52.377956
-1.037289, -1.157766, -0.077026, 1.975292, 5.938451, -3.799100, 0.113143, 0.296485, -0.202098, 44140.000000,-0.406101, -0.406101, -0.406101, -0.406101,121.010349, 9.166389, -53.840381
-0.340262, -2.124629, -1.114932, 3.045268, 6.480324, -1.729803, 0.101521, 0.300431, -0.202734, 44160.000000,-0.402976, -0.402976, -0.402976, -0.402976,119.242858, 11.791385, -55.845623
0.897372, -2.612891, -2.750156, 4.284091, 6.940767, -1.938768, 0.073415, 0.299902, -0.214296, 44180.000000,-0.383510, -0.383510, -0.383510, -0.383510,118.945589, 15.930737, -57.536600
1.689745, -2.297250, -3.864713, 3.108137, 7.329359, -3.226091, 0.042819, 0.295340, -0.230931, 44200.000000,-0.352304, -0.352304, -0.352304, -0.352304,120.006888, 21.099755, -58.210692
1.505907, -1.788424, -4.028921, 3.579357, 8.683144, -4.684060, 0.012816, 0.289851, -0.240890, 44220.000000,-0.322955, -0.322955, -0.322955, -0.322955,121.246167, 25.945660, -58.085944
0.993342, -2.153919, -4.118347, 2.563270, 6.965316, -3.936814, -0.016238, 0.290951, -0.239707, 44240.000000,-0.296306, -0.296306, -0.296306, -0.296306,121.794146, 30.936152, -58.188282
1.340765, -2.902669, -4.790446, 1.046025, 4.627178, -3.675158, -0.059761, 0.274656, -0.255026, 44260.000000,-0.258981, -0.258981, -0.258981, -0.258981,122.991344, 37.045266, -58.356553
3.026778, -4.334424, -6.717317, -1.628015, 3.341052, -2.978806, -0.110991, 0.244192, -0.259915, 44280.000000,-0.189923, -0.189923, -0.189923, -0.189923,126.389123, 46.687521, -58.168679
4.702819, -6.741456, -9.187601, -2.330953, 0.161065, -0.983156, -0.184398, 0.191350, -0.271161, 44300.000000,-0.077328, -0.077328, -0.077328, -0.077328,133.346382, 61.812112, -56.244423
5.536633, -9.018867, -10.104921, -9.713601, -2.244133, -4.378096, -0.259584, 0.112886, -0.248761, 44320.000000,0.053101, 0.053101, 0.053101, 0.053101,150.428358, 78.876064, -45.026608
6.215276, -7.964135, -9.550915, -12.821737, -4.173322, -4.396059, -0.306782, 0.030713, -0.218508, 44340.000000,0.179285, 0.179285, 0.179285, 0.179285,-89.324255, 82.302165, 69.015573
7.019802, -7.901194, -8.522046, -10.283615, -4.141588, -1.817221, -0.333109, -0.056003, -0.165668, 44360.000000,0.297180, 0.297180, 0.297180, 0.297180,-58.264382, 68.600773, 93.085368
7.040989, -8.477324, -7.711601, -10.032737, -5.579198, -0.201780, -0.345561, -0.128868, -0.100764, 44380.000000,0.402004, 0.402004, 0.402004, 0.402004,-47.315646, 54.392027, 97.074422
6.442737, -8.316232, -7.876121, -10.087224, -8.161628, 2.293231, -0.333346, -0.192245, -0.035337, 44400.000000,0.496189, 0.496189, 0.496189, 0.496189,-41.260181, 40.028857, 96.405231
5.795253, -8.319036, -7.925974, -10.368639, -12.064313, 4.953499, -0.299904, -0.242009, 0.042082, 44420.000000,0.577415, 0.577415, 0.577415, 0.577415,-36.868917, 25.770519, 94.272066
5.659088, -7.980649, -7.182210, -9.319620, -11.797268, 5.239105, -0.254484, -0.270796, 0.109417, 44440.000000,0.640976, 0.640976, 0.640976, 0.640976,-32.519030, 12.898915, 91.846886
5.782789, -7.239065, -6.394198, -5.413343, -8.744217, 4.117638, -0.198036, -0.276612, 0.165865, 44460.000000,0.689847, 0.689847, 0.689847, 0.689847,-27.858577, 1.631512, 88.992685
5.229405, -6.380635, -5.059036, -1.905238, -7.631131, 7.835906, -0.149058, -0.266846, 0.225124, 44480.000000,0.722773, 0.722773, 0.722773, 0.722773,-22.943063, -8.217837, 86.322129
4.401824, -5.250810, -2.341038, -1.889670, -8.943602, 10.386601, -0.111110, -0.255875, 0.252078, 44500.000000,0.733136, 0.733136, 0.733136, 0.733136,-19.029923, -15.213118, 85.422919
3.965909, -3.873583, -0.908971, -1.380729, -8.674761, 10.503958, -0.087866, -0.233426, 0.279976, 44520.000000,0.733765, 0.733765, 0.733765, 0.733765,-15.879391, -19.941050, 85.280870
4.024176, -3.250715, -0.674656, -1.032254, -4.639752, 10.732083, -0.062014, -0.208871, 0.299565, 44540.000000,0.733445, 0.733445, 0.733445, 0.733445,-12.039298, -23.651883, 84.771874
3.372331, -2.745005, -0.203220, -2.672842, -5.276827, 11.126063, -0.048139, -0.186438, 0.313476, 44560.000000,0.730589, 0.730589, 0.730589, 0.730589,-9.258055, -26.229794, 84.550753
2.880330, -1.816467, 0.149188, -1.953138, -5.428911, 11.768528, -0.035568, -0.162399, 0.336204, 44580.000000,0.727475, 0.727475, 0.727475, 0.727475,-7.205217, -27.659648, 84.493382
3.071958, -1.424175, 0.720644, -0.683179, -4.192482, 11.373948, -0.032248, -0.141389, 0.338492, 44600.000000,0.721214, 0.721214, 0.721214, 0.721214,-5.129249, -28.622660, 84.989410
3.095639, -0.994493, 1.313911, -2.580035, -2.715353, 10.488989, -0.027504, -0.113878, 0.349253, 44620.000000,0.712662, 0.712662, 0.712662, 0.712662,-3.191618, -28.602168, 86.077577
2.630123, -0.494703, 1.556639, -3.084187, -1.447191, 10.144705, -0.026318, -0.094339, 0.357334, 44640.000000,0.704699, 0.704699, 0.704699, 0.704699,-1.700787, -27.829236, 87.304160
2.011929, -0.278771, 1.894714, -2.080673, -0.529299, 9.972861, -0.027860, -0.077760, 0.365961, 44660.000000,0.695883, 0.695883, 0.695883, 0.695883,-0.930722, -26.910535, 88.846887
1.361953, 0.134397, 2.172652, 0.394579, 0.573008, 8.983719, -0.033197, -0.063729, 0.361216, 44680.000000,0.686493, 0.686493, 0.686493, 0.686493,-0.753515, -25.994002, 90.586411
0.131173, 2.128261, 2.887751, 1.613644, 3.600313, 8.089179, -0.047190, -0.061149, 0.359662, 44700.000000,0.677534, 0.677534, 0.677534, 0.677534,-1.388507, -23.163065, 92.760706
-1.451080, 5.435475, 4.975714, -0.822091, 5.247488, 4.386478, -0.095812, -0.071134, 0.342978, 44720.000000,0.660173, 0.660173, 0.660173, 0.660173,-3.423348, -16.087848, 96.808267
-3.352402, 8.923100, 7.417644, -8.187973, 1.889072, 1.659749, -0.154632, -0.076957, 0.319824, 44740.000000,0.621442, 0.621442, 0.621442, 0.621442,-8.425913, -3.011782, 103.101056
-4.182166, 10.149517, 7.875370, -12.734919, -0.455054, 1.099913, -0.224244, -0.077572, 0.275415, 44760.000000,0.565246, 0.565246, 0.565246, 0.565246,-13.433671, 12.217257, 108.726227
-4.724955, 8.790051, 6.299348, -9.712403, 0.880768, 1.188529, -0.273103, -0.075243, 0.228148, 44780.000000,0.507700, 0.507700, 0.507700, 0.507700,-18.056297, 25.909417, 112.188420
-5.416373, 7.172589, 6.147604, -9.416618, 1.920806, 1.868115, -0.312000, -0.063431, 0.172026, 44800.000000,0.439784, 0.439784, 0.439784, 0.439784,-22.426443, 37.846585, 115.782637
-5.553784, 6.599886, 7.462202, -8.617281, 2.971022, 0.949625, -0.337141, -0.034754, 0.126437, 44820.000000,0.352165, 0.352165, 0.352165, 0.352165,-24.461036, 49.899315, 121.897513
-5.681224, 7.356115, 8.628794, -10.863809, 2.962639, -1.578917, -0.361333, 0.011392, 0.074530, 44840.000000,0.247034, 0.247034, 0.247034, 0.247034,-23.457699, 63.481145, 131.137369
-5.973495, 8.985417, 8.630040, -15.273639, 0.827479, -2.808161, -0.362756, 0.070889, 0.020648, 44860.000000,0.136692, 0.136692, 0.136692, 0.136692,-16.469709, 78.157064, 146.238738
-5.763484, 8.774160, 7.458774, -10.581796, 1.931583, -1.151406, -0.347221, 0.123167, -0.024276, 44880.000000,0.034232, 0.034232, 0.034232, 0.034232,87.204494, 85.717915, -102.604144
-5.151210, 6.464968, 6.728096, -7.840695, 4.209247, -0.450264, -0.322910, 0.175059, -0.047238, 44900.000000,-0.060319, -0.060319, -0.060319, -0.060319,118.402448, 75.605374, -64.652999
-4.952415, 5.180907, 7.457527, -8.099957, 7.240144, -1.832190, -0.290773, 0.234116, -0.047943, 44920.000000,-0.158205, -0.158205, -0.158205, -0.158205,116.752701, 64.524347, -59.723135
-5.468097, 6.143408, 9.075615, -7.807165, 7.261700, -2.990182, -0.235154, 0.286748, -0.047449, 44940.000000,-0.266606, -0.266606, -0.266606, -0.266606,113.965372, 51.645162, -54.960056
-5.655985, 7.468287, 9.655483, -7.635921, 7.820937, -2.177073, -0.175385, 0.334699, -0.030819, 44960.000000,-0.375260, -0.375260, -0.375260, -0.375260,110.966898, 38.159365, -49.084671
-5.277092, 7.200943, 9.091506, -4.543352, 8.570578, -1.672323, -0.107552, 0.358888, -0.017061, 44980.000000,-0.472540, -0.472540, -0.472540, -0.472540,107.109431, 25.551722, -43.393065
-4.630231, 6.157117, 7.706176, -3.262615, 11.490705, -1.495091, -0.047783, 0.369730, 0.011472, 45000.000000,-0.551308, -0.551308, -0.551308, -0.551308,102.758976, 15.163999, -38.047711
-3.722882, 5.139153, 6.030446, -1.410667, 11.655363, -1.705254, -0.007937, 0.375750, 0.036193, 45020.000000,-0.609589, -0.609589, -0.609589, -0.609589,98.742227, 7.297644, -32.885448
-2.874423, 3.936105, 3.748673, -0.058079, 11.255994, 0.861010, 0.015781, 0.373329, 0.056681, 45040.000000,-0.652572, -0.652572, -0.652572, -0.652572,94.706750, 2.597986, -28.364621
-1.852408, 1.530319, 2.095066, 0.620909, 10.664424, 2.204616, 0.031553, 0.370384, 0.073035, 45060.000000,-0.680208, -0.680208, -0.680208, -0.680208,91.343659, 0.267200, -26.195921
-1.291546, -0.234214, 1.498060, 0.691562, 9.197474, 2.774630, 0.042701, 0.366286, 0.083682, 45080.000000,-0.699894, -0.699894, -0.699894, -0.699894,88.464037, -1.214092, -25.914675
-0.398530, -0.858017, 0.941249, 0.734074, 9.541759, 2.332749, 0.051595, 0.364819, 0.080380, 45100.000000,-0.710021, -0.710021, -0.710021, -0.710021,86.824918, -2.030384, -26.311028
0.593884, -0.636476, -0.620127, 0.704136, 8.754994, 1.392105, 0.049579, 0.368433, 0.080661, 45120.000000,-0.709976, -0.709976, -0.709976, -0.709976,86.556169, -1.035235, -26.548677
1.764839, -0.490029, -2.821821, -0.963995, 7.902367, 1.598676, 0.024912, 0.375263, 0.068461, 45140.000000,-0.698363, -0.698363, -0.698363, -0.698363,87.520492, 2.917193, -26.741986
3.241151, -1.741374, -5.946444, -2.969824, 6.185737, 1.069975, -0.016120, 0.383307, 0.045804, 45160.000000,-0.665662, -0.665662, -0.665662, -0.665662,90.023297, 11.014601, -28.345229
4.428620, -3.741469, -8.212948, -4.973258, 5.024152, 1.089734, -0.076482, 0.377019, 0.011619, 45180.000000,-0.611089, -0.611089, -0.611089, -0.611089,92.933470, 22.255112, -31.996807
5.057720, -5.396945, -9.597966, -6.792874, 4.017046, 1.490301, -0.146805, 0.361731, -0.014075, 45200.000000,-0.538134, -0.538134, -0.538134, -0.538134,94.717299, 35.499013, -37.692058
5.252775, -6.068733, -9.832593, -10.205777, 3.114124, -0.035327, -0.212978, 0.321456, -0.041385, 45220.000000,-0.450230, -0.450230, -0.450230, -0.450230,94.955439, 49.253952, -44.971559
5.401715, -5.436206, -9.212217, -11.793077, 3.451223, -0.306563, -0.270612, 0.270866, -0.045586, 45240.000000,-0.358076, -0.358076, -0.358076, -0.358076,93.208931, 61.799940, -53.575562
5.722653, -5.219028, -8.393671, -9.936936, 3.111130, -0.104183, -0.319590, 0.218189, -0.051336, 45260.000000,-0.265646, -0.265646, -0.265646, -0.265646,85.625991, 72.545638, -67.969035
6.086590, -5.847816, -8.703079, -10.060280, 0.025148, 0.434696, -0.356234, 0.158471, -0.032999, 45280.000000,-0.163735, -0.163735, -0.163735, -0.163735,46.650321, 81.093839, -114.067748
6.860579, -6.975460, -10.013003, -10.223142, -1.675915, 1.827999, -0.381375, 0.078965, -0.006387, 45300.000000,-0.046083, -0.046083, -0.046083, -0.046083,-20.191232, 75.493672, 171.026907
7.521461, -8.673937, -10.284397, -9.892030, -3.405119, 0.992137, -0.392048, -0.011672, 0.054279, 45320.000000,0.076563, 0.076563, 0.076563, 0.076563,-32.243192, 61.405273, 150.038427
7.357876, -9.269696, -10.284397, -11.243420, -4.106261, 1.239423, -0.367618, -0.090921, 0.116463, 45340.000000,0.193053, 0.193053, 0.193053, 0.193053,-32.751344, 46.699658, 140.425095
7.165313, -9.318304, -10.284397, -6.286927, -3.790717, 4.625381, -0.321250, -0.142370, 0.182931, 45360.000000,0.303851, 0.303851, 0.303851, 0.303851,-30.073715, 31.596591, 133.250174
6.216834, -8.905448, -9.859388, -4.732559, -3.118315, 7.223379, -0.257568, -0.149158, 0.226731, 45380.000000,0.400789, 0.400789, 0.400789, 0.400789,-26.313823, 17.437501, 126.711950
4.213935, -5.612877, -7.521531, -6.750962, -5.663623, 9.905801, -0.180247, -0.138968, 0.265732, 45400.000000,0.470659, 0.470659, 0.470659, 0.470659,-23.834390, 8.685873, 120.485635
2.790281, -1.549123, -6.208803, -3.899691, -4.336183, 8.010143, -0.147635, -0.162678, 0.284574, 45420.000000,0.529299, 0.529299, 0.529299, 0.529299,-22.460430, 5.076679, 113.604884
2.311679, 0.731715, -5.385894, -4.308042, -4.278703, 9.040601, -0.128187, -0.174688, 0.290540, 45440.000000,0.581091, 0.581091, 0.581091, 0.581091,-21.344364, 4.570152, 106.572429
2.024081, 1.235244, -4.409372, -4.780459, -3.111729, 8.264015, -0.119530, -0.168314, 0.292860, 45460.000000,0.623137, 0.623137, 0.623137, 0.623137,-20.373416, 5.385576, 100.370379
1.060334, 0.660984, -1.880820, -5.158872, -6.467751, 9.567505, -0.117276, -0.165989, 0.305603, 45480.000000,0.642651, 0.642651, 0.642651, 0.642651,-20.854053, 6.481544, 97.049652
0.091289, 0.966965, -0.217553, -5.737868, -5.712122, 8.090376, -0.124985, -0.170609, 0.302581, 45500.000000,0.647685, 0.647685, 0.647685, 0.647685,-22.348503, 8.779384, 95.347100
-1.336727, 1.711665, 1.107950, -5.337900, -5.882168, 7.143745, -0.141231, -0.168419, 0.287469, 45520.000000,0.640211, 0.640211, 0.640211, 0.640211,-25.510185, 12.362034, 94.584032
-2.765055, 2.634594, 1.160920, -6.789881, -4.032015, 7.073690, -0.164949, -0.182680, 0.277124, 45540.000000,0.628061, 0.628061, 0.628061, 0.628061,-30.072103, 17.125567, 93.206542
-4.001755, 3.565313, 1.613037, -6.585106, -4.667893, 5.841453, -0.187126, -0.198410, 0.238824, 45560.000000,0.606991, 0.606991, 0.606991, 0.606991,-36.520255, 22.852786, 91.187302
-4.590660, 4.309390, 1.900634, -9.258547, -8.925639, 2.262096, -0.218907, -0.209456, 0.208265, 45580.000000,0.577166, 0.577166, 0.577166, 0.577166,-45.252907, 29.243776, 87.640946
-4.893836, 5.141646, 2.093197, -10.036330, -7.536528, 0.924478, -0.244286, -0.222617, 0.158937, 45600.000000,0.540022, 0.540022, 0.540022, 0.540022,-55.616906, 35.976227, 82.065890
-5.174268, 4.849063, 2.450279, -7.185059, -3.929628, 3.222499, -0.264683, -0.227834, 0.104543, 45620.000000,0.496205, 0.496205, 0.496205, 0.496205,-66.235194, 41.809413, 76.058986
-6.047654, 3.008190, 2.817643, -4.599635, -1.638792, 3.276387, -0.288994, -0.221706, 0.059993, 45640.000000,0.441651, 0.441651, 0.441651, 0.441651,-76.173451, 46.388697, 72.154721
-7.603110, 2.674166, 4.052785, -6.579119, -2.680626, -1.671724, -0.306426, -0.204002, 0.002387, 45660.000000,0.359581, 0.359581, 0.359581, 0.359581,-91.251036, 51.738189, 65.678895
-9.481373, 5.248833, 6.335181, -13.247453, -5.580396, -5.979765, -0.330144, -0.155045, -0.065768, 45680.000000,0.248323, 0.248323, 0.248323, 0.248323,-116.522731, 56.964356, 49.863659
-9.109647, 7.384158, 6.823131, -11.496693, -4.725374, -5.743257, -0.347458, -0.097687, -0.139364, 45700.000000,0.136702, 0.136702, 0.136702, 0.136702,-147.006255, 56.027892, 27.445427
-7.974525, 7.065402, 5.540939, -7.862251, -3.563789, -4.114644, -0.347458, -0.040271, -0.195365, 45720.000000,0.042212, 0.042212, 0.042212, 0.042212,-168.562959, 49.738703, 13.064008
-7.776978, 5.383128, 4.137850, -7.150331, 0.892744, -4.913383, -0.326824, 0.015004, -0.221082, 45740.000000,-0.051929, -0.051929, -0.051929, -0.051929,175.843967, 43.033640, 5.704026
-9.577967, 4.406294, 5.499809, -10.987751, -0.099393, -8.720266, -0.313898, 0.088383, -0.237553, 45760.000000,-0.162427, -0.162427, -0.162427, -0.162427,160.336132, 36.247893, 0.052643
-9.235529, 5.419584, 7.014447, -10.168654, -0.210762, -8.964559, -0.270494, 0.173932, -0.237606, 45780.000000,-0.267079, -0.267079, -0.267079, -0.267079,147.187063, 27.064500, -3.768551
-7.282484, 5.564162, 6.118003, -7.325168, 2.996768, -5.913902, -0.225074, 0.237131, -0.228765, 45800.000000,-0.350132, -0.350132, -0.350132, -0.350132,137.726416, 18.137217, -4.435873
-6.336809, 3.751020, 4.947671, -5.153483, 6.796467, -5.121150, -0.187244, 0.286049, -0.202273, 45820.000000,-0.423679, -0.423679, -0.423679, -0.423679,129.142298, 11.340143, -4.259088
-7.165327, 2.499364, 5.219378, -3.817661, 7.839498, -6.597681, -0.146805, 0.328007, -0.160478, 45840.000000,-0.498062, -0.498062, -0.498062, -0.498062,119.960814, 5.098561, -4.185187
-7.958011, 2.613406, 6.801631, -4.594246, 7.019803, -5.915699, -0.095219, 0.366956, -0.106220, 45860.000000,-0.572106, -0.572106, -0.572106, -0.572106,110.220277, -2.201819, -3.695778
-7.824339, 3.084530, 8.427818, -5.218748, 7.812554, -3.544629, -0.026318, 0.388435, -0.051381, 45880.000000,-0.639695, -0.639695, -0.639695, -0.639695,100.203161, -10.737576, -1.858930
-6.904837, 3.324454, 9.992312, -4.906796, 7.343130, -1.788481, 0.053374, 0.388024, 0.004182, 45900.000000,-0.691436, -0.691436, -0.691436, -0.691436,90.436416, -20.204766, 1.808409
-5.058979, 3.141239, 10.133150, -2.605183, 5.663623, 0.328118, 0.130931, 0.362934, 0.048688, 45920.000000,-0.723288, -0.723288, -0.723288, -0.723288,81.126172, -28.978328, 7.513341
-3.100325, 2.562928, 8.838494, 0.565823, 6.521638, 1.005309, 0.192835, 0.335117, 0.080300, 45940.000000,-0.735703, -0.735703, -0.735703, -0.735703,72.880836, -36.179057, 14.343533
-1.847423, 1.645296, 6.353253, 3.818260, 8.064630, 0.683778, 0.230902, 0.303910, 0.097035, 45960.000000,-0.738291, -0.738291, -0.738291, -0.738291,66.499926, -40.795203, 20.164105
-1.621831, 0.433523, 4.259058, 5.213958, 7.859257, 1.207090, 0.253671, 0.276164, 0.096292, 45980.000000,-0.741568, -0.741568, -0.741568, -0.741568,61.623208, -43.495601, 23.760296
-1.375052, -0.628375, 2.797702, 6.270162, 6.639593, 2.348916, 0.272645, 0.262431, 0.107899, 46000.000000,-0.745721, -0.745721, -0.745721, -0.745721,58.180112, -45.322182, 25.325013
-0.891465, -1.633564, 1.732376, 7.231762, 6.376141, 2.554887, 0.284978, 0.253697, 0.101503, 46020.000000,-0.748002, -0.748002, -0.748002, -0.748002,56.865068, -46.803521, 24.673863
-0.394791, -1.940791, 1.557574, 7.795789, 7.513176, 0.769999, 0.294110, 0.244873, 0.092217, 46040.000000,-0.745753, -0.745753, -0.745753, -0.745753,57.308961, -48.340915, 22.878050
-0.266416, -1.364039, 1.664761, 7.756271, 8.409513, -0.067659, 0.307392, 0.231367, 0.075872, 46060.000000,-0.743567, -0.743567, -0.743567, -0.743567,57.620637, -49.506459, 21.679472
-0.364255, -0.831220, 1.491517, 8.799901, 7.405401, -0.523911, 0.313677, 0.220904, 0.077575, 46080.000000,-0.742857, -0.742857, -0.742857, -0.742857,57.369499, -50.445749, 21.069860
-0.577694, -0.868299, 0.230201, 7.771839, 6.399492, 1.292712, 0.315693, 0.215960, 0.076610, 46100.000000,-0.749067, -0.749067, -0.749067, -0.749067,57.360276, -50.016350, 19.552407
-0.610411, -1.779700, -1.337407, 7.164701, 5.583988, 1.996249, 0.317116, 0.224878, 0.066162, 46120.000000,-0.758285, -0.758285, -0.758285, -0.758285,59.110276, -48.584227, 15.489003
-0.537187, -3.357902, -3.241221, 6.150411, 5.611531, 2.275269, 0.307392, 0.250949, 0.046448, 46140.000000,-0.767781, -0.767781, -0.767781, -0.767781,63.378910, -45.820037, 7.924793
-0.413486, -4.672811, -4.491320, 5.457052, 6.945557, 1.429827, 0.285927, 0.273221, 0.011991, 46160.000000,-0.772504, -0.772504, -0.772504, -0.772504,69.130859, -41.727694, -1.765430
-0.452435, -5.223702, -5.190527, 5.494774, 9.122630, 0.841849, 0.258059, 0.298816, -0.004920, 46180.000000,-0.772319, -0.772319, -0.772319, -0.772319,74.288785, -36.341255, -11.395483
-0.706692, -5.132406, -5.516139, 5.986950, 10.705139, 0.508343, 0.227225, 0.322403, -0.032274, 46200.000000,-0.768949, -0.768949, -0.768949, -0.768949,77.673348, -30.172403, -19.782883
-1.168780, -4.893728, -5.243497, 5.373825, 9.529783, 0.543669, 0.190937, 0.351430, -0.035166, 46220.000000,-0.764280, -0.764280, -0.764280, -0.764280,79.104121, -24.218124, -26.908689
-1.114252, -4.342837, -4.673288, 2.484833, 8.288564, 0.864602, 0.155716, 0.366507, -0.051650, 46240.000000,-0.757664, -0.757664, -0.757664, -0.757664,79.366390, -18.403588, -32.741457
-0.749380, -3.775121, -4.393792, 0.247286, 8.299342, 0.723895, 0.093575, 0.377386, -0.052849, 46260.000000,-0.746846, -0.746846, -0.746846, -0.746846,79.279032, -12.388338, -37.644700
-0.603244, -3.826222, -4.441777, -1.232238, 8.917855, 0.122745, 0.082309, 0.391146, -0.059960, 46280.000000,-0.730284, -0.730284, -0.730284, -0.730284,79.033237, -6.174010, -42.537116
-0.734424, -4.295787, -4.278192, -0.734672, 9.588461, -0.558638, 0.037957, 0.397762, -0.059575, 46300.000000,-0.709811, -0.709811, -0.709811, -0.709811,78.371968, -0.638667, -47.889124
-0.703265, -4.456568, -3.780583, -0.493374, 9.365126, -0.490380, -0.001178, 0.400009, -0.058260, 46320.000000,-0.687769, -0.687769, -0.687769, -0.687769,77.315803, 3.963208, -53.317042
-0.596078, -4.395496, -3.478030, -1.552572, 8.383167, -0.182620, -0.028690, 0.399278, -0.058681, 46340.000000,-0.663630, -0.663630, -0.663630, -0.663630,75.959441, 8.263100, -58.674650
-0.537810, -4.260266, -3.314133, -2.375859, 7.791598, 0.273631, -0.061302, 0.399539, -0.051795, 46360.000000,-0.637985, -0.637985, -0.637985, -0.637985,74.225037, 12.381653, -63.967994
-0.384820, -4.004451, -3.050528, -2.964436, 7.609576, 0.411345, -0.088222, 0.394253, -0.047450, 46380.000000,-0.611262, -0.611262, -0.611262, -0.611262,72.392423, 16.160362, -69.041582
-0.285734, -3.767643, -2.867625, -3.133284, 6.364765, 0.862207, -0.116209, 0.394457, -0.033001, 46400.000000,-0.584125, -0.584125, -0.584125, -0.584125,70.299513, 19.709771, -73.988572
0.013392, -3.444524, -2.833973, -3.955375, 5.640870, 1.449586, -0.144315, 0.387884, -0.030596, 46420.000000,-0.554691, -0.554691, -0.554691, -0.554691,68.128219, 23.377094, -78.828349